[4.187s] Invoking command in '/home/sunrise/dev_ws/src/racing/racing_stage2': AMENT_PREFIX_PATH=/home/sunrise/dev_ws/install/qr_scanner:/home/sunrise/dev_ws/install/origincar_base:/home/sunrise/dev_ws/install/serial:/home/sunrise/dev_ws/install/origincar_msg:/home/sunrise/dev_ws/install/origincar_description:/home/sunrise/dev_ws/install/origincar_bringup:/home/sunrise/dev_ws/install/lslidar_driver:/home/sunrise/dev_ws/install/lslidar_msgs:/home/sunrise/dev_ws/install/ackermann_msgs:/opt/tros/humble:/opt/ros/humble PYTHONPATH=/home/sunrise/dev_ws/build/racing_stage2/prefix_override:/usr/lib/python3/dist-packages/colcon_core/task/python/colcon_distutils_commands:/home/sunrise/dev_ws/install/racing_stage2/lib/python3.10/site-packages:/home/sunrise/dev_ws/install/qr_scanner/lib/python3.10/site-packages:/home/sunrise/dev_ws/install/origincar_base/local/lib/python3.10/dist-packages:/home/sunrise/dev_ws/install/origincar_msg/local/lib/python3.10/dist-packages:/home/sunrise/dev_ws/install/lslidar_msgs/local/lib/python3.10/dist-packages:/home/sunrise/dev_ws/install/ackermann_msgs/local/lib/python3.10/dist-packages:/opt/tros/humble/lib/python3.10/site-packages:/opt/tros/humble/local/lib/python3.10/dist-packages:/opt/ros/humble/lib/python3.10/site-packages:/opt/ros/humble/local/lib/python3.10/dist-packages /usr/bin/python3 -W ignore:setup.py install is deprecated -W ignore:easy_install command is deprecated setup.py egg_info --egg-base ../../../build/racing_stage2 build --build-base /home/sunrise/dev_ws/build/racing_stage2/build install --record /home/sunrise/dev_ws/build/racing_stage2/install.log --single-version-externally-managed install_data
[5.786s] running egg_info
[5.790s] writing ../../../build/racing_stage2/racing_stage2.egg-info/PKG-INFO
[5.792s] writing dependency_links to ../../../build/racing_stage2/racing_stage2.egg-info/dependency_links.txt
[5.793s] writing entry points to ../../../build/racing_stage2/racing_stage2.egg-info/entry_points.txt
[5.794s] writing requirements to ../../../build/racing_stage2/racing_stage2.egg-info/requires.txt
[5.794s] writing top-level names to ../../../build/racing_stage2/racing_stage2.egg-info/top_level.txt
[5.807s] reading manifest file '../../../build/racing_stage2/racing_stage2.egg-info/SOURCES.txt'
[5.812s] writing manifest file '../../../build/racing_stage2/racing_stage2.egg-info/SOURCES.txt'
[5.813s] running build
[5.813s] running build_py
[5.814s] copying racing_stage2/__init__.py -> /home/sunrise/dev_ws/build/racing_stage2/build/lib/racing_stage2
[5.816s] running install
[5.818s] running install_lib
[5.823s] copying /home/sunrise/dev_ws/build/racing_stage2/build/lib/racing_stage2/__init__.py -> /home/sunrise/dev_ws/install/racing_stage2/lib/python3.10/site-packages/racing_stage2
[5.827s] byte-compiling /home/sunrise/dev_ws/install/racing_stage2/lib/python3.10/site-packages/racing_stage2/__init__.py to __init__.cpython-310.pyc
[5.828s] running install_data
[5.830s] running install_egg_info
[5.850s] removing '/home/sunrise/dev_ws/install/racing_stage2/lib/python3.10/site-packages/racing_stage2-0.0.1-py3.10.egg-info' (and everything under it)
[5.851s] Copying ../../../build/racing_stage2/racing_stage2.egg-info to /home/sunrise/dev_ws/install/racing_stage2/lib/python3.10/site-packages/racing_stage2-0.0.1-py3.10.egg-info
[5.856s] running install_scripts
[5.969s] Installing image_caption_node script to /home/sunrise/dev_ws/install/racing_stage2/lib/racing_stage2
[5.970s] Installing person_detection_node script to /home/sunrise/dev_ws/install/racing_stage2/lib/racing_stage2
[5.970s] Installing stage2_inertial_navigator script to /home/sunrise/dev_ws/install/racing_stage2/lib/racing_stage2
[5.972s] writing list of installed files to '/home/sunrise/dev_ws/build/racing_stage2/install.log'
[6.185s] Invoked command in '/home/sunrise/dev_ws/src/racing/racing_stage2' returned '0': AMENT_PREFIX_PATH=/home/sunrise/dev_ws/install/qr_scanner:/home/sunrise/dev_ws/install/origincar_base:/home/sunrise/dev_ws/install/serial:/home/sunrise/dev_ws/install/origincar_msg:/home/sunrise/dev_ws/install/origincar_description:/home/sunrise/dev_ws/install/origincar_bringup:/home/sunrise/dev_ws/install/lslidar_driver:/home/sunrise/dev_ws/install/lslidar_msgs:/home/sunrise/dev_ws/install/ackermann_msgs:/opt/tros/humble:/opt/ros/humble PYTHONPATH=/home/sunrise/dev_ws/build/racing_stage2/prefix_override:/usr/lib/python3/dist-packages/colcon_core/task/python/colcon_distutils_commands:/home/sunrise/dev_ws/install/racing_stage2/lib/python3.10/site-packages:/home/sunrise/dev_ws/install/qr_scanner/lib/python3.10/site-packages:/home/sunrise/dev_ws/install/origincar_base/local/lib/python3.10/dist-packages:/home/sunrise/dev_ws/install/origincar_msg/local/lib/python3.10/dist-packages:/home/sunrise/dev_ws/install/lslidar_msgs/local/lib/python3.10/dist-packages:/home/sunrise/dev_ws/install/ackermann_msgs/local/lib/python3.10/dist-packages:/opt/tros/humble/lib/python3.10/site-packages:/opt/tros/humble/local/lib/python3.10/dist-packages:/opt/ros/humble/lib/python3.10/site-packages:/opt/ros/humble/local/lib/python3.10/dist-packages /usr/bin/python3 -W ignore:setup.py install is deprecated -W ignore:easy_install command is deprecated setup.py egg_info --egg-base ../../../build/racing_stage2 build --build-base /home/sunrise/dev_ws/build/racing_stage2/build install --record /home/sunrise/dev_ws/build/racing_stage2/install.log --single-version-externally-managed install_data
