[4.509s] Invoking command in '/home/sunrise/dev_ws/src/racing/racing_stage1': AMENT_PREFIX_PATH=/home/sunrise/dev_ws/install/qr_scanner:/home/sunrise/dev_ws/install/origincar_base:/home/sunrise/dev_ws/install/serial:/home/sunrise/dev_ws/install/racing_stage2:/home/sunrise/dev_ws/install/racing_stage1:/home/sunrise/dev_ws/install/origincar_msg:/home/sunrise/dev_ws/install/origincar_description:/home/sunrise/dev_ws/install/origincar_bringup:/home/sunrise/dev_ws/install/lslidar_driver:/home/sunrise/dev_ws/install/lslidar_msgs:/home/sunrise/dev_ws/install/ackermann_msgs:/opt/tros/humble:/opt/ros/humble CMAKE_PREFIX_PATH=/home/sunrise/dev_ws/install/origincar_bringup:/home/sunrise/dev_ws/install/origincar_base:/home/sunrise/dev_ws/install/serial:/home/sunrise/dev_ws/install/origincar_msg:/home/sunrise/dev_ws/install/origincar_description:/home/sunrise/dev_ws/install/lslidar_driver:/home/sunrise/dev_ws/install/lslidar_msgs:/home/sunrise/dev_ws/install/ackermann_msgs PYTHONPATH=/home/sunrise/dev_ws/build/racing_stage1/prefix_override:/usr/lib/python3/dist-packages/colcon_core/task/python/colcon_distutils_commands:/home/sunrise/dev_ws/install/racing_stage1/lib/python3.10/site-packages:/home/sunrise/dev_ws/install/qr_scanner/lib/python3.10/site-packages:/home/sunrise/dev_ws/install/origincar_base/local/lib/python3.10/dist-packages:/home/sunrise/dev_ws/install/racing_stage2/lib/python3.10/site-packages:/home/sunrise/dev_ws/install/racing_stage1/lib/python3.10/site-packages:/home/sunrise/dev_ws/install/origincar_msg/local/lib/python3.10/dist-packages:/home/sunrise/dev_ws/install/lslidar_msgs/local/lib/python3.10/dist-packages:/home/sunrise/dev_ws/install/ackermann_msgs/local/lib/python3.10/dist-packages:/opt/tros/humble/lib/python3.10/site-packages:/opt/tros/humble/local/lib/python3.10/dist-packages:/opt/ros/humble/lib/python3.10/site-packages:/opt/ros/humble/local/lib/python3.10/dist-packages /usr/bin/python3 -W ignore:setup.py install is deprecated -W ignore:easy_install command is deprecated setup.py egg_info --egg-base ../../../build/racing_stage1 build --build-base /home/sunrise/dev_ws/build/racing_stage1/build install --record /home/sunrise/dev_ws/build/racing_stage1/install.log --single-version-externally-managed install_data
[6.216s] running egg_info
[6.222s] writing ../../../build/racing_stage1/racing_stage1.egg-info/PKG-INFO
[6.223s] writing dependency_links to ../../../build/racing_stage1/racing_stage1.egg-info/dependency_links.txt
[6.224s] writing entry points to ../../../build/racing_stage1/racing_stage1.egg-info/entry_points.txt
[6.225s] writing requirements to ../../../build/racing_stage1/racing_stage1.egg-info/requires.txt
[6.226s] writing top-level names to ../../../build/racing_stage1/racing_stage1.egg-info/top_level.txt
[6.237s] reading manifest file '../../../build/racing_stage1/racing_stage1.egg-info/SOURCES.txt'
[6.242s] writing manifest file '../../../build/racing_stage1/racing_stage1.egg-info/SOURCES.txt'
[6.243s] running build
[6.244s] running build_py
[6.245s] copying racing_stage1/competition_controller.py -> /home/sunrise/dev_ws/build/racing_stage1/build/lib/racing_stage1
[6.245s] running install
[6.247s] running install_lib
[6.252s] copying /home/sunrise/dev_ws/build/racing_stage1/build/lib/racing_stage1/competition_controller.py -> /home/sunrise/dev_ws/install/racing_stage1/lib/python3.10/site-packages/racing_stage1
[6.256s] byte-compiling /home/sunrise/dev_ws/install/racing_stage1/lib/python3.10/site-packages/racing_stage1/competition_controller.py to competition_controller.cpython-310.pyc
[6.281s] running install_data
[6.282s] copying config/stage1_controller.yaml -> /home/sunrise/dev_ws/install/racing_stage1/share/racing_stage1/config
[6.283s] running install_egg_info
[6.294s] removing '/home/sunrise/dev_ws/install/racing_stage1/lib/python3.10/site-packages/racing_stage1-0.0.1-py3.10.egg-info' (and everything under it)
[6.295s] Copying ../../../build/racing_stage1/racing_stage1.egg-info to /home/sunrise/dev_ws/install/racing_stage1/lib/python3.10/site-packages/racing_stage1-0.0.1-py3.10.egg-info
[6.300s] running install_scripts
[6.421s] Installing competition_controller script to /home/sunrise/dev_ws/install/racing_stage1/lib/racing_stage1
[6.422s] writing list of installed files to '/home/sunrise/dev_ws/build/racing_stage1/install.log'
[6.644s] Invoked command in '/home/sunrise/dev_ws/src/racing/racing_stage1' returned '0': AMENT_PREFIX_PATH=/home/sunrise/dev_ws/install/qr_scanner:/home/sunrise/dev_ws/install/origincar_base:/home/sunrise/dev_ws/install/serial:/home/sunrise/dev_ws/install/racing_stage2:/home/sunrise/dev_ws/install/racing_stage1:/home/sunrise/dev_ws/install/origincar_msg:/home/sunrise/dev_ws/install/origincar_description:/home/sunrise/dev_ws/install/origincar_bringup:/home/sunrise/dev_ws/install/lslidar_driver:/home/sunrise/dev_ws/install/lslidar_msgs:/home/sunrise/dev_ws/install/ackermann_msgs:/opt/tros/humble:/opt/ros/humble CMAKE_PREFIX_PATH=/home/sunrise/dev_ws/install/origincar_bringup:/home/sunrise/dev_ws/install/origincar_base:/home/sunrise/dev_ws/install/serial:/home/sunrise/dev_ws/install/origincar_msg:/home/sunrise/dev_ws/install/origincar_description:/home/sunrise/dev_ws/install/lslidar_driver:/home/sunrise/dev_ws/install/lslidar_msgs:/home/sunrise/dev_ws/install/ackermann_msgs PYTHONPATH=/home/sunrise/dev_ws/build/racing_stage1/prefix_override:/usr/lib/python3/dist-packages/colcon_core/task/python/colcon_distutils_commands:/home/sunrise/dev_ws/install/racing_stage1/lib/python3.10/site-packages:/home/sunrise/dev_ws/install/qr_scanner/lib/python3.10/site-packages:/home/sunrise/dev_ws/install/origincar_base/local/lib/python3.10/dist-packages:/home/sunrise/dev_ws/install/racing_stage2/lib/python3.10/site-packages:/home/sunrise/dev_ws/install/racing_stage1/lib/python3.10/site-packages:/home/sunrise/dev_ws/install/origincar_msg/local/lib/python3.10/dist-packages:/home/sunrise/dev_ws/install/lslidar_msgs/local/lib/python3.10/dist-packages:/home/sunrise/dev_ws/install/ackermann_msgs/local/lib/python3.10/dist-packages:/opt/tros/humble/lib/python3.10/site-packages:/opt/tros/humble/local/lib/python3.10/dist-packages:/opt/ros/humble/lib/python3.10/site-packages:/opt/ros/humble/local/lib/python3.10/dist-packages /usr/bin/python3 -W ignore:setup.py install is deprecated -W ignore:easy_install command is deprecated setup.py egg_info --egg-base ../../../build/racing_stage1 build --build-base /home/sunrise/dev_ws/build/racing_stage1/build install --record /home/sunrise/dev_ws/build/racing_stage1/install.log --single-version-externally-managed install_data
