[0.843s] DEBUG:colcon:Command line arguments: ['/usr/bin/colcon', 'build', '--packages-select', 'qr_scanner']
[0.843s] DEBUG:colcon:Parsed command line arguments: Namespace(log_base=None, log_level=None, verb_name='build', build_base='build', install_base='install', merge_install=False, symlink_install=False, test_result_base=None, continue_on_error=False, executor='parallel', parallel_workers=8, event_handlers=None, ignore_user_meta=False, metas=['./colcon.meta'], base_paths=['.'], packages_ignore=None, packages_ignore_regex=None, paths=None, packages_up_to=None, packages_up_to_regex=None, packages_above=None, packages_above_and_dependencies=None, packages_above_depth=None, packages_select_by_dep=None, packages_skip_by_dep=None, packages_skip_up_to=None, packages_select_build_failed=False, packages_skip_build_finished=False, packages_select_test_failures=False, packages_skip_test_passed=False, packages_select=['qr_scanner'], packages_skip=None, packages_select_regex=None, packages_skip_regex=None, packages_start=None, packages_end=None, allow_overriding=[], cmake_args=None, cmake_target=None, cmake_target_skip_unavailable=False, cmake_clean_cache=False, cmake_clean_first=False, cmake_force_configure=False, ament_cmake_args=None, catkin_cmake_args=None, catkin_skip_building_tests=False, verb_parser=<colcon_defaults.argument_parser.defaults.DefaultArgumentsDecorator object at 0xffff8071a0e0>, verb_extension=<colcon_core.verb.build.BuildVerb object at 0xffff808bbfa0>, main=<bound method BuildVerb.main of <colcon_core.verb.build.BuildVerb object at 0xffff808bbfa0>>)
[2.425s] Level 1:colcon.colcon_core.package_discovery:discover_packages(colcon_meta) check parameters
[2.426s] Level 1:colcon.colcon_core.package_discovery:discover_packages(recursive) check parameters
[2.426s] Level 1:colcon.colcon_core.package_discovery:discover_packages(ignore) check parameters
[2.427s] Level 1:colcon.colcon_core.package_discovery:discover_packages(path) check parameters
[2.427s] Level 1:colcon.colcon_core.package_discovery:discover_packages(colcon_meta) discover
[2.427s] Level 1:colcon.colcon_core.package_discovery:discover_packages(recursive) discover
[2.427s] INFO:colcon.colcon_core.package_discovery:Crawling recursively for packages in '/home/sunrise/dev_ws'
[2.428s] Level 1:colcon.colcon_core.package_identification:_identify(.) by extensions ['ignore', 'ignore_ament_install']
[2.428s] Level 1:colcon.colcon_core.package_identification:_identify(.) by extension 'ignore'
[2.429s] Level 1:colcon.colcon_core.package_identification:_identify(.) by extension 'ignore_ament_install'
[2.429s] Level 1:colcon.colcon_core.package_identification:_identify(.) by extensions ['colcon_pkg']
[2.429s] Level 1:colcon.colcon_core.package_identification:_identify(.) by extension 'colcon_pkg'
[2.430s] Level 1:colcon.colcon_core.package_identification:_identify(.) by extensions ['colcon_meta']
[2.430s] Level 1:colcon.colcon_core.package_identification:_identify(.) by extension 'colcon_meta'
[2.430s] Level 1:colcon.colcon_core.package_identification:_identify(.) by extensions ['ros']
[2.430s] Level 1:colcon.colcon_core.package_identification:_identify(.) by extension 'ros'
[2.515s] Level 1:colcon.colcon_core.package_identification:_identify(.) by extensions ['cmake', 'python']
[2.515s] Level 1:colcon.colcon_core.package_identification:_identify(.) by extension 'cmake'
[2.516s] Level 1:colcon.colcon_core.package_identification:_identify(.) by extension 'python'
[2.516s] Level 1:colcon.colcon_core.package_identification:_identify(.) by extensions ['python_setup_py']
[2.517s] Level 1:colcon.colcon_core.package_identification:_identify(.) by extension 'python_setup_py'
[2.517s] Level 1:colcon.colcon_core.package_identification:_identify(build) by extensions ['ignore', 'ignore_ament_install']
[2.518s] Level 1:colcon.colcon_core.package_identification:_identify(build) by extension 'ignore'
[2.518s] Level 1:colcon.colcon_core.package_identification:_identify(build) ignored
[2.520s] Level 1:colcon.colcon_core.package_identification:_identify(install) by extensions ['ignore', 'ignore_ament_install']
[2.521s] Level 1:colcon.colcon_core.package_identification:_identify(install) by extension 'ignore'
[2.521s] Level 1:colcon.colcon_core.package_identification:_identify(install) ignored
[2.522s] Level 1:colcon.colcon_core.package_identification:_identify(log) by extensions ['ignore', 'ignore_ament_install']
[2.523s] Level 1:colcon.colcon_core.package_identification:_identify(log) by extension 'ignore'
[2.524s] Level 1:colcon.colcon_core.package_identification:_identify(log) ignored
[2.524s] Level 1:colcon.colcon_core.package_identification:_identify(src) by extensions ['ignore', 'ignore_ament_install']
[2.525s] Level 1:colcon.colcon_core.package_identification:_identify(src) by extension 'ignore'
[2.525s] Level 1:colcon.colcon_core.package_identification:_identify(src) by extension 'ignore_ament_install'
[2.526s] Level 1:colcon.colcon_core.package_identification:_identify(src) by extensions ['colcon_pkg']
[2.526s] Level 1:colcon.colcon_core.package_identification:_identify(src) by extension 'colcon_pkg'
[2.526s] Level 1:colcon.colcon_core.package_identification:_identify(src) by extensions ['colcon_meta']
[2.527s] Level 1:colcon.colcon_core.package_identification:_identify(src) by extension 'colcon_meta'
[2.527s] Level 1:colcon.colcon_core.package_identification:_identify(src) by extensions ['ros']
[2.527s] Level 1:colcon.colcon_core.package_identification:_identify(src) by extension 'ros'
[2.528s] Level 1:colcon.colcon_core.package_identification:_identify(src) by extensions ['cmake', 'python']
[2.528s] Level 1:colcon.colcon_core.package_identification:_identify(src) by extension 'cmake'
[2.528s] Level 1:colcon.colcon_core.package_identification:_identify(src) by extension 'python'
[2.528s] Level 1:colcon.colcon_core.package_identification:_identify(src) by extensions ['python_setup_py']
[2.529s] Level 1:colcon.colcon_core.package_identification:_identify(src) by extension 'python_setup_py'
[2.529s] Level 1:colcon.colcon_core.package_identification:_identify(src/LSLIDAR_X_ROS2-20240228) by extensions ['ignore', 'ignore_ament_install']
[2.530s] Level 1:colcon.colcon_core.package_identification:_identify(src/LSLIDAR_X_ROS2-20240228) by extension 'ignore'
[2.530s] Level 1:colcon.colcon_core.package_identification:_identify(src/LSLIDAR_X_ROS2-20240228) by extension 'ignore_ament_install'
[2.530s] Level 1:colcon.colcon_core.package_identification:_identify(src/LSLIDAR_X_ROS2-20240228) by extensions ['colcon_pkg']
[2.530s] Level 1:colcon.colcon_core.package_identification:_identify(src/LSLIDAR_X_ROS2-20240228) by extension 'colcon_pkg'
[2.531s] Level 1:colcon.colcon_core.package_identification:_identify(src/LSLIDAR_X_ROS2-20240228) by extensions ['colcon_meta']
[2.531s] Level 1:colcon.colcon_core.package_identification:_identify(src/LSLIDAR_X_ROS2-20240228) by extension 'colcon_meta'
[2.531s] Level 1:colcon.colcon_core.package_identification:_identify(src/LSLIDAR_X_ROS2-20240228) by extensions ['ros']
[2.531s] Level 1:colcon.colcon_core.package_identification:_identify(src/LSLIDAR_X_ROS2-20240228) by extension 'ros'
[2.532s] Level 1:colcon.colcon_core.package_identification:_identify(src/LSLIDAR_X_ROS2-20240228) by extensions ['cmake', 'python']
[2.532s] Level 1:colcon.colcon_core.package_identification:_identify(src/LSLIDAR_X_ROS2-20240228) by extension 'cmake'
[2.532s] Level 1:colcon.colcon_core.package_identification:_identify(src/LSLIDAR_X_ROS2-20240228) by extension 'python'
[2.533s] Level 1:colcon.colcon_core.package_identification:_identify(src/LSLIDAR_X_ROS2-20240228) by extensions ['python_setup_py']
[2.533s] Level 1:colcon.colcon_core.package_identification:_identify(src/LSLIDAR_X_ROS2-20240228) by extension 'python_setup_py'
[2.533s] Level 1:colcon.colcon_core.package_identification:_identify(src/LSLIDAR_X_ROS2-20240228/src) by extensions ['ignore', 'ignore_ament_install']
[2.534s] Level 1:colcon.colcon_core.package_identification:_identify(src/LSLIDAR_X_ROS2-20240228/src) by extension 'ignore'
[2.534s] Level 1:colcon.colcon_core.package_identification:_identify(src/LSLIDAR_X_ROS2-20240228/src) by extension 'ignore_ament_install'
[2.535s] Level 1:colcon.colcon_core.package_identification:_identify(src/LSLIDAR_X_ROS2-20240228/src) by extensions ['colcon_pkg']
[2.535s] Level 1:colcon.colcon_core.package_identification:_identify(src/LSLIDAR_X_ROS2-20240228/src) by extension 'colcon_pkg'
[2.535s] Level 1:colcon.colcon_core.package_identification:_identify(src/LSLIDAR_X_ROS2-20240228/src) by extensions ['colcon_meta']
[2.535s] Level 1:colcon.colcon_core.package_identification:_identify(src/LSLIDAR_X_ROS2-20240228/src) by extension 'colcon_meta'
[2.536s] Level 1:colcon.colcon_core.package_identification:_identify(src/LSLIDAR_X_ROS2-20240228/src) by extensions ['ros']
[2.536s] Level 1:colcon.colcon_core.package_identification:_identify(src/LSLIDAR_X_ROS2-20240228/src) by extension 'ros'
[2.536s] Level 1:colcon.colcon_core.package_identification:_identify(src/LSLIDAR_X_ROS2-20240228/src) by extensions ['cmake', 'python']
[2.536s] Level 1:colcon.colcon_core.package_identification:_identify(src/LSLIDAR_X_ROS2-20240228/src) by extension 'cmake'
[2.537s] Level 1:colcon.colcon_core.package_identification:_identify(src/LSLIDAR_X_ROS2-20240228/src) by extension 'python'
[2.537s] Level 1:colcon.colcon_core.package_identification:_identify(src/LSLIDAR_X_ROS2-20240228/src) by extensions ['python_setup_py']
[2.537s] Level 1:colcon.colcon_core.package_identification:_identify(src/LSLIDAR_X_ROS2-20240228/src) by extension 'python_setup_py'
[2.538s] Level 1:colcon.colcon_core.package_identification:_identify(src/LSLIDAR_X_ROS2-20240228/src/lslidar_driver) by extensions ['ignore', 'ignore_ament_install']
[2.538s] Level 1:colcon.colcon_core.package_identification:_identify(src/LSLIDAR_X_ROS2-20240228/src/lslidar_driver) by extension 'ignore'
[2.538s] Level 1:colcon.colcon_core.package_identification:_identify(src/LSLIDAR_X_ROS2-20240228/src/lslidar_driver) by extension 'ignore_ament_install'
[2.539s] Level 1:colcon.colcon_core.package_identification:_identify(src/LSLIDAR_X_ROS2-20240228/src/lslidar_driver) by extensions ['colcon_pkg']
[2.539s] Level 1:colcon.colcon_core.package_identification:_identify(src/LSLIDAR_X_ROS2-20240228/src/lslidar_driver) by extension 'colcon_pkg'
[2.539s] Level 1:colcon.colcon_core.package_identification:_identify(src/LSLIDAR_X_ROS2-20240228/src/lslidar_driver) by extensions ['colcon_meta']
[2.539s] Level 1:colcon.colcon_core.package_identification:_identify(src/LSLIDAR_X_ROS2-20240228/src/lslidar_driver) by extension 'colcon_meta'
[2.540s] Level 1:colcon.colcon_core.package_identification:_identify(src/LSLIDAR_X_ROS2-20240228/src/lslidar_driver) by extensions ['ros']
[2.540s] Level 1:colcon.colcon_core.package_identification:_identify(src/LSLIDAR_X_ROS2-20240228/src/lslidar_driver) by extension 'ros'
[2.559s] DEBUG:colcon.colcon_core.package_identification:Package 'src/LSLIDAR_X_ROS2-20240228/src/lslidar_driver' with type 'ros.ament_cmake' and name 'lslidar_driver'
[2.560s] Level 1:colcon.colcon_core.package_identification:_identify(src/LSLIDAR_X_ROS2-20240228/src/lslidar_msgs) by extensions ['ignore', 'ignore_ament_install']
[2.561s] Level 1:colcon.colcon_core.package_identification:_identify(src/LSLIDAR_X_ROS2-20240228/src/lslidar_msgs) by extension 'ignore'
[2.561s] Level 1:colcon.colcon_core.package_identification:_identify(src/LSLIDAR_X_ROS2-20240228/src/lslidar_msgs) by extension 'ignore_ament_install'
[2.562s] Level 1:colcon.colcon_core.package_identification:_identify(src/LSLIDAR_X_ROS2-20240228/src/lslidar_msgs) by extensions ['colcon_pkg']
[2.562s] Level 1:colcon.colcon_core.package_identification:_identify(src/LSLIDAR_X_ROS2-20240228/src/lslidar_msgs) by extension 'colcon_pkg'
[2.562s] Level 1:colcon.colcon_core.package_identification:_identify(src/LSLIDAR_X_ROS2-20240228/src/lslidar_msgs) by extensions ['colcon_meta']
[2.562s] Level 1:colcon.colcon_core.package_identification:_identify(src/LSLIDAR_X_ROS2-20240228/src/lslidar_msgs) by extension 'colcon_meta'
[2.563s] Level 1:colcon.colcon_core.package_identification:_identify(src/LSLIDAR_X_ROS2-20240228/src/lslidar_msgs) by extensions ['ros']
[2.563s] Level 1:colcon.colcon_core.package_identification:_identify(src/LSLIDAR_X_ROS2-20240228/src/lslidar_msgs) by extension 'ros'
[2.568s] DEBUG:colcon.colcon_core.package_identification:Package 'src/LSLIDAR_X_ROS2-20240228/src/lslidar_msgs' with type 'ros.ament_cmake' and name 'lslidar_msgs'
[2.569s] Level 1:colcon.colcon_core.package_identification:_identify(src/config) by extensions ['ignore', 'ignore_ament_install']
[2.569s] Level 1:colcon.colcon_core.package_identification:_identify(src/config) by extension 'ignore'
[2.570s] Level 1:colcon.colcon_core.package_identification:_identify(src/config) by extension 'ignore_ament_install'
[2.570s] Level 1:colcon.colcon_core.package_identification:_identify(src/config) by extensions ['colcon_pkg']
[2.570s] Level 1:colcon.colcon_core.package_identification:_identify(src/config) by extension 'colcon_pkg'
[2.571s] Level 1:colcon.colcon_core.package_identification:_identify(src/config) by extensions ['colcon_meta']
[2.571s] Level 1:colcon.colcon_core.package_identification:_identify(src/config) by extension 'colcon_meta'
[2.571s] Level 1:colcon.colcon_core.package_identification:_identify(src/config) by extensions ['ros']
[2.571s] Level 1:colcon.colcon_core.package_identification:_identify(src/config) by extension 'ros'
[2.572s] Level 1:colcon.colcon_core.package_identification:_identify(src/config) by extensions ['cmake', 'python']
[2.572s] Level 1:colcon.colcon_core.package_identification:_identify(src/config) by extension 'cmake'
[2.572s] Level 1:colcon.colcon_core.package_identification:_identify(src/config) by extension 'python'
[2.573s] Level 1:colcon.colcon_core.package_identification:_identify(src/config) by extensions ['python_setup_py']
[2.573s] Level 1:colcon.colcon_core.package_identification:_identify(src/config) by extension 'python_setup_py'
[2.573s] Level 1:colcon.colcon_core.package_identification:_identify(src/origincar) by extensions ['ignore', 'ignore_ament_install']
[2.574s] Level 1:colcon.colcon_core.package_identification:_identify(src/origincar) by extension 'ignore'
[2.574s] Level 1:colcon.colcon_core.package_identification:_identify(src/origincar) by extension 'ignore_ament_install'
[2.575s] Level 1:colcon.colcon_core.package_identification:_identify(src/origincar) by extensions ['colcon_pkg']
[2.575s] Level 1:colcon.colcon_core.package_identification:_identify(src/origincar) by extension 'colcon_pkg'
[2.575s] Level 1:colcon.colcon_core.package_identification:_identify(src/origincar) by extensions ['colcon_meta']
[2.575s] Level 1:colcon.colcon_core.package_identification:_identify(src/origincar) by extension 'colcon_meta'
[2.575s] Level 1:colcon.colcon_core.package_identification:_identify(src/origincar) by extensions ['ros']
[2.576s] Level 1:colcon.colcon_core.package_identification:_identify(src/origincar) by extension 'ros'
[2.576s] Level 1:colcon.colcon_core.package_identification:_identify(src/origincar) by extensions ['cmake', 'python']
[2.576s] Level 1:colcon.colcon_core.package_identification:_identify(src/origincar) by extension 'cmake'
[2.577s] Level 1:colcon.colcon_core.package_identification:_identify(src/origincar) by extension 'python'
[2.577s] Level 1:colcon.colcon_core.package_identification:_identify(src/origincar) by extensions ['python_setup_py']
[2.577s] Level 1:colcon.colcon_core.package_identification:_identify(src/origincar) by extension 'python_setup_py'
[2.578s] Level 1:colcon.colcon_core.package_identification:_identify(src/origincar/3rdparty) by extensions ['ignore', 'ignore_ament_install']
[2.578s] Level 1:colcon.colcon_core.package_identification:_identify(src/origincar/3rdparty) by extension 'ignore'
[2.578s] Level 1:colcon.colcon_core.package_identification:_identify(src/origincar/3rdparty) by extension 'ignore_ament_install'
[2.579s] Level 1:colcon.colcon_core.package_identification:_identify(src/origincar/3rdparty) by extensions ['colcon_pkg']
[2.579s] Level 1:colcon.colcon_core.package_identification:_identify(src/origincar/3rdparty) by extension 'colcon_pkg'
[2.579s] Level 1:colcon.colcon_core.package_identification:_identify(src/origincar/3rdparty) by extensions ['colcon_meta']
[2.579s] Level 1:colcon.colcon_core.package_identification:_identify(src/origincar/3rdparty) by extension 'colcon_meta'
[2.580s] Level 1:colcon.colcon_core.package_identification:_identify(src/origincar/3rdparty) by extensions ['ros']
[2.580s] Level 1:colcon.colcon_core.package_identification:_identify(src/origincar/3rdparty) by extension 'ros'
[2.580s] Level 1:colcon.colcon_core.package_identification:_identify(src/origincar/3rdparty) by extensions ['cmake', 'python']
[2.581s] Level 1:colcon.colcon_core.package_identification:_identify(src/origincar/3rdparty) by extension 'cmake'
[2.581s] Level 1:colcon.colcon_core.package_identification:_identify(src/origincar/3rdparty) by extension 'python'
[2.581s] Level 1:colcon.colcon_core.package_identification:_identify(src/origincar/3rdparty) by extensions ['python_setup_py']
[2.581s] Level 1:colcon.colcon_core.package_identification:_identify(src/origincar/3rdparty) by extension 'python_setup_py'
[2.582s] Level 1:colcon.colcon_core.package_identification:_identify(src/origincar/3rdparty/ackermann_msgs-ros2) by extensions ['ignore', 'ignore_ament_install']
[2.582s] Level 1:colcon.colcon_core.package_identification:_identify(src/origincar/3rdparty/ackermann_msgs-ros2) by extension 'ignore'
[2.583s] Level 1:colcon.colcon_core.package_identification:_identify(src/origincar/3rdparty/ackermann_msgs-ros2) by extension 'ignore_ament_install'
[2.583s] Level 1:colcon.colcon_core.package_identification:_identify(src/origincar/3rdparty/ackermann_msgs-ros2) by extensions ['colcon_pkg']
[2.583s] Level 1:colcon.colcon_core.package_identification:_identify(src/origincar/3rdparty/ackermann_msgs-ros2) by extension 'colcon_pkg'
[2.583s] Level 1:colcon.colcon_core.package_identification:_identify(src/origincar/3rdparty/ackermann_msgs-ros2) by extensions ['colcon_meta']
[2.584s] Level 1:colcon.colcon_core.package_identification:_identify(src/origincar/3rdparty/ackermann_msgs-ros2) by extension 'colcon_meta'
[2.584s] Level 1:colcon.colcon_core.package_identification:_identify(src/origincar/3rdparty/ackermann_msgs-ros2) by extensions ['ros']
[2.584s] Level 1:colcon.colcon_core.package_identification:_identify(src/origincar/3rdparty/ackermann_msgs-ros2) by extension 'ros'
[2.590s] DEBUG:colcon.colcon_core.package_identification:Package 'src/origincar/3rdparty/ackermann_msgs-ros2' with type 'ros.ament_cmake' and name 'ackermann_msgs'
[2.591s] Level 1:colcon.colcon_core.package_identification:_identify(src/origincar/3rdparty/aurora930) by extensions ['ignore', 'ignore_ament_install']
[2.592s] Level 1:colcon.colcon_core.package_identification:_identify(src/origincar/3rdparty/aurora930) by extension 'ignore'
[2.593s] Level 1:colcon.colcon_core.package_identification:_identify(src/origincar/3rdparty/aurora930) by extension 'ignore_ament_install'
[2.593s] Level 1:colcon.colcon_core.package_identification:_identify(src/origincar/3rdparty/aurora930) by extensions ['colcon_pkg']
[2.593s] Level 1:colcon.colcon_core.package_identification:_identify(src/origincar/3rdparty/aurora930) by extension 'colcon_pkg'
[2.594s] Level 1:colcon.colcon_core.package_identification:_identify(src/origincar/3rdparty/aurora930) by extensions ['colcon_meta']
[2.594s] Level 1:colcon.colcon_core.package_identification:_identify(src/origincar/3rdparty/aurora930) by extension 'colcon_meta'
[2.594s] Level 1:colcon.colcon_core.package_identification:_identify(src/origincar/3rdparty/aurora930) by extensions ['ros']
[2.595s] Level 1:colcon.colcon_core.package_identification:_identify(src/origincar/3rdparty/aurora930) by extension 'ros'
[2.595s] Level 1:colcon.colcon_core.package_identification:_identify(src/origincar/3rdparty/aurora930) by extensions ['cmake', 'python']
[2.595s] Level 1:colcon.colcon_core.package_identification:_identify(src/origincar/3rdparty/aurora930) by extension 'cmake'
[2.596s] Level 1:colcon.colcon_core.package_identification:_identify(src/origincar/3rdparty/aurora930) by extension 'python'
[2.596s] Level 1:colcon.colcon_core.package_identification:_identify(src/origincar/3rdparty/aurora930) by extensions ['python_setup_py']
[2.596s] Level 1:colcon.colcon_core.package_identification:_identify(src/origincar/3rdparty/aurora930) by extension 'python_setup_py'
[2.597s] Level 1:colcon.colcon_core.package_identification:_identify(src/origincar/3rdparty/serial_ros2) by extensions ['ignore', 'ignore_ament_install']
[2.597s] Level 1:colcon.colcon_core.package_identification:_identify(src/origincar/3rdparty/serial_ros2) by extension 'ignore'
[2.598s] Level 1:colcon.colcon_core.package_identification:_identify(src/origincar/3rdparty/serial_ros2) by extension 'ignore_ament_install'
[2.598s] Level 1:colcon.colcon_core.package_identification:_identify(src/origincar/3rdparty/serial_ros2) by extensions ['colcon_pkg']
[2.598s] Level 1:colcon.colcon_core.package_identification:_identify(src/origincar/3rdparty/serial_ros2) by extension 'colcon_pkg'
[2.598s] Level 1:colcon.colcon_core.package_identification:_identify(src/origincar/3rdparty/serial_ros2) by extensions ['colcon_meta']
[2.599s] Level 1:colcon.colcon_core.package_identification:_identify(src/origincar/3rdparty/serial_ros2) by extension 'colcon_meta'
[2.599s] Level 1:colcon.colcon_core.package_identification:_identify(src/origincar/3rdparty/serial_ros2) by extensions ['ros']
[2.599s] Level 1:colcon.colcon_core.package_identification:_identify(src/origincar/3rdparty/serial_ros2) by extension 'ros'
[2.604s] DEBUG:colcon.colcon_core.package_identification:Package 'src/origincar/3rdparty/serial_ros2' with type 'ros.ament_cmake' and name 'serial'
[2.605s] Level 1:colcon.colcon_core.package_identification:_identify(src/origincar/line_follower_pkg) by extensions ['ignore', 'ignore_ament_install']
[2.606s] Level 1:colcon.colcon_core.package_identification:_identify(src/origincar/line_follower_pkg) by extension 'ignore'
[2.607s] Level 1:colcon.colcon_core.package_identification:_identify(src/origincar/line_follower_pkg) by extension 'ignore_ament_install'
[2.607s] Level 1:colcon.colcon_core.package_identification:_identify(src/origincar/line_follower_pkg) by extensions ['colcon_pkg']
[2.607s] Level 1:colcon.colcon_core.package_identification:_identify(src/origincar/line_follower_pkg) by extension 'colcon_pkg'
[2.608s] Level 1:colcon.colcon_core.package_identification:_identify(src/origincar/line_follower_pkg) by extensions ['colcon_meta']
[2.608s] Level 1:colcon.colcon_core.package_identification:_identify(src/origincar/line_follower_pkg) by extension 'colcon_meta'
[2.608s] Level 1:colcon.colcon_core.package_identification:_identify(src/origincar/line_follower_pkg) by extensions ['ros']
[2.609s] Level 1:colcon.colcon_core.package_identification:_identify(src/origincar/line_follower_pkg) by extension 'ros'
[2.614s] DEBUG:colcon.colcon_core.package_identification:Package 'src/origincar/line_follower_pkg' with type 'ros.ament_python' and name 'line_follower_pkg'
[2.615s] Level 1:colcon.colcon_core.package_identification:_identify(src/origincar/origincar_base) by extensions ['ignore', 'ignore_ament_install']
[2.615s] Level 1:colcon.colcon_core.package_identification:_identify(src/origincar/origincar_base) by extension 'ignore'
[2.616s] Level 1:colcon.colcon_core.package_identification:_identify(src/origincar/origincar_base) by extension 'ignore_ament_install'
[2.616s] Level 1:colcon.colcon_core.package_identification:_identify(src/origincar/origincar_base) by extensions ['colcon_pkg']
[2.616s] Level 1:colcon.colcon_core.package_identification:_identify(src/origincar/origincar_base) by extension 'colcon_pkg'
[2.616s] Level 1:colcon.colcon_core.package_identification:_identify(src/origincar/origincar_base) by extensions ['colcon_meta']
[2.617s] Level 1:colcon.colcon_core.package_identification:_identify(src/origincar/origincar_base) by extension 'colcon_meta'
[2.617s] Level 1:colcon.colcon_core.package_identification:_identify(src/origincar/origincar_base) by extensions ['ros']
[2.617s] Level 1:colcon.colcon_core.package_identification:_identify(src/origincar/origincar_base) by extension 'ros'
[2.631s] DEBUG:colcon.colcon_core.package_identification:Package 'src/origincar/origincar_base' with type 'ros.ament_cmake' and name 'origincar_base'
[2.632s] Level 1:colcon.colcon_core.package_identification:_identify(src/origincar/origincar_bringup) by extensions ['ignore', 'ignore_ament_install']
[2.632s] Level 1:colcon.colcon_core.package_identification:_identify(src/origincar/origincar_bringup) by extension 'ignore'
[2.633s] Level 1:colcon.colcon_core.package_identification:_identify(src/origincar/origincar_bringup) by extension 'ignore_ament_install'
[2.633s] Level 1:colcon.colcon_core.package_identification:_identify(src/origincar/origincar_bringup) by extensions ['colcon_pkg']
[2.634s] Level 1:colcon.colcon_core.package_identification:_identify(src/origincar/origincar_bringup) by extension 'colcon_pkg'
[2.634s] Level 1:colcon.colcon_core.package_identification:_identify(src/origincar/origincar_bringup) by extensions ['colcon_meta']
[2.634s] Level 1:colcon.colcon_core.package_identification:_identify(src/origincar/origincar_bringup) by extension 'colcon_meta'
[2.635s] Level 1:colcon.colcon_core.package_identification:_identify(src/origincar/origincar_bringup) by extensions ['ros']
[2.635s] Level 1:colcon.colcon_core.package_identification:_identify(src/origincar/origincar_bringup) by extension 'ros'
[2.642s] DEBUG:colcon.colcon_core.package_identification:Package 'src/origincar/origincar_bringup' with type 'ros.ament_cmake' and name 'origincar_bringup'
[2.642s] Level 1:colcon.colcon_core.package_identification:_identify(src/origincar/origincar_description) by extensions ['ignore', 'ignore_ament_install']
[2.643s] Level 1:colcon.colcon_core.package_identification:_identify(src/origincar/origincar_description) by extension 'ignore'
[2.643s] Level 1:colcon.colcon_core.package_identification:_identify(src/origincar/origincar_description) by extension 'ignore_ament_install'
[2.644s] Level 1:colcon.colcon_core.package_identification:_identify(src/origincar/origincar_description) by extensions ['colcon_pkg']
[2.644s] Level 1:colcon.colcon_core.package_identification:_identify(src/origincar/origincar_description) by extension 'colcon_pkg'
[2.645s] Level 1:colcon.colcon_core.package_identification:_identify(src/origincar/origincar_description) by extensions ['colcon_meta']
[2.645s] Level 1:colcon.colcon_core.package_identification:_identify(src/origincar/origincar_description) by extension 'colcon_meta'
[2.645s] Level 1:colcon.colcon_core.package_identification:_identify(src/origincar/origincar_description) by extensions ['ros']
[2.645s] Level 1:colcon.colcon_core.package_identification:_identify(src/origincar/origincar_description) by extension 'ros'
[2.650s] DEBUG:colcon.colcon_core.package_identification:Package 'src/origincar/origincar_description' with type 'ros.ament_cmake' and name 'origincar_description'
[2.651s] Level 1:colcon.colcon_core.package_identification:_identify(src/origincar/origincar_msg) by extensions ['ignore', 'ignore_ament_install']
[2.651s] Level 1:colcon.colcon_core.package_identification:_identify(src/origincar/origincar_msg) by extension 'ignore'
[2.652s] Level 1:colcon.colcon_core.package_identification:_identify(src/origincar/origincar_msg) by extension 'ignore_ament_install'
[2.653s] Level 1:colcon.colcon_core.package_identification:_identify(src/origincar/origincar_msg) by extensions ['colcon_pkg']
[2.653s] Level 1:colcon.colcon_core.package_identification:_identify(src/origincar/origincar_msg) by extension 'colcon_pkg'
[2.653s] Level 1:colcon.colcon_core.package_identification:_identify(src/origincar/origincar_msg) by extensions ['colcon_meta']
[2.654s] Level 1:colcon.colcon_core.package_identification:_identify(src/origincar/origincar_msg) by extension 'colcon_meta'
[2.654s] Level 1:colcon.colcon_core.package_identification:_identify(src/origincar/origincar_msg) by extensions ['ros']
[2.655s] Level 1:colcon.colcon_core.package_identification:_identify(src/origincar/origincar_msg) by extension 'ros'
[2.659s] DEBUG:colcon.colcon_core.package_identification:Package 'src/origincar/origincar_msg' with type 'ros.ament_cmake' and name 'origincar_msg'
[2.660s] Level 1:colcon.colcon_core.package_identification:_identify(src/origincar/utils) by extensions ['ignore', 'ignore_ament_install']
[2.661s] Level 1:colcon.colcon_core.package_identification:_identify(src/origincar/utils) by extension 'ignore'
[2.662s] Level 1:colcon.colcon_core.package_identification:_identify(src/origincar/utils) by extension 'ignore_ament_install'
[2.662s] Level 1:colcon.colcon_core.package_identification:_identify(src/origincar/utils) by extensions ['colcon_pkg']
[2.662s] Level 1:colcon.colcon_core.package_identification:_identify(src/origincar/utils) by extension 'colcon_pkg'
[2.663s] Level 1:colcon.colcon_core.package_identification:_identify(src/origincar/utils) by extensions ['colcon_meta']
[2.663s] Level 1:colcon.colcon_core.package_identification:_identify(src/origincar/utils) by extension 'colcon_meta'
[2.663s] Level 1:colcon.colcon_core.package_identification:_identify(src/origincar/utils) by extensions ['ros']
[2.663s] Level 1:colcon.colcon_core.package_identification:_identify(src/origincar/utils) by extension 'ros'
[2.669s] DEBUG:colcon.colcon_core.package_identification:Package 'src/origincar/utils' with type 'ros.ament_cmake' and name 'utils'
[2.669s] Level 1:colcon.colcon_core.package_identification:_identify(src/racing) by extensions ['ignore', 'ignore_ament_install']
[2.670s] Level 1:colcon.colcon_core.package_identification:_identify(src/racing) by extension 'ignore'
[2.671s] Level 1:colcon.colcon_core.package_identification:_identify(src/racing) by extension 'ignore_ament_install'
[2.671s] Level 1:colcon.colcon_core.package_identification:_identify(src/racing) by extensions ['colcon_pkg']
[2.671s] Level 1:colcon.colcon_core.package_identification:_identify(src/racing) by extension 'colcon_pkg'
[2.672s] Level 1:colcon.colcon_core.package_identification:_identify(src/racing) by extensions ['colcon_meta']
[2.672s] Level 1:colcon.colcon_core.package_identification:_identify(src/racing) by extension 'colcon_meta'
[2.672s] Level 1:colcon.colcon_core.package_identification:_identify(src/racing) by extensions ['ros']
[2.672s] Level 1:colcon.colcon_core.package_identification:_identify(src/racing) by extension 'ros'
[2.673s] Level 1:colcon.colcon_core.package_identification:_identify(src/racing) by extensions ['cmake', 'python']
[2.673s] Level 1:colcon.colcon_core.package_identification:_identify(src/racing) by extension 'cmake'
[2.673s] Level 1:colcon.colcon_core.package_identification:_identify(src/racing) by extension 'python'
[2.674s] Level 1:colcon.colcon_core.package_identification:_identify(src/racing) by extensions ['python_setup_py']
[2.674s] Level 1:colcon.colcon_core.package_identification:_identify(src/racing) by extension 'python_setup_py'
[2.675s] Level 1:colcon.colcon_core.package_identification:_identify(src/racing/bno055-main) by extensions ['ignore', 'ignore_ament_install']
[2.675s] Level 1:colcon.colcon_core.package_identification:_identify(src/racing/bno055-main) by extension 'ignore'
[2.675s] Level 1:colcon.colcon_core.package_identification:_identify(src/racing/bno055-main) by extension 'ignore_ament_install'
[2.676s] Level 1:colcon.colcon_core.package_identification:_identify(src/racing/bno055-main) by extensions ['colcon_pkg']
[2.676s] Level 1:colcon.colcon_core.package_identification:_identify(src/racing/bno055-main) by extension 'colcon_pkg'
[2.676s] Level 1:colcon.colcon_core.package_identification:_identify(src/racing/bno055-main) by extensions ['colcon_meta']
[2.676s] Level 1:colcon.colcon_core.package_identification:_identify(src/racing/bno055-main) by extension 'colcon_meta'
[2.677s] Level 1:colcon.colcon_core.package_identification:_identify(src/racing/bno055-main) by extensions ['ros']
[2.677s] Level 1:colcon.colcon_core.package_identification:_identify(src/racing/bno055-main) by extension 'ros'
[2.682s] DEBUG:colcon.colcon_core.package_identification:Package 'src/racing/bno055-main' with type 'ros.ament_python' and name 'bno055'
[2.683s] Level 1:colcon.colcon_core.package_identification:_identify(src/racing/qr_scanner) by extensions ['ignore', 'ignore_ament_install']
[2.683s] Level 1:colcon.colcon_core.package_identification:_identify(src/racing/qr_scanner) by extension 'ignore'
[2.684s] Level 1:colcon.colcon_core.package_identification:_identify(src/racing/qr_scanner) by extension 'ignore_ament_install'
[2.684s] Level 1:colcon.colcon_core.package_identification:_identify(src/racing/qr_scanner) by extensions ['colcon_pkg']
[2.684s] Level 1:colcon.colcon_core.package_identification:_identify(src/racing/qr_scanner) by extension 'colcon_pkg'
[2.685s] Level 1:colcon.colcon_core.package_identification:_identify(src/racing/qr_scanner) by extensions ['colcon_meta']
[2.685s] Level 1:colcon.colcon_core.package_identification:_identify(src/racing/qr_scanner) by extension 'colcon_meta'
[2.685s] Level 1:colcon.colcon_core.package_identification:_identify(src/racing/qr_scanner) by extensions ['ros']
[2.686s] Level 1:colcon.colcon_core.package_identification:_identify(src/racing/qr_scanner) by extension 'ros'
[2.692s] DEBUG:colcon.colcon_core.package_identification:Package 'src/racing/qr_scanner' with type 'ros.ament_python' and name 'qr_scanner'
[2.693s] Level 1:colcon.colcon_core.package_identification:_identify(src/racing/racing_control) by extensions ['ignore', 'ignore_ament_install']
[2.693s] Level 1:colcon.colcon_core.package_identification:_identify(src/racing/racing_control) by extension 'ignore'
[2.693s] Level 1:colcon.colcon_core.package_identification:_identify(src/racing/racing_control) by extension 'ignore_ament_install'
[2.694s] Level 1:colcon.colcon_core.package_identification:_identify(src/racing/racing_control) by extensions ['colcon_pkg']
[2.694s] Level 1:colcon.colcon_core.package_identification:_identify(src/racing/racing_control) by extension 'colcon_pkg'
[2.694s] Level 1:colcon.colcon_core.package_identification:_identify(src/racing/racing_control) by extensions ['colcon_meta']
[2.695s] Level 1:colcon.colcon_core.package_identification:_identify(src/racing/racing_control) by extension 'colcon_meta'
[2.695s] Level 1:colcon.colcon_core.package_identification:_identify(src/racing/racing_control) by extensions ['ros']
[2.695s] Level 1:colcon.colcon_core.package_identification:_identify(src/racing/racing_control) by extension 'ros'
[2.703s] DEBUG:colcon.colcon_core.package_identification:Package 'src/racing/racing_control' with type 'ros.ament_cmake' and name 'racing_control'
[2.704s] Level 1:colcon.colcon_core.package_identification:_identify(src/racing/racing_stage1) by extensions ['ignore', 'ignore_ament_install']
[2.705s] Level 1:colcon.colcon_core.package_identification:_identify(src/racing/racing_stage1) by extension 'ignore'
[2.705s] Level 1:colcon.colcon_core.package_identification:_identify(src/racing/racing_stage1) by extension 'ignore_ament_install'
[2.706s] Level 1:colcon.colcon_core.package_identification:_identify(src/racing/racing_stage1) by extensions ['colcon_pkg']
[2.706s] Level 1:colcon.colcon_core.package_identification:_identify(src/racing/racing_stage1) by extension 'colcon_pkg'
[2.706s] Level 1:colcon.colcon_core.package_identification:_identify(src/racing/racing_stage1) by extensions ['colcon_meta']
[2.707s] Level 1:colcon.colcon_core.package_identification:_identify(src/racing/racing_stage1) by extension 'colcon_meta'
[2.707s] Level 1:colcon.colcon_core.package_identification:_identify(src/racing/racing_stage1) by extensions ['ros']
[2.707s] Level 1:colcon.colcon_core.package_identification:_identify(src/racing/racing_stage1) by extension 'ros'
[2.714s] DEBUG:colcon.colcon_core.package_identification:Package 'src/racing/racing_stage1' with type 'ros.ament_python' and name 'racing_stage1'
[2.715s] Level 1:colcon.colcon_core.package_identification:_identify(src/racing/racing_stage2) by extensions ['ignore', 'ignore_ament_install']
[2.715s] Level 1:colcon.colcon_core.package_identification:_identify(src/racing/racing_stage2) by extension 'ignore'
[2.715s] Level 1:colcon.colcon_core.package_identification:_identify(src/racing/racing_stage2) by extension 'ignore_ament_install'
[2.716s] Level 1:colcon.colcon_core.package_identification:_identify(src/racing/racing_stage2) by extensions ['colcon_pkg']
[2.716s] Level 1:colcon.colcon_core.package_identification:_identify(src/racing/racing_stage2) by extension 'colcon_pkg'
[2.716s] Level 1:colcon.colcon_core.package_identification:_identify(src/racing/racing_stage2) by extensions ['colcon_meta']
[2.716s] Level 1:colcon.colcon_core.package_identification:_identify(src/racing/racing_stage2) by extension 'colcon_meta'
[2.717s] Level 1:colcon.colcon_core.package_identification:_identify(src/racing/racing_stage2) by extensions ['ros']
[2.717s] Level 1:colcon.colcon_core.package_identification:_identify(src/racing/racing_stage2) by extension 'ros'
[2.726s] DEBUG:colcon.colcon_core.package_identification:Package 'src/racing/racing_stage2' with type 'ros.ament_python' and name 'racing_stage2'
[2.727s] Level 1:colcon.colcon_core.package_identification:_identify(src/racing/racing_vision_ai) by extensions ['ignore', 'ignore_ament_install']
[2.727s] Level 1:colcon.colcon_core.package_identification:_identify(src/racing/racing_vision_ai) by extension 'ignore'
[2.728s] Level 1:colcon.colcon_core.package_identification:_identify(src/racing/racing_vision_ai) by extension 'ignore_ament_install'
[2.728s] Level 1:colcon.colcon_core.package_identification:_identify(src/racing/racing_vision_ai) by extensions ['colcon_pkg']
[2.728s] Level 1:colcon.colcon_core.package_identification:_identify(src/racing/racing_vision_ai) by extension 'colcon_pkg'
[2.729s] Level 1:colcon.colcon_core.package_identification:_identify(src/racing/racing_vision_ai) by extensions ['colcon_meta']
[2.729s] Level 1:colcon.colcon_core.package_identification:_identify(src/racing/racing_vision_ai) by extension 'colcon_meta'
[2.729s] Level 1:colcon.colcon_core.package_identification:_identify(src/racing/racing_vision_ai) by extensions ['ros']
[2.729s] Level 1:colcon.colcon_core.package_identification:_identify(src/racing/racing_vision_ai) by extension 'ros'
[2.735s] DEBUG:colcon.colcon_core.package_identification:Package 'src/racing/racing_vision_ai' with type 'ros.ament_python' and name 'racing_vision_ai'
[2.736s] Level 1:colcon.colcon_core.package_identification:_identify(src/racing/simple_avoidance) by extensions ['ignore', 'ignore_ament_install']
[2.736s] Level 1:colcon.colcon_core.package_identification:_identify(src/racing/simple_avoidance) by extension 'ignore'
[2.737s] Level 1:colcon.colcon_core.package_identification:_identify(src/racing/simple_avoidance) by extension 'ignore_ament_install'
[2.737s] Level 1:colcon.colcon_core.package_identification:_identify(src/racing/simple_avoidance) by extensions ['colcon_pkg']
[2.737s] Level 1:colcon.colcon_core.package_identification:_identify(src/racing/simple_avoidance) by extension 'colcon_pkg'
[2.738s] Level 1:colcon.colcon_core.package_identification:_identify(src/racing/simple_avoidance) by extensions ['colcon_meta']
[2.738s] Level 1:colcon.colcon_core.package_identification:_identify(src/racing/simple_avoidance) by extension 'colcon_meta'
[2.738s] Level 1:colcon.colcon_core.package_identification:_identify(src/racing/simple_avoidance) by extensions ['ros']
[2.738s] Level 1:colcon.colcon_core.package_identification:_identify(src/racing/simple_avoidance) by extension 'ros'
[2.744s] DEBUG:colcon.colcon_core.package_identification:Package 'src/racing/simple_avoidance' with type 'ros.ament_python' and name 'simple_avoidance'
[2.744s] Level 1:colcon.colcon_core.package_discovery:discover_packages(recursive) using defaults
[2.744s] Level 1:colcon.colcon_core.package_discovery:discover_packages(ignore) discover
[2.745s] Level 1:colcon.colcon_core.package_discovery:discover_packages(ignore) using defaults
[2.745s] Level 1:colcon.colcon_core.package_discovery:discover_packages(path) discover
[2.745s] Level 1:colcon.colcon_core.package_discovery:discover_packages(path) using defaults
[2.999s] INFO:colcon.colcon_core.package_selection:Skipping not selected package 'ackermann_msgs' in 'src/origincar/3rdparty/ackermann_msgs-ros2'
[2.999s] INFO:colcon.colcon_core.package_selection:Skipping not selected package 'bno055' in 'src/racing/bno055-main'
[3.000s] INFO:colcon.colcon_core.package_selection:Skipping not selected package 'line_follower_pkg' in 'src/origincar/line_follower_pkg'
[3.000s] INFO:colcon.colcon_core.package_selection:Skipping not selected package 'lslidar_msgs' in 'src/LSLIDAR_X_ROS2-20240228/src/lslidar_msgs'
[3.000s] INFO:colcon.colcon_core.package_selection:Skipping not selected package 'origincar_bringup' in 'src/origincar/origincar_bringup'
[3.000s] INFO:colcon.colcon_core.package_selection:Skipping not selected package 'origincar_description' in 'src/origincar/origincar_description'
[3.001s] INFO:colcon.colcon_core.package_selection:Skipping not selected package 'origincar_msg' in 'src/origincar/origincar_msg'
[3.001s] INFO:colcon.colcon_core.package_selection:Skipping not selected package 'racing_control' in 'src/racing/racing_control'
[3.001s] INFO:colcon.colcon_core.package_selection:Skipping not selected package 'racing_vision_ai' in 'src/racing/racing_vision_ai'
[3.001s] INFO:colcon.colcon_core.package_selection:Skipping not selected package 'serial' in 'src/origincar/3rdparty/serial_ros2'
[3.001s] INFO:colcon.colcon_core.package_selection:Skipping not selected package 'simple_avoidance' in 'src/racing/simple_avoidance'
[3.001s] INFO:colcon.colcon_core.package_selection:Skipping not selected package 'utils' in 'src/origincar/utils'
[3.002s] INFO:colcon.colcon_core.package_selection:Skipping not selected package 'lslidar_driver' in 'src/LSLIDAR_X_ROS2-20240228/src/lslidar_driver'
[3.002s] INFO:colcon.colcon_core.package_selection:Skipping not selected package 'origincar_base' in 'src/origincar/origincar_base'
[3.002s] INFO:colcon.colcon_core.package_selection:Skipping not selected package 'racing_stage1' in 'src/racing/racing_stage1'
[3.002s] INFO:colcon.colcon_core.package_selection:Skipping not selected package 'racing_stage2' in 'src/racing/racing_stage2'
[3.006s] Level 1:colcon.colcon_core.package_discovery:discover_packages(prefix_path) check parameters
[3.006s] Level 1:colcon.colcon_core.package_discovery:discover_packages(prefix_path) discover
[3.024s] DEBUG:colcon.colcon_installed_package_information.package_discovery:Found 12 installed packages in /home/sunrise/dev_ws/install
[3.028s] DEBUG:colcon.colcon_installed_package_information.package_discovery:Found 58 installed packages in /opt/tros/humble
[3.038s] DEBUG:colcon.colcon_installed_package_information.package_discovery:Found 292 installed packages in /opt/ros/humble
[3.050s] Level 1:colcon.colcon_core.package_discovery:discover_packages(prefix_path) using defaults
[3.376s] WARNING:colcon.colcon_core.package_selection:Some selected packages are already built in one or more underlay workspaces:
	'qr_scanner' is in: /home/sunrise/dev_ws/install/qr_scanner
If a package in a merged underlay workspace is overridden and it installs headers, then all packages in the overlay must sort their include directories by workspace order. Failure to do so may result in build failures or undefined behavior at run time.
If the overridden package is used by another package in any underlay, then the overriding package in the overlay must be API and ABI compatible or undefined behavior at run time may occur.

If you understand the risks and want to override a package anyways, add the following to the command line:
	--allow-overriding qr_scanner

This may be promoted to an error in a future release of colcon-override-check.
[3.384s] Level 5:colcon.colcon_core.verb:set package 'qr_scanner' build argument 'cmake_args' from command line to 'None'
[3.385s] Level 5:colcon.colcon_core.verb:set package 'qr_scanner' build argument 'cmake_target' from command line to 'None'
[3.385s] Level 5:colcon.colcon_core.verb:set package 'qr_scanner' build argument 'cmake_target_skip_unavailable' from command line to 'False'
[3.386s] Level 5:colcon.colcon_core.verb:set package 'qr_scanner' build argument 'cmake_clean_cache' from command line to 'False'
[3.386s] Level 5:colcon.colcon_core.verb:set package 'qr_scanner' build argument 'cmake_clean_first' from command line to 'False'
[3.386s] Level 5:colcon.colcon_core.verb:set package 'qr_scanner' build argument 'cmake_force_configure' from command line to 'False'
[3.386s] Level 5:colcon.colcon_core.verb:set package 'qr_scanner' build argument 'ament_cmake_args' from command line to 'None'
[3.386s] Level 5:colcon.colcon_core.verb:set package 'qr_scanner' build argument 'catkin_cmake_args' from command line to 'None'
[3.386s] Level 5:colcon.colcon_core.verb:set package 'qr_scanner' build argument 'catkin_skip_building_tests' from command line to 'False'
[3.387s] DEBUG:colcon.colcon_core.verb:Building package 'qr_scanner' with the following arguments: {'ament_cmake_args': None, 'build_base': '/home/sunrise/dev_ws/build/qr_scanner', 'catkin_cmake_args': None, 'catkin_skip_building_tests': False, 'cmake_args': None, 'cmake_clean_cache': False, 'cmake_clean_first': False, 'cmake_force_configure': False, 'cmake_target': None, 'cmake_target_skip_unavailable': False, 'install_base': '/home/sunrise/dev_ws/install/qr_scanner', 'merge_install': False, 'path': '/home/sunrise/dev_ws/src/racing/qr_scanner', 'symlink_install': False, 'test_result_base': None}
[3.388s] INFO:colcon.colcon_core.executor:Executing jobs using 'parallel' executor
[3.393s] DEBUG:colcon.colcon_parallel_executor.executor.parallel:run_until_complete
[3.394s] INFO:colcon.colcon_ros.task.ament_python.build:Building ROS package in '/home/sunrise/dev_ws/src/racing/qr_scanner' with build type 'ament_python'
[3.395s] Level 1:colcon.colcon_core.shell:create_environment_hook('qr_scanner', 'ament_prefix_path')
[3.421s] INFO:colcon.colcon_core.plugin_system:Skipping extension 'colcon_core.shell.bat': Not used on non-Windows systems
[3.422s] INFO:colcon.colcon_core.shell:Creating environment hook '/home/sunrise/dev_ws/install/qr_scanner/share/qr_scanner/hook/ament_prefix_path.ps1'
[3.427s] INFO:colcon.colcon_core.shell:Creating environment descriptor '/home/sunrise/dev_ws/install/qr_scanner/share/qr_scanner/hook/ament_prefix_path.dsv'
[3.430s] INFO:colcon.colcon_core.shell:Creating environment hook '/home/sunrise/dev_ws/install/qr_scanner/share/qr_scanner/hook/ament_prefix_path.sh'
[3.435s] INFO:colcon.colcon_core.shell:Skip shell extension 'powershell' for command environment: Not usable outside of PowerShell
[3.436s] DEBUG:colcon.colcon_core.shell:Skip shell extension 'dsv' for command environment
[5.379s] INFO:colcon.colcon_core.task.python.build:Building Python package in '/home/sunrise/dev_ws/src/racing/qr_scanner'
[5.380s] INFO:colcon.colcon_core.shell:Skip shell extension 'powershell' for command environment: Not usable outside of PowerShell
[5.381s] DEBUG:colcon.colcon_core.shell:Skip shell extension 'dsv' for command environment
[8.093s] DEBUG:colcon.colcon_core.event_handler.log_command:Invoking command in '/home/sunrise/dev_ws/src/racing/qr_scanner': PYTHONPATH=/home/sunrise/dev_ws/build/qr_scanner/prefix_override:/usr/lib/python3/dist-packages/colcon_core/task/python/colcon_distutils_commands:/home/sunrise/dev_ws/install/qr_scanner/lib/python3.10/site-packages:${PYTHONPATH} /usr/bin/python3 -W ignore:setup.py install is deprecated -W ignore:easy_install command is deprecated setup.py egg_info --egg-base ../../../build/qr_scanner build --build-base /home/sunrise/dev_ws/build/qr_scanner/build install --record /home/sunrise/dev_ws/build/qr_scanner/install.log --single-version-externally-managed install_data
[10.231s] DEBUG:colcon.colcon_core.event_handler.log_command:Invoked command in '/home/sunrise/dev_ws/src/racing/qr_scanner' returned '0': PYTHONPATH=/home/sunrise/dev_ws/build/qr_scanner/prefix_override:/usr/lib/python3/dist-packages/colcon_core/task/python/colcon_distutils_commands:/home/sunrise/dev_ws/install/qr_scanner/lib/python3.10/site-packages:${PYTHONPATH} /usr/bin/python3 -W ignore:setup.py install is deprecated -W ignore:easy_install command is deprecated setup.py egg_info --egg-base ../../../build/qr_scanner build --build-base /home/sunrise/dev_ws/build/qr_scanner/build install --record /home/sunrise/dev_ws/build/qr_scanner/install.log --single-version-externally-managed install_data
[10.277s] Level 1:colcon.colcon_core.environment:checking '/home/sunrise/dev_ws/install/qr_scanner' for CMake module files
[10.280s] Level 1:colcon.colcon_core.environment:checking '/home/sunrise/dev_ws/install/qr_scanner' for CMake config files
[10.284s] Level 1:colcon.colcon_core.environment:checking '/home/sunrise/dev_ws/install/qr_scanner/lib'
[10.285s] Level 1:colcon.colcon_core.environment:checking '/home/sunrise/dev_ws/install/qr_scanner/bin'
[10.286s] Level 1:colcon.colcon_core.environment:checking '/home/sunrise/dev_ws/install/qr_scanner/lib/pkgconfig/qr_scanner.pc'
[10.288s] Level 1:colcon.colcon_core.environment:checking '/home/sunrise/dev_ws/install/qr_scanner/lib/python3.10/site-packages'
[10.288s] Level 1:colcon.colcon_core.shell:create_environment_hook('qr_scanner', 'pythonpath')
[10.290s] INFO:colcon.colcon_core.shell:Creating environment hook '/home/sunrise/dev_ws/install/qr_scanner/share/qr_scanner/hook/pythonpath.ps1'
[10.293s] INFO:colcon.colcon_core.shell:Creating environment descriptor '/home/sunrise/dev_ws/install/qr_scanner/share/qr_scanner/hook/pythonpath.dsv'
[10.296s] INFO:colcon.colcon_core.shell:Creating environment hook '/home/sunrise/dev_ws/install/qr_scanner/share/qr_scanner/hook/pythonpath.sh'
[10.301s] Level 1:colcon.colcon_core.environment:checking '/home/sunrise/dev_ws/install/qr_scanner/bin'
[10.302s] Level 1:colcon.colcon_core.environment:create_environment_scripts_only(qr_scanner)
[10.304s] INFO:colcon.colcon_core.shell:Creating package script '/home/sunrise/dev_ws/install/qr_scanner/share/qr_scanner/package.ps1'
[10.313s] INFO:colcon.colcon_core.shell:Creating package descriptor '/home/sunrise/dev_ws/install/qr_scanner/share/qr_scanner/package.dsv'
[10.318s] INFO:colcon.colcon_core.shell:Creating package script '/home/sunrise/dev_ws/install/qr_scanner/share/qr_scanner/package.sh'
[10.324s] INFO:colcon.colcon_core.shell:Creating package script '/home/sunrise/dev_ws/install/qr_scanner/share/qr_scanner/package.bash'
[10.332s] INFO:colcon.colcon_core.shell:Creating package script '/home/sunrise/dev_ws/install/qr_scanner/share/qr_scanner/package.zsh'
[10.340s] Level 1:colcon.colcon_core.environment:create_file_with_runtime_dependencies(/home/sunrise/dev_ws/install/qr_scanner/share/colcon-core/packages/qr_scanner)
[10.341s] DEBUG:colcon.colcon_parallel_executor.executor.parallel:closing loop
[10.343s] DEBUG:colcon.colcon_parallel_executor.executor.parallel:loop closed
[10.343s] DEBUG:colcon.colcon_parallel_executor.executor.parallel:run_until_complete finished with '0'
[10.343s] DEBUG:colcon.colcon_core.event_reactor:joining thread
[10.345s] DEBUG:colcon.colcon_core.event_reactor:joined thread
[10.347s] INFO:colcon.colcon_core.shell:Creating prefix script '/home/sunrise/dev_ws/install/local_setup.ps1'
[10.354s] INFO:colcon.colcon_core.shell:Creating prefix util module '/home/sunrise/dev_ws/install/_local_setup_util_ps1.py'
[10.364s] INFO:colcon.colcon_core.shell:Creating prefix chain script '/home/sunrise/dev_ws/install/setup.ps1'
[10.374s] INFO:colcon.colcon_core.shell:Creating prefix script '/home/sunrise/dev_ws/install/local_setup.sh'
[10.378s] INFO:colcon.colcon_core.shell:Creating prefix util module '/home/sunrise/dev_ws/install/_local_setup_util_sh.py'
[10.382s] INFO:colcon.colcon_core.shell:Creating prefix chain script '/home/sunrise/dev_ws/install/setup.sh'
[10.391s] INFO:colcon.colcon_core.shell:Creating prefix script '/home/sunrise/dev_ws/install/local_setup.bash'
[10.395s] INFO:colcon.colcon_core.shell:Creating prefix chain script '/home/sunrise/dev_ws/install/setup.bash'
[10.406s] INFO:colcon.colcon_core.shell:Creating prefix script '/home/sunrise/dev_ws/install/local_setup.zsh'
[10.409s] INFO:colcon.colcon_core.shell:Creating prefix chain script '/home/sunrise/dev_ws/install/setup.zsh'
