[5.607s] Invoking command in '/home/sunrise/dev_ws/src/racing/racing_stage2': AMENT_PREFIX_PATH=/home/sunrise/dev_ws/install/racing_stage1:/home/sunrise/dev_ws/install/qr_scanner:/home/sunrise/dev_ws/install/origincar_base:/home/sunrise/dev_ws/install/serial:/home/sunrise/dev_ws/install/racing_bringup:/home/sunrise/dev_ws/install/racing_stage3:/home/sunrise/dev_ws/install/racing_stage2:/home/sunrise/dev_ws/install/origincar_msg:/home/sunrise/dev_ws/install/origincar_description:/home/sunrise/dev_ws/install/origincar_bringup:/home/sunrise/dev_ws/install/lslidar_driver:/home/sunrise/dev_ws/install/lslidar_msgs:/home/sunrise/dev_ws/install/bno055:/home/sunrise/dev_ws/install/ackermann_msgs:/opt/tros/humble:/opt/ros/humble CMAKE_PREFIX_PATH=/home/sunrise/dev_ws/install/origincar_bringup:/home/sunrise/dev_ws/install/origincar_base:/home/sunrise/dev_ws/install/serial:/home/sunrise/dev_ws/install/origincar_msg:/home/sunrise/dev_ws/install/origincar_description:/home/sunrise/dev_ws/install/lslidar_driver:/home/sunrise/dev_ws/install/lslidar_msgs:/home/sunrise/dev_ws/install/ackermann_msgs PYTHONPATH=/home/sunrise/dev_ws/build/racing_stage2/prefix_override:/usr/lib/python3/dist-packages/colcon_core/task/python/colcon_distutils_commands:/home/sunrise/dev_ws/install/racing_stage2/lib/python3.10/site-packages:/home/sunrise/dev_ws/install/racing_stage1/lib/python3.10/site-packages:/home/sunrise/dev_ws/install/qr_scanner/lib/python3.10/site-packages:/home/sunrise/dev_ws/install/origincar_base/local/lib/python3.10/dist-packages:/home/sunrise/dev_ws/install/racing_bringup/lib/python3.10/site-packages:/home/sunrise/dev_ws/install/racing_stage3/lib/python3.10/site-packages:/home/sunrise/dev_ws/install/racing_stage2/lib/python3.10/site-packages:/home/sunrise/dev_ws/install/origincar_msg/local/lib/python3.10/dist-packages:/home/sunrise/dev_ws/install/lslidar_msgs/local/lib/python3.10/dist-packages:/home/sunrise/dev_ws/install/bno055/lib/python3.10/site-packages:/home/sunrise/dev_ws/install/ackermann_msgs/local/lib/python3.10/dist-packages:/opt/tros/humble/lib/python3.10/site-packages:/opt/tros/humble/local/lib/python3.10/dist-packages:/opt/ros/humble/lib/python3.10/site-packages:/opt/ros/humble/local/lib/python3.10/dist-packages /usr/bin/python3 -W ignore:setup.py install is deprecated -W ignore:easy_install command is deprecated setup.py egg_info --egg-base ../../../build/racing_stage2 build --build-base /home/sunrise/dev_ws/build/racing_stage2/build install --record /home/sunrise/dev_ws/build/racing_stage2/install.log --single-version-externally-managed install_data
[7.717s] running egg_info
[7.725s] writing ../../../build/racing_stage2/racing_stage2.egg-info/PKG-INFO
[7.727s] writing dependency_links to ../../../build/racing_stage2/racing_stage2.egg-info/dependency_links.txt
[7.729s] writing entry points to ../../../build/racing_stage2/racing_stage2.egg-info/entry_points.txt
[7.731s] writing requirements to ../../../build/racing_stage2/racing_stage2.egg-info/requires.txt
[7.733s] writing top-level names to ../../../build/racing_stage2/racing_stage2.egg-info/top_level.txt
[7.745s] reading manifest file '../../../build/racing_stage2/racing_stage2.egg-info/SOURCES.txt'
[7.752s] writing manifest file '../../../build/racing_stage2/racing_stage2.egg-info/SOURCES.txt'
[7.753s] running build
[7.754s] running build_py
[7.755s] copying racing_stage2/stage2_inertial_navigator.py -> /home/sunrise/dev_ws/build/racing_stage2/build/lib/racing_stage2
[7.761s] running install
[7.763s] running install_lib
[7.764s] copying /home/sunrise/dev_ws/build/racing_stage2/build/lib/racing_stage2/stage2_inertial_navigator.py -> /home/sunrise/dev_ws/install/racing_stage2/lib/python3.10/site-packages/racing_stage2
[7.770s] byte-compiling /home/sunrise/dev_ws/install/racing_stage2/lib/python3.10/site-packages/racing_stage2/stage2_inertial_navigator.py to stage2_inertial_navigator.cpython-310.pyc
[7.824s] running install_data
[7.826s] running install_egg_info
[7.839s] removing '/home/sunrise/dev_ws/install/racing_stage2/lib/python3.10/site-packages/racing_stage2-0.0.1-py3.10.egg-info' (and everything under it)
[7.846s] Copying ../../../build/racing_stage2/racing_stage2.egg-info to /home/sunrise/dev_ws/install/racing_stage2/lib/python3.10/site-packages/racing_stage2-0.0.1-py3.10.egg-info
[7.847s] running install_scripts
[7.988s] Installing lidar_obstacle_circle_markers script to /home/sunrise/dev_ws/install/racing_stage2/lib/racing_stage2
[7.989s] Installing stage2_inertial_navigator script to /home/sunrise/dev_ws/install/racing_stage2/lib/racing_stage2
[7.990s] Installing stage2_standee_caption_node script to /home/sunrise/dev_ws/install/racing_stage2/lib/racing_stage2
[7.991s] Installing stage2_standee_detection_node script to /home/sunrise/dev_ws/install/racing_stage2/lib/racing_stage2
[7.994s] writing list of installed files to '/home/sunrise/dev_ws/build/racing_stage2/install.log'
[8.271s] Invoked command in '/home/sunrise/dev_ws/src/racing/racing_stage2' returned '0': AMENT_PREFIX_PATH=/home/sunrise/dev_ws/install/racing_stage1:/home/sunrise/dev_ws/install/qr_scanner:/home/sunrise/dev_ws/install/origincar_base:/home/sunrise/dev_ws/install/serial:/home/sunrise/dev_ws/install/racing_bringup:/home/sunrise/dev_ws/install/racing_stage3:/home/sunrise/dev_ws/install/racing_stage2:/home/sunrise/dev_ws/install/origincar_msg:/home/sunrise/dev_ws/install/origincar_description:/home/sunrise/dev_ws/install/origincar_bringup:/home/sunrise/dev_ws/install/lslidar_driver:/home/sunrise/dev_ws/install/lslidar_msgs:/home/sunrise/dev_ws/install/bno055:/home/sunrise/dev_ws/install/ackermann_msgs:/opt/tros/humble:/opt/ros/humble CMAKE_PREFIX_PATH=/home/sunrise/dev_ws/install/origincar_bringup:/home/sunrise/dev_ws/install/origincar_base:/home/sunrise/dev_ws/install/serial:/home/sunrise/dev_ws/install/origincar_msg:/home/sunrise/dev_ws/install/origincar_description:/home/sunrise/dev_ws/install/lslidar_driver:/home/sunrise/dev_ws/install/lslidar_msgs:/home/sunrise/dev_ws/install/ackermann_msgs PYTHONPATH=/home/sunrise/dev_ws/build/racing_stage2/prefix_override:/usr/lib/python3/dist-packages/colcon_core/task/python/colcon_distutils_commands:/home/sunrise/dev_ws/install/racing_stage2/lib/python3.10/site-packages:/home/sunrise/dev_ws/install/racing_stage1/lib/python3.10/site-packages:/home/sunrise/dev_ws/install/qr_scanner/lib/python3.10/site-packages:/home/sunrise/dev_ws/install/origincar_base/local/lib/python3.10/dist-packages:/home/sunrise/dev_ws/install/racing_bringup/lib/python3.10/site-packages:/home/sunrise/dev_ws/install/racing_stage3/lib/python3.10/site-packages:/home/sunrise/dev_ws/install/racing_stage2/lib/python3.10/site-packages:/home/sunrise/dev_ws/install/origincar_msg/local/lib/python3.10/dist-packages:/home/sunrise/dev_ws/install/lslidar_msgs/local/lib/python3.10/dist-packages:/home/sunrise/dev_ws/install/bno055/lib/python3.10/site-packages:/home/sunrise/dev_ws/install/ackermann_msgs/local/lib/python3.10/dist-packages:/opt/tros/humble/lib/python3.10/site-packages:/opt/tros/humble/local/lib/python3.10/dist-packages:/opt/ros/humble/lib/python3.10/site-packages:/opt/ros/humble/local/lib/python3.10/dist-packages /usr/bin/python3 -W ignore:setup.py install is deprecated -W ignore:easy_install command is deprecated setup.py egg_info --egg-base ../../../build/racing_stage2 build --build-base /home/sunrise/dev_ws/build/racing_stage2/build install --record /home/sunrise/dev_ws/build/racing_stage2/install.log --single-version-externally-managed install_data
