[6.309s] Invoking command in '/home/sunrise/dev_ws/src/racing/racing_stage3': PYTHONPATH=/home/sunrise/dev_ws/build/racing_stage3/prefix_override:/usr/lib/python3/dist-packages/colcon_core/task/python/colcon_distutils_commands:/home/sunrise/dev_ws/install/racing_stage3/lib/python3.10/site-packages:${PYTHONPATH} /usr/bin/python3 -W ignore:setup.py install is deprecated -W ignore:easy_install command is deprecated setup.py egg_info --egg-base ../../../build/racing_stage3 build --build-base /home/sunrise/dev_ws/build/racing_stage3/build install --record /home/sunrise/dev_ws/build/racing_stage3/install.log --single-version-externally-managed install_data
[8.016s] running egg_info
[8.022s] writing ../../../build/racing_stage3/racing_stage3.egg-info/PKG-INFO
[8.024s] writing dependency_links to ../../../build/racing_stage3/racing_stage3.egg-info/dependency_links.txt
[8.025s] writing entry points to ../../../build/racing_stage3/racing_stage3.egg-info/entry_points.txt
[8.026s] writing requirements to ../../../build/racing_stage3/racing_stage3.egg-info/requires.txt
[8.027s] writing top-level names to ../../../build/racing_stage3/racing_stage3.egg-info/top_level.txt
[8.036s] reading manifest file '../../../build/racing_stage3/racing_stage3.egg-info/SOURCES.txt'
[8.040s] writing manifest file '../../../build/racing_stage3/racing_stage3.egg-info/SOURCES.txt'
[8.042s] running build
[8.042s] running build_py
[8.044s] copying racing_stage3/stage3_return_navigator.py -> /home/sunrise/dev_ws/build/racing_stage3/build/lib/racing_stage3
[8.045s] running install
[8.046s] running install_lib
[8.050s] copying /home/sunrise/dev_ws/build/racing_stage3/build/lib/racing_stage3/stage3_return_navigator.py -> /home/sunrise/dev_ws/install/racing_stage3/lib/python3.10/site-packages/racing_stage3
[8.055s] byte-compiling /home/sunrise/dev_ws/install/racing_stage3/lib/python3.10/site-packages/racing_stage3/stage3_return_navigator.py to stage3_return_navigator.cpython-310.pyc
[8.082s] running install_data
[8.083s] copying package.xml -> /home/sunrise/dev_ws/install/racing_stage3/share/racing_stage3
[8.083s] copying launch/competition_support.launch.py -> /home/sunrise/dev_ws/install/racing_stage3/share/racing_stage3/launch
[8.084s] copying launch/competition_stage3.launch.py -> /home/sunrise/dev_ws/install/racing_stage3/share/racing_stage3/launch
[8.085s] copying config/return_stage3.yaml -> /home/sunrise/dev_ws/install/racing_stage3/share/racing_stage3/config
[8.086s] running install_egg_info
[8.097s] removing '/home/sunrise/dev_ws/install/racing_stage3/lib/python3.10/site-packages/racing_stage3-0.0.1-py3.10.egg-info' (and everything under it)
[8.098s] Copying ../../../build/racing_stage3/racing_stage3.egg-info to /home/sunrise/dev_ws/install/racing_stage3/lib/python3.10/site-packages/racing_stage3-0.0.1-py3.10.egg-info
[8.103s] running install_scripts
[8.225s] Installing stage3_return_navigator script to /home/sunrise/dev_ws/install/racing_stage3/lib/racing_stage3
[8.226s] writing list of installed files to '/home/sunrise/dev_ws/build/racing_stage3/install.log'
[8.458s] Invoked command in '/home/sunrise/dev_ws/src/racing/racing_stage3' returned '0': PYTHONPATH=/home/sunrise/dev_ws/build/racing_stage3/prefix_override:/usr/lib/python3/dist-packages/colcon_core/task/python/colcon_distutils_commands:/home/sunrise/dev_ws/install/racing_stage3/lib/python3.10/site-packages:${PYTHONPATH} /usr/bin/python3 -W ignore:setup.py install is deprecated -W ignore:easy_install command is deprecated setup.py egg_info --egg-base ../../../build/racing_stage3 build --build-base /home/sunrise/dev_ws/build/racing_stage3/build install --record /home/sunrise/dev_ws/build/racing_stage3/install.log --single-version-externally-managed install_data
