[4.492s] Invoking command in '/home/sunrise/dev_ws/src/racing/racing_stage1': AMENT_PREFIX_PATH=/home/sunrise/dev_ws/install/qr_scanner:/home/sunrise/dev_ws/install/origincar_base:/home/sunrise/dev_ws/install/serial:/home/sunrise/dev_ws/install/racing_stage2:/home/sunrise/dev_ws/install/racing_stage1:/home/sunrise/dev_ws/install/origincar_msg:/home/sunrise/dev_ws/install/origincar_description:/home/sunrise/dev_ws/install/origincar_bringup:/home/sunrise/dev_ws/install/lslidar_driver:/home/sunrise/dev_ws/install/lslidar_msgs:/home/sunrise/dev_ws/install/ackermann_msgs:/opt/tros/humble:/opt/ros/humble CMAKE_PREFIX_PATH=/home/sunrise/dev_ws/install/origincar_bringup:/home/sunrise/dev_ws/install/origincar_base:/home/sunrise/dev_ws/install/serial:/home/sunrise/dev_ws/install/origincar_msg:/home/sunrise/dev_ws/install/origincar_description:/home/sunrise/dev_ws/install/lslidar_driver:/home/sunrise/dev_ws/install/lslidar_msgs:/home/sunrise/dev_ws/install/ackermann_msgs PYTHONPATH=/home/sunrise/dev_ws/build/racing_stage1/prefix_override:/usr/lib/python3/dist-packages/colcon_core/task/python/colcon_distutils_commands:/home/sunrise/dev_ws/install/racing_stage1/lib/python3.10/site-packages:/home/sunrise/dev_ws/install/qr_scanner/lib/python3.10/site-packages:/home/sunrise/dev_ws/install/origincar_base/local/lib/python3.10/dist-packages:/home/sunrise/dev_ws/install/racing_stage2/lib/python3.10/site-packages:/home/sunrise/dev_ws/install/racing_stage1/lib/python3.10/site-packages:/home/sunrise/dev_ws/install/origincar_msg/local/lib/python3.10/dist-packages:/home/sunrise/dev_ws/install/lslidar_msgs/local/lib/python3.10/dist-packages:/home/sunrise/dev_ws/install/ackermann_msgs/local/lib/python3.10/dist-packages:/opt/tros/humble/lib/python3.10/site-packages:/opt/tros/humble/local/lib/python3.10/dist-packages:/opt/ros/humble/lib/python3.10/site-packages:/opt/ros/humble/local/lib/python3.10/dist-packages /usr/bin/python3 -W ignore:setup.py install is deprecated -W ignore:easy_install command is deprecated setup.py egg_info --egg-base ../../../build/racing_stage1 build --build-base /home/sunrise/dev_ws/build/racing_stage1/build install --record /home/sunrise/dev_ws/build/racing_stage1/install.log --single-version-externally-managed install_data
[6.187s] running egg_info
[6.194s] writing ../../../build/racing_stage1/racing_stage1.egg-info/PKG-INFO
[6.196s] writing dependency_links to ../../../build/racing_stage1/racing_stage1.egg-info/dependency_links.txt
[6.198s] writing entry points to ../../../build/racing_stage1/racing_stage1.egg-info/entry_points.txt
[6.201s] writing requirements to ../../../build/racing_stage1/racing_stage1.egg-info/requires.txt
[6.202s] writing top-level names to ../../../build/racing_stage1/racing_stage1.egg-info/top_level.txt
[6.211s] reading manifest file '../../../build/racing_stage1/racing_stage1.egg-info/SOURCES.txt'
[6.217s] writing manifest file '../../../build/racing_stage1/racing_stage1.egg-info/SOURCES.txt'
[6.219s] running build
[6.220s] running build_py
[6.221s] copying racing_stage1/competition_controller.py -> /home/sunrise/dev_ws/build/racing_stage1/build/lib/racing_stage1
[6.222s] running install
[6.226s] running install_lib
[6.228s] copying /home/sunrise/dev_ws/build/racing_stage1/build/lib/racing_stage1/competition_controller.py -> /home/sunrise/dev_ws/install/racing_stage1/lib/python3.10/site-packages/racing_stage1
[6.233s] byte-compiling /home/sunrise/dev_ws/install/racing_stage1/lib/python3.10/site-packages/racing_stage1/competition_controller.py to competition_controller.cpython-310.pyc
[6.259s] running install_data
[6.261s] copying config/stage1_controller.yaml -> /home/sunrise/dev_ws/install/racing_stage1/share/racing_stage1/config
[6.264s] running install_egg_info
[6.272s] removing '/home/sunrise/dev_ws/install/racing_stage1/lib/python3.10/site-packages/racing_stage1-0.0.1-py3.10.egg-info' (and everything under it)
[6.274s] Copying ../../../build/racing_stage1/racing_stage1.egg-info to /home/sunrise/dev_ws/install/racing_stage1/lib/python3.10/site-packages/racing_stage1-0.0.1-py3.10.egg-info
[6.280s] running install_scripts
[6.422s] Installing competition_controller script to /home/sunrise/dev_ws/install/racing_stage1/lib/racing_stage1
[6.425s] writing list of installed files to '/home/sunrise/dev_ws/build/racing_stage1/install.log'
[6.694s] Invoked command in '/home/sunrise/dev_ws/src/racing/racing_stage1' returned '0': AMENT_PREFIX_PATH=/home/sunrise/dev_ws/install/qr_scanner:/home/sunrise/dev_ws/install/origincar_base:/home/sunrise/dev_ws/install/serial:/home/sunrise/dev_ws/install/racing_stage2:/home/sunrise/dev_ws/install/racing_stage1:/home/sunrise/dev_ws/install/origincar_msg:/home/sunrise/dev_ws/install/origincar_description:/home/sunrise/dev_ws/install/origincar_bringup:/home/sunrise/dev_ws/install/lslidar_driver:/home/sunrise/dev_ws/install/lslidar_msgs:/home/sunrise/dev_ws/install/ackermann_msgs:/opt/tros/humble:/opt/ros/humble CMAKE_PREFIX_PATH=/home/sunrise/dev_ws/install/origincar_bringup:/home/sunrise/dev_ws/install/origincar_base:/home/sunrise/dev_ws/install/serial:/home/sunrise/dev_ws/install/origincar_msg:/home/sunrise/dev_ws/install/origincar_description:/home/sunrise/dev_ws/install/lslidar_driver:/home/sunrise/dev_ws/install/lslidar_msgs:/home/sunrise/dev_ws/install/ackermann_msgs PYTHONPATH=/home/sunrise/dev_ws/build/racing_stage1/prefix_override:/usr/lib/python3/dist-packages/colcon_core/task/python/colcon_distutils_commands:/home/sunrise/dev_ws/install/racing_stage1/lib/python3.10/site-packages:/home/sunrise/dev_ws/install/qr_scanner/lib/python3.10/site-packages:/home/sunrise/dev_ws/install/origincar_base/local/lib/python3.10/dist-packages:/home/sunrise/dev_ws/install/racing_stage2/lib/python3.10/site-packages:/home/sunrise/dev_ws/install/racing_stage1/lib/python3.10/site-packages:/home/sunrise/dev_ws/install/origincar_msg/local/lib/python3.10/dist-packages:/home/sunrise/dev_ws/install/lslidar_msgs/local/lib/python3.10/dist-packages:/home/sunrise/dev_ws/install/ackermann_msgs/local/lib/python3.10/dist-packages:/opt/tros/humble/lib/python3.10/site-packages:/opt/tros/humble/local/lib/python3.10/dist-packages:/opt/ros/humble/lib/python3.10/site-packages:/opt/ros/humble/local/lib/python3.10/dist-packages /usr/bin/python3 -W ignore:setup.py install is deprecated -W ignore:easy_install command is deprecated setup.py egg_info --egg-base ../../../build/racing_stage1 build --build-base /home/sunrise/dev_ws/build/racing_stage1/build install --record /home/sunrise/dev_ws/build/racing_stage1/install.log --single-version-externally-managed install_data
