running egg_info
writing ../../../build/racing_stage1/racing_stage1.egg-info/PKG-INFO
writing dependency_links to ../../../build/racing_stage1/racing_stage1.egg-info/dependency_links.txt
writing entry points to ../../../build/racing_stage1/racing_stage1.egg-info/entry_points.txt
writing requirements to ../../../build/racing_stage1/racing_stage1.egg-info/requires.txt
writing top-level names to ../../../build/racing_stage1/racing_stage1.egg-info/top_level.txt
reading manifest file '../../../build/racing_stage1/racing_stage1.egg-info/SOURCES.txt'
writing manifest file '../../../build/racing_stage1/racing_stage1.egg-info/SOURCES.txt'
running build
running build_py
running install
running install_lib
running install_data
copying launch/competition_stage1.launch.py -> /home/sunrise/dev_ws/install/racing_stage1/share/racing_stage1/launch
running install_egg_info
removing '/home/sunrise/dev_ws/install/racing_stage1/lib/python3.10/site-packages/racing_stage1-0.0.1-py3.10.egg-info' (and everything under it)
Copying ../../../build/racing_stage1/racing_stage1.egg-info to /home/sunrise/dev_ws/install/racing_stage1/lib/python3.10/site-packages/racing_stage1-0.0.1-py3.10.egg-info
running install_scripts
Installing competition_controller script to /home/sunrise/dev_ws/install/racing_stage1/lib/racing_stage1
writing list of installed files to '/home/sunrise/dev_ws/build/racing_stage1/install.log'
