[6.414s] Invoking command in '/home/sunrise/dev_ws/src/racing/qr_scanner': PYTHONPATH=/home/sunrise/dev_ws/build/qr_scanner/prefix_override:/usr/lib/python3/dist-packages/colcon_core/task/python/colcon_distutils_commands:/home/sunrise/dev_ws/install/qr_scanner/lib/python3.10/site-packages:${PYTHONPATH} /usr/bin/python3 -W ignore:setup.py install is deprecated -W ignore:easy_install command is deprecated setup.py egg_info --egg-base ../../../build/qr_scanner build --build-base /home/sunrise/dev_ws/build/qr_scanner/build install --record /home/sunrise/dev_ws/build/qr_scanner/install.log --single-version-externally-managed install_data
[8.151s] running egg_info
[8.157s] writing ../../../build/qr_scanner/qr_scanner.egg-info/PKG-INFO
[8.159s] writing dependency_links to ../../../build/qr_scanner/qr_scanner.egg-info/dependency_links.txt
[8.160s] writing entry points to ../../../build/qr_scanner/qr_scanner.egg-info/entry_points.txt
[8.161s] writing requirements to ../../../build/qr_scanner/qr_scanner.egg-info/requires.txt
[8.162s] writing top-level names to ../../../build/qr_scanner/qr_scanner.egg-info/top_level.txt
[8.175s] reading manifest file '../../../build/qr_scanner/qr_scanner.egg-info/SOURCES.txt'
[8.181s] writing manifest file '../../../build/qr_scanner/qr_scanner.egg-info/SOURCES.txt'
[8.182s] running build
[8.182s] running build_py
[8.184s] running install
[8.186s] running install_lib
[8.195s] running install_data
[8.196s] running install_egg_info
[8.217s] removing '/home/sunrise/dev_ws/install/qr_scanner/lib/python3.10/site-packages/qr_scanner-0.0.1-py3.10.egg-info' (and everything under it)
[8.219s] Copying ../../../build/qr_scanner/qr_scanner.egg-info to /home/sunrise/dev_ws/install/qr_scanner/lib/python3.10/site-packages/qr_scanner-0.0.1-py3.10.egg-info
[8.226s] running install_scripts
[8.346s] Installing qr_scanner script to /home/sunrise/dev_ws/install/qr_scanner/lib/qr_scanner
[8.348s] writing list of installed files to '/home/sunrise/dev_ws/build/qr_scanner/install.log'
[8.568s] Invoked command in '/home/sunrise/dev_ws/src/racing/qr_scanner' returned '0': PYTHONPATH=/home/sunrise/dev_ws/build/qr_scanner/prefix_override:/usr/lib/python3/dist-packages/colcon_core/task/python/colcon_distutils_commands:/home/sunrise/dev_ws/install/qr_scanner/lib/python3.10/site-packages:${PYTHONPATH} /usr/bin/python3 -W ignore:setup.py install is deprecated -W ignore:easy_install command is deprecated setup.py egg_info --egg-base ../../../build/qr_scanner build --build-base /home/sunrise/dev_ws/build/qr_scanner/build install --record /home/sunrise/dev_ws/build/qr_scanner/install.log --single-version-externally-managed install_data
