[4.992s] Invoking command in '/home/sunrise/dev_ws/src/racing/racing_stage2': AMENT_PREFIX_PATH=/home/sunrise/dev_ws/install/racing_stage1:/home/sunrise/dev_ws/install/qr_scanner:/home/sunrise/dev_ws/install/origincar_base:/home/sunrise/dev_ws/install/serial:/home/sunrise/dev_ws/install/racing_bringup:/home/sunrise/dev_ws/install/racing_stage3:/home/sunrise/dev_ws/install/racing_stage2:/home/sunrise/dev_ws/install/origincar_msg:/home/sunrise/dev_ws/install/origincar_description:/home/sunrise/dev_ws/install/origincar_bringup:/home/sunrise/dev_ws/install/lslidar_driver:/home/sunrise/dev_ws/install/lslidar_msgs:/home/sunrise/dev_ws/install/bno055:/home/sunrise/dev_ws/install/ackermann_msgs:/opt/tros/humble:/opt/ros/humble CMAKE_PREFIX_PATH=/home/sunrise/dev_ws/install/origincar_bringup:/home/sunrise/dev_ws/install/origincar_base:/home/sunrise/dev_ws/install/serial:/home/sunrise/dev_ws/install/origincar_msg:/home/sunrise/dev_ws/install/origincar_description:/home/sunrise/dev_ws/install/lslidar_driver:/home/sunrise/dev_ws/install/lslidar_msgs:/home/sunrise/dev_ws/install/ackermann_msgs PYTHONPATH=/home/sunrise/dev_ws/build/racing_stage2/prefix_override:/usr/lib/python3/dist-packages/colcon_core/task/python/colcon_distutils_commands:/home/sunrise/dev_ws/install/racing_stage2/lib/python3.10/site-packages:/home/sunrise/dev_ws/install/racing_stage1/lib/python3.10/site-packages:/home/sunrise/dev_ws/install/qr_scanner/lib/python3.10/site-packages:/home/sunrise/dev_ws/install/origincar_base/local/lib/python3.10/dist-packages:/home/sunrise/dev_ws/install/racing_bringup/lib/python3.10/site-packages:/home/sunrise/dev_ws/install/racing_stage3/lib/python3.10/site-packages:/home/sunrise/dev_ws/install/racing_stage2/lib/python3.10/site-packages:/home/sunrise/dev_ws/install/origincar_msg/local/lib/python3.10/dist-packages:/home/sunrise/dev_ws/install/lslidar_msgs/local/lib/python3.10/dist-packages:/home/sunrise/dev_ws/install/bno055/lib/python3.10/site-packages:/home/sunrise/dev_ws/install/ackermann_msgs/local/lib/python3.10/dist-packages:/opt/tros/humble/lib/python3.10/site-packages:/opt/tros/humble/local/lib/python3.10/dist-packages:/opt/ros/humble/lib/python3.10/site-packages:/opt/ros/humble/local/lib/python3.10/dist-packages /usr/bin/python3 -W ignore:setup.py install is deprecated -W ignore:easy_install command is deprecated setup.py egg_info --egg-base ../../../build/racing_stage2 build --build-base /home/sunrise/dev_ws/build/racing_stage2/build install --record /home/sunrise/dev_ws/build/racing_stage2/install.log --single-version-externally-managed install_data
[7.016s] running egg_info
[7.023s] writing ../../../build/racing_stage2/racing_stage2.egg-info/PKG-INFO
[7.024s] writing dependency_links to ../../../build/racing_stage2/racing_stage2.egg-info/dependency_links.txt
[7.025s] writing entry points to ../../../build/racing_stage2/racing_stage2.egg-info/entry_points.txt
[7.026s] writing requirements to ../../../build/racing_stage2/racing_stage2.egg-info/requires.txt
[7.027s] writing top-level names to ../../../build/racing_stage2/racing_stage2.egg-info/top_level.txt
[7.039s] reading manifest file '../../../build/racing_stage2/racing_stage2.egg-info/SOURCES.txt'
[7.044s] writing manifest file '../../../build/racing_stage2/racing_stage2.egg-info/SOURCES.txt'
[7.045s] running build
[7.045s] running build_py
[7.046s] copying racing_stage2/stage2_inertial_navigator.py -> /home/sunrise/dev_ws/build/racing_stage2/build/lib/racing_stage2
[7.047s] running install
[7.049s] running install_lib
[7.053s] copying /home/sunrise/dev_ws/build/racing_stage2/build/lib/racing_stage2/stage2_inertial_navigator.py -> /home/sunrise/dev_ws/install/racing_stage2/lib/python3.10/site-packages/racing_stage2
[7.058s] byte-compiling /home/sunrise/dev_ws/install/racing_stage2/lib/python3.10/site-packages/racing_stage2/stage2_inertial_navigator.py to stage2_inertial_navigator.cpython-310.pyc
[7.129s] running install_data
[7.132s] running install_egg_info
[7.144s] removing '/home/sunrise/dev_ws/install/racing_stage2/lib/python3.10/site-packages/racing_stage2-0.0.1-py3.10.egg-info' (and everything under it)
[7.146s] Copying ../../../build/racing_stage2/racing_stage2.egg-info to /home/sunrise/dev_ws/install/racing_stage2/lib/python3.10/site-packages/racing_stage2-0.0.1-py3.10.egg-info
[7.151s] running install_scripts
[7.287s] Installing lidar_obstacle_circle_markers script to /home/sunrise/dev_ws/install/racing_stage2/lib/racing_stage2
[7.288s] Installing stage2_inertial_navigator script to /home/sunrise/dev_ws/install/racing_stage2/lib/racing_stage2
[7.290s] writing list of installed files to '/home/sunrise/dev_ws/build/racing_stage2/install.log'
[7.534s] Invoked command in '/home/sunrise/dev_ws/src/racing/racing_stage2' returned '0': AMENT_PREFIX_PATH=/home/sunrise/dev_ws/install/racing_stage1:/home/sunrise/dev_ws/install/qr_scanner:/home/sunrise/dev_ws/install/origincar_base:/home/sunrise/dev_ws/install/serial:/home/sunrise/dev_ws/install/racing_bringup:/home/sunrise/dev_ws/install/racing_stage3:/home/sunrise/dev_ws/install/racing_stage2:/home/sunrise/dev_ws/install/origincar_msg:/home/sunrise/dev_ws/install/origincar_description:/home/sunrise/dev_ws/install/origincar_bringup:/home/sunrise/dev_ws/install/lslidar_driver:/home/sunrise/dev_ws/install/lslidar_msgs:/home/sunrise/dev_ws/install/bno055:/home/sunrise/dev_ws/install/ackermann_msgs:/opt/tros/humble:/opt/ros/humble CMAKE_PREFIX_PATH=/home/sunrise/dev_ws/install/origincar_bringup:/home/sunrise/dev_ws/install/origincar_base:/home/sunrise/dev_ws/install/serial:/home/sunrise/dev_ws/install/origincar_msg:/home/sunrise/dev_ws/install/origincar_description:/home/sunrise/dev_ws/install/lslidar_driver:/home/sunrise/dev_ws/install/lslidar_msgs:/home/sunrise/dev_ws/install/ackermann_msgs PYTHONPATH=/home/sunrise/dev_ws/build/racing_stage2/prefix_override:/usr/lib/python3/dist-packages/colcon_core/task/python/colcon_distutils_commands:/home/sunrise/dev_ws/install/racing_stage2/lib/python3.10/site-packages:/home/sunrise/dev_ws/install/racing_stage1/lib/python3.10/site-packages:/home/sunrise/dev_ws/install/qr_scanner/lib/python3.10/site-packages:/home/sunrise/dev_ws/install/origincar_base/local/lib/python3.10/dist-packages:/home/sunrise/dev_ws/install/racing_bringup/lib/python3.10/site-packages:/home/sunrise/dev_ws/install/racing_stage3/lib/python3.10/site-packages:/home/sunrise/dev_ws/install/racing_stage2/lib/python3.10/site-packages:/home/sunrise/dev_ws/install/origincar_msg/local/lib/python3.10/dist-packages:/home/sunrise/dev_ws/install/lslidar_msgs/local/lib/python3.10/dist-packages:/home/sunrise/dev_ws/install/bno055/lib/python3.10/site-packages:/home/sunrise/dev_ws/install/ackermann_msgs/local/lib/python3.10/dist-packages:/opt/tros/humble/lib/python3.10/site-packages:/opt/tros/humble/local/lib/python3.10/dist-packages:/opt/ros/humble/lib/python3.10/site-packages:/opt/ros/humble/local/lib/python3.10/dist-packages /usr/bin/python3 -W ignore:setup.py install is deprecated -W ignore:easy_install command is deprecated setup.py egg_info --egg-base ../../../build/racing_stage2 build --build-base /home/sunrise/dev_ws/build/racing_stage2/build install --record /home/sunrise/dev_ws/build/racing_stage2/install.log --single-version-externally-managed install_data
