running egg_info
writing ../../../build/racing_stage3/racing_stage3.egg-info/PKG-INFO
writing dependency_links to ../../../build/racing_stage3/racing_stage3.egg-info/dependency_links.txt
writing entry points to ../../../build/racing_stage3/racing_stage3.egg-info/entry_points.txt
writing requirements to ../../../build/racing_stage3/racing_stage3.egg-info/requires.txt
writing top-level names to ../../../build/racing_stage3/racing_stage3.egg-info/top_level.txt
reading manifest file '../../../build/racing_stage3/racing_stage3.egg-info/SOURCES.txt'
writing manifest file '../../../build/racing_stage3/racing_stage3.egg-info/SOURCES.txt'
running build
running build_py
copying racing_stage3/__init__.py -> /home/sunrise/dev_ws/build/racing_stage3/build/lib/racing_stage3
running install
running install_lib
copying /home/sunrise/dev_ws/build/racing_stage3/build/lib/racing_stage3/__init__.py -> /home/sunrise/dev_ws/install/racing_stage3/lib/python3.10/site-packages/racing_stage3
byte-compiling /home/sunrise/dev_ws/install/racing_stage3/lib/python3.10/site-packages/racing_stage3/__init__.py to __init__.cpython-310.pyc
running install_data
running install_egg_info
removing '/home/sunrise/dev_ws/install/racing_stage3/lib/python3.10/site-packages/racing_stage3-0.0.1-py3.10.egg-info' (and everything under it)
Copying ../../../build/racing_stage3/racing_stage3.egg-info to /home/sunrise/dev_ws/install/racing_stage3/lib/python3.10/site-packages/racing_stage3-0.0.1-py3.10.egg-info
running install_scripts
Installing image_caption_node script to /home/sunrise/dev_ws/install/racing_stage3/lib/racing_stage3
Installing person_detection_node script to /home/sunrise/dev_ws/install/racing_stage3/lib/racing_stage3
writing list of installed files to '/home/sunrise/dev_ws/build/racing_stage3/install.log'
