[0.045s] Invoking command in '/home/sunrise/dev_ws/build/origincar_bringup': CMAKE_PREFIX_PATH=/home/sunrise/dev_ws/install/qr_scanner:/opt/tros/humble:/opt/ros/humble /usr/bin/cmake /home/sunrise/dev_ws/src/origincar/origincar_bringup -DCMAKE_INSTALL_PREFIX=/home/sunrise/dev_ws/install/origincar_bringup
[0.625s] -- The C compiler identification is GNU 11.2.0
[1.169s] -- The CXX compiler identification is GNU 11.2.0
[1.211s] -- Detecting C compiler ABI info
[1.583s] -- Detecting C compiler ABI info - done
[1.631s] -- Check for working C compiler: /usr/bin/cc - skipped
[1.633s] -- Detecting C compile features
[1.637s] -- Detecting C compile features - done
[1.656s] -- Detecting CXX compiler ABI info
[2.062s] -- Detecting CXX compiler ABI info - done
[2.115s] -- Check for working CXX compiler: /usr/bin/c++ - skipped
[2.117s] -- Detecting CXX compile features
[2.119s] -- Detecting CXX compile features - done
[2.135s] -- Found ament_cmake: 1.3.14 (/opt/ros/humble/share/ament_cmake/cmake)
[3.131s] -- Found Python3: /usr/bin/python3 (found version "3.10.12") found components: Interpreter 
[3.763s] -- Found ament_lint_auto: 0.12.15 (/opt/ros/humble/share/ament_lint_auto/cmake)
[4.330s] -- Added test 'copyright' to check source files copyright and LICENSE
[4.341s] -- Added test 'flake8' to check Python code syntax and style conventions
[4.344s] -- Added test 'lint_cmake' to check CMake code style
[4.347s] -- Added test 'pep257' to check Python code against some of the docstring style conventions in PEP 257
[4.355s] -- Added test 'xmllint' to check XML markup files
[4.364s] -- Configuring done
[4.377s] -- Generating done
[4.387s] -- Build files have been written to: /home/sunrise/dev_ws/build/origincar_bringup
[4.411s] Invoked command in '/home/sunrise/dev_ws/build/origincar_bringup' returned '0': CMAKE_PREFIX_PATH=/home/sunrise/dev_ws/install/qr_scanner:/opt/tros/humble:/opt/ros/humble /usr/bin/cmake /home/sunrise/dev_ws/src/origincar/origincar_bringup -DCMAKE_INSTALL_PREFIX=/home/sunrise/dev_ws/install/origincar_bringup
[4.420s] Invoking command in '/home/sunrise/dev_ws/build/origincar_bringup': CMAKE_PREFIX_PATH=/home/sunrise/dev_ws/install/qr_scanner:/opt/tros/humble:/opt/ros/humble /usr/bin/cmake --build /home/sunrise/dev_ws/build/origincar_bringup -- -j8 -l8
[4.588s] Invoked command in '/home/sunrise/dev_ws/build/origincar_bringup' returned '0': CMAKE_PREFIX_PATH=/home/sunrise/dev_ws/install/qr_scanner:/opt/tros/humble:/opt/ros/humble /usr/bin/cmake --build /home/sunrise/dev_ws/build/origincar_bringup -- -j8 -l8
[4.632s] Invoking command in '/home/sunrise/dev_ws/build/origincar_bringup': CMAKE_PREFIX_PATH=/home/sunrise/dev_ws/install/qr_scanner:/opt/tros/humble:/opt/ros/humble /usr/bin/cmake --install /home/sunrise/dev_ws/build/origincar_bringup
[4.665s] -- Install configuration: ""
[4.666s] -- Installing: /home/sunrise/dev_ws/install/origincar_bringup/share/origincar_bringup/launch
[4.667s] -- Installing: /home/sunrise/dev_ws/install/origincar_bringup/share/origincar_bringup/launch/origincar_bringup.launch.py
[4.667s] -- Installing: /home/sunrise/dev_ws/install/origincar_bringup/share/origincar_bringup/launch/usb_websocket_display.launch.py
[4.668s] -- Installing: /home/sunrise/dev_ws/install/origincar_bringup/share/origincar_bringup/launch/nav2_competition.launch.py
[4.669s] -- Installing: /home/sunrise/dev_ws/install/origincar_bringup/share/origincar_bringup/launch/bringup_launch.py
[4.669s] -- Installing: /home/sunrise/dev_ws/install/origincar_bringup/share/origincar_bringup/map
[4.670s] -- Installing: /home/sunrise/dev_ws/install/origincar_bringup/share/origincar_bringup/map/map.png
[4.670s] -- Installing: /home/sunrise/dev_ws/install/origincar_bringup/share/origincar_bringup/map/map.yaml
[4.671s] -- Installing: /home/sunrise/dev_ws/install/origincar_bringup/share/origincar_bringup/param
[4.671s] -- Installing: /home/sunrise/dev_ws/install/origincar_bringup/share/origincar_bringup/param/my_nav2_params.yaml
[4.672s] -- Installing: /home/sunrise/dev_ws/install/origincar_bringup/share/ament_index/resource_index/package_run_dependencies/origincar_bringup
[4.672s] -- Installing: /home/sunrise/dev_ws/install/origincar_bringup/share/ament_index/resource_index/parent_prefix_path/origincar_bringup
[4.673s] -- Installing: /home/sunrise/dev_ws/install/origincar_bringup/share/origincar_bringup/environment/ament_prefix_path.sh
[4.674s] -- Installing: /home/sunrise/dev_ws/install/origincar_bringup/share/origincar_bringup/environment/ament_prefix_path.dsv
[4.674s] -- Installing: /home/sunrise/dev_ws/install/origincar_bringup/share/origincar_bringup/environment/path.sh
[4.675s] -- Installing: /home/sunrise/dev_ws/install/origincar_bringup/share/origincar_bringup/environment/path.dsv
[4.676s] -- Installing: /home/sunrise/dev_ws/install/origincar_bringup/share/origincar_bringup/local_setup.bash
[4.676s] -- Installing: /home/sunrise/dev_ws/install/origincar_bringup/share/origincar_bringup/local_setup.sh
[4.677s] -- Installing: /home/sunrise/dev_ws/install/origincar_bringup/share/origincar_bringup/local_setup.zsh
[4.679s] -- Installing: /home/sunrise/dev_ws/install/origincar_bringup/share/origincar_bringup/local_setup.dsv
[4.680s] -- Installing: /home/sunrise/dev_ws/install/origincar_bringup/share/origincar_bringup/package.dsv
[4.680s] -- Installing: /home/sunrise/dev_ws/install/origincar_bringup/share/ament_index/resource_index/packages/origincar_bringup
[4.681s] -- Installing: /home/sunrise/dev_ws/install/origincar_bringup/share/origincar_bringup/cmake/origincar_bringupConfig.cmake
[4.682s] -- Installing: /home/sunrise/dev_ws/install/origincar_bringup/share/origincar_bringup/cmake/origincar_bringupConfig-version.cmake
[4.682s] -- Installing: /home/sunrise/dev_ws/install/origincar_bringup/share/origincar_bringup/package.xml
[4.692s] Invoked command in '/home/sunrise/dev_ws/build/origincar_bringup' returned '0': CMAKE_PREFIX_PATH=/home/sunrise/dev_ws/install/qr_scanner:/opt/tros/humble:/opt/ros/humble /usr/bin/cmake --install /home/sunrise/dev_ws/build/origincar_bringup
