running egg_info
writing ../../../build/racing_stage3/racing_stage3.egg-info/PKG-INFO
writing dependency_links to ../../../build/racing_stage3/racing_stage3.egg-info/dependency_links.txt
writing entry points to ../../../build/racing_stage3/racing_stage3.egg-info/entry_points.txt
writing requirements to ../../../build/racing_stage3/racing_stage3.egg-info/requires.txt
writing top-level names to ../../../build/racing_stage3/racing_stage3.egg-info/top_level.txt
reading manifest file '../../../build/racing_stage3/racing_stage3.egg-info/SOURCES.txt'
writing manifest file '../../../build/racing_stage3/racing_stage3.egg-info/SOURCES.txt'
running build
running build_py
running install
running install_lib
running install_data
copying package.xml -> /home/sunrise/dev_ws/install/racing_stage3/share/racing_stage3
copying launch/competition_stage3.launch.py -> /home/sunrise/dev_ws/install/racing_stage3/share/racing_stage3/launch
copying config/return_stage3.yaml -> /home/sunrise/dev_ws/install/racing_stage3/share/racing_stage3/config
running install_egg_info
removing '/home/sunrise/dev_ws/install/racing_stage3/lib/python3.10/site-packages/racing_stage3-0.0.1-py3.10.egg-info' (and everything under it)
Copying ../../../build/racing_stage3/racing_stage3.egg-info to /home/sunrise/dev_ws/install/racing_stage3/lib/python3.10/site-packages/racing_stage3-0.0.1-py3.10.egg-info
running install_scripts
Installing stage3_return_navigator script to /home/sunrise/dev_ws/install/racing_stage3/lib/racing_stage3
writing list of installed files to '/home/sunrise/dev_ws/build/racing_stage3/install.log'
