[4.319s] Invoking command in '/home/sunrise/dev_ws/src/racing/racing_bringup': AMENT_PREFIX_PATH=/home/sunrise/dev_ws/install/racing_stage2:/home/sunrise/dev_ws/install/racing_stage1:/home/sunrise/dev_ws/install/racing_stage3:/home/sunrise/dev_ws/install/qr_scanner:/home/sunrise/dev_ws/install/racing_bringup:/home/sunrise/dev_ws/install/origincar_base:/home/sunrise/dev_ws/install/serial:/home/sunrise/dev_ws/install/origincar_msg:/home/sunrise/dev_ws/install/origincar_description:/home/sunrise/dev_ws/install/origincar_bringup:/home/sunrise/dev_ws/install/lslidar_driver:/home/sunrise/dev_ws/install/lslidar_msgs:/home/sunrise/dev_ws/install/bno055:/home/sunrise/dev_ws/install/ackermann_msgs:/opt/tros/humble:/opt/ros/humble CMAKE_PREFIX_PATH=/home/sunrise/dev_ws/install/origincar_bringup:/home/sunrise/dev_ws/install/origincar_base:/home/sunrise/dev_ws/install/serial:/home/sunrise/dev_ws/install/origincar_msg:/home/sunrise/dev_ws/install/origincar_description:/home/sunrise/dev_ws/install/lslidar_driver:/home/sunrise/dev_ws/install/lslidar_msgs:/home/sunrise/dev_ws/install/ackermann_msgs PYTHONPATH=/home/sunrise/dev_ws/build/racing_bringup/prefix_override:/usr/lib/python3/dist-packages/colcon_core/task/python/colcon_distutils_commands:/home/sunrise/dev_ws/install/racing_bringup/lib/python3.10/site-packages:/home/sunrise/dev_ws/install/racing_stage2/lib/python3.10/site-packages:/home/sunrise/dev_ws/install/racing_stage1/lib/python3.10/site-packages:/home/sunrise/dev_ws/install/racing_stage3/lib/python3.10/site-packages:/home/sunrise/dev_ws/install/qr_scanner/lib/python3.10/site-packages:/home/sunrise/dev_ws/install/racing_bringup/lib/python3.10/site-packages:/home/sunrise/dev_ws/install/origincar_base/local/lib/python3.10/dist-packages:/home/sunrise/dev_ws/install/origincar_msg/local/lib/python3.10/dist-packages:/home/sunrise/dev_ws/install/lslidar_msgs/local/lib/python3.10/dist-packages:/home/sunrise/dev_ws/install/bno055/lib/python3.10/site-packages:/home/sunrise/dev_ws/install/ackermann_msgs/local/lib/python3.10/dist-packages:/opt/tros/humble/lib/python3.10/site-packages:/opt/tros/humble/local/lib/python3.10/dist-packages:/opt/ros/humble/lib/python3.10/site-packages:/opt/ros/humble/local/lib/python3.10/dist-packages /usr/bin/python3 -W ignore:setup.py install is deprecated -W ignore:easy_install command is deprecated setup.py egg_info --egg-base ../../../build/racing_bringup build --build-base /home/sunrise/dev_ws/build/racing_bringup/build install --record /home/sunrise/dev_ws/build/racing_bringup/install.log --single-version-externally-managed install_data
[5.924s] running egg_info
[5.928s] writing ../../../build/racing_bringup/racing_bringup.egg-info/PKG-INFO
[5.930s] writing dependency_links to ../../../build/racing_bringup/racing_bringup.egg-info/dependency_links.txt
[5.931s] writing requirements to ../../../build/racing_bringup/racing_bringup.egg-info/requires.txt
[5.931s] writing top-level names to ../../../build/racing_bringup/racing_bringup.egg-info/top_level.txt
[5.941s] reading manifest file '../../../build/racing_bringup/racing_bringup.egg-info/SOURCES.txt'
[5.945s] writing manifest file '../../../build/racing_bringup/racing_bringup.egg-info/SOURCES.txt'
[5.946s] running build
[5.947s] running build_py
[5.947s] copying racing_bringup/__init__.py -> /home/sunrise/dev_ws/build/racing_bringup/build/lib/racing_bringup
[5.948s] running install
[5.949s] running install_lib
[5.953s] copying /home/sunrise/dev_ws/build/racing_bringup/build/lib/racing_bringup/__init__.py -> /home/sunrise/dev_ws/install/racing_bringup/lib/python3.10/site-packages/racing_bringup
[5.957s] byte-compiling /home/sunrise/dev_ws/install/racing_bringup/lib/python3.10/site-packages/racing_bringup/__init__.py to __init__.cpython-310.pyc
[5.958s] running install_data
[5.958s] copying resource/racing_bringup -> /home/sunrise/dev_ws/install/racing_bringup/share/ament_index/resource_index/packages
[5.959s] copying package.xml -> /home/sunrise/dev_ws/install/racing_bringup/share/racing_bringup
[5.960s] copying launch/competition_total.launch.py -> /home/sunrise/dev_ws/install/racing_bringup/share/racing_bringup/launch
[5.961s] running install_egg_info
[5.979s] removing '/home/sunrise/dev_ws/install/racing_bringup/lib/python3.10/site-packages/racing_bringup-0.0.1-py3.10.egg-info' (and everything under it)
[5.980s] Copying ../../../build/racing_bringup/racing_bringup.egg-info to /home/sunrise/dev_ws/install/racing_bringup/lib/python3.10/site-packages/racing_bringup-0.0.1-py3.10.egg-info
[5.984s] running install_scripts
[6.098s] writing list of installed files to '/home/sunrise/dev_ws/build/racing_bringup/install.log'
[6.320s] Invoked command in '/home/sunrise/dev_ws/src/racing/racing_bringup' returned '0': AMENT_PREFIX_PATH=/home/sunrise/dev_ws/install/racing_stage2:/home/sunrise/dev_ws/install/racing_stage1:/home/sunrise/dev_ws/install/racing_stage3:/home/sunrise/dev_ws/install/qr_scanner:/home/sunrise/dev_ws/install/racing_bringup:/home/sunrise/dev_ws/install/origincar_base:/home/sunrise/dev_ws/install/serial:/home/sunrise/dev_ws/install/origincar_msg:/home/sunrise/dev_ws/install/origincar_description:/home/sunrise/dev_ws/install/origincar_bringup:/home/sunrise/dev_ws/install/lslidar_driver:/home/sunrise/dev_ws/install/lslidar_msgs:/home/sunrise/dev_ws/install/bno055:/home/sunrise/dev_ws/install/ackermann_msgs:/opt/tros/humble:/opt/ros/humble CMAKE_PREFIX_PATH=/home/sunrise/dev_ws/install/origincar_bringup:/home/sunrise/dev_ws/install/origincar_base:/home/sunrise/dev_ws/install/serial:/home/sunrise/dev_ws/install/origincar_msg:/home/sunrise/dev_ws/install/origincar_description:/home/sunrise/dev_ws/install/lslidar_driver:/home/sunrise/dev_ws/install/lslidar_msgs:/home/sunrise/dev_ws/install/ackermann_msgs PYTHONPATH=/home/sunrise/dev_ws/build/racing_bringup/prefix_override:/usr/lib/python3/dist-packages/colcon_core/task/python/colcon_distutils_commands:/home/sunrise/dev_ws/install/racing_bringup/lib/python3.10/site-packages:/home/sunrise/dev_ws/install/racing_stage2/lib/python3.10/site-packages:/home/sunrise/dev_ws/install/racing_stage1/lib/python3.10/site-packages:/home/sunrise/dev_ws/install/racing_stage3/lib/python3.10/site-packages:/home/sunrise/dev_ws/install/qr_scanner/lib/python3.10/site-packages:/home/sunrise/dev_ws/install/racing_bringup/lib/python3.10/site-packages:/home/sunrise/dev_ws/install/origincar_base/local/lib/python3.10/dist-packages:/home/sunrise/dev_ws/install/origincar_msg/local/lib/python3.10/dist-packages:/home/sunrise/dev_ws/install/lslidar_msgs/local/lib/python3.10/dist-packages:/home/sunrise/dev_ws/install/bno055/lib/python3.10/site-packages:/home/sunrise/dev_ws/install/ackermann_msgs/local/lib/python3.10/dist-packages:/opt/tros/humble/lib/python3.10/site-packages:/opt/tros/humble/local/lib/python3.10/dist-packages:/opt/ros/humble/lib/python3.10/site-packages:/opt/ros/humble/local/lib/python3.10/dist-packages /usr/bin/python3 -W ignore:setup.py install is deprecated -W ignore:easy_install command is deprecated setup.py egg_info --egg-base ../../../build/racing_bringup build --build-base /home/sunrise/dev_ws/build/racing_bringup/build install --record /home/sunrise/dev_ws/build/racing_bringup/install.log --single-version-externally-managed install_data
