[4.276s] Invoking command in '/home/sunrise/dev_ws/src/racing/qr_scanner': PYTHONPATH=/home/sunrise/dev_ws/build/qr_scanner/prefix_override:/usr/lib/python3/dist-packages/colcon_core/task/python/colcon_distutils_commands:/home/sunrise/dev_ws/install/qr_scanner/lib/python3.10/site-packages:${PYTHONPATH} /usr/bin/python3 -W ignore:setup.py install is deprecated -W ignore:easy_install command is deprecated setup.py egg_info --egg-base ../../../build/qr_scanner build --build-base /home/sunrise/dev_ws/build/qr_scanner/build install --record /home/sunrise/dev_ws/build/qr_scanner/install.log --single-version-externally-managed install_data
[5.906s] running egg_info
[5.911s] writing ../../../build/qr_scanner/qr_scanner.egg-info/PKG-INFO
[5.912s] writing dependency_links to ../../../build/qr_scanner/qr_scanner.egg-info/dependency_links.txt
[5.913s] writing entry points to ../../../build/qr_scanner/qr_scanner.egg-info/entry_points.txt
[5.914s] writing requirements to ../../../build/qr_scanner/qr_scanner.egg-info/requires.txt
[5.914s] writing top-level names to ../../../build/qr_scanner/qr_scanner.egg-info/top_level.txt
[5.924s] reading manifest file '../../../build/qr_scanner/qr_scanner.egg-info/SOURCES.txt'
[5.929s] writing manifest file '../../../build/qr_scanner/qr_scanner.egg-info/SOURCES.txt'
[5.929s] running build
[5.930s] running build_py
[5.930s] copying qr_scanner/qr_scanner.py -> /home/sunrise/dev_ws/build/qr_scanner/build/lib/qr_scanner
[5.931s] running install
[5.933s] running install_lib
[5.938s] copying /home/sunrise/dev_ws/build/qr_scanner/build/lib/qr_scanner/qr_scanner.py -> /home/sunrise/dev_ws/install/qr_scanner/lib/python3.10/site-packages/qr_scanner
[5.942s] byte-compiling /home/sunrise/dev_ws/install/qr_scanner/lib/python3.10/site-packages/qr_scanner/qr_scanner.py to qr_scanner.cpython-310.pyc
[5.959s] running install_data
[5.960s] copying launch/start_competition.launch.py -> /home/sunrise/dev_ws/install/qr_scanner/share/qr_scanner/launch
[5.960s] running install_egg_info
[5.970s] removing '/home/sunrise/dev_ws/install/qr_scanner/lib/python3.10/site-packages/qr_scanner-0.0.1-py3.10.egg-info' (and everything under it)
[5.972s] Copying ../../../build/qr_scanner/qr_scanner.egg-info to /home/sunrise/dev_ws/install/qr_scanner/lib/python3.10/site-packages/qr_scanner-0.0.1-py3.10.egg-info
[5.976s] running install_scripts
[6.090s] Installing qr_scanner script to /home/sunrise/dev_ws/install/qr_scanner/lib/qr_scanner
[6.092s] writing list of installed files to '/home/sunrise/dev_ws/build/qr_scanner/install.log'
[6.306s] Invoked command in '/home/sunrise/dev_ws/src/racing/qr_scanner' returned '0': PYTHONPATH=/home/sunrise/dev_ws/build/qr_scanner/prefix_override:/usr/lib/python3/dist-packages/colcon_core/task/python/colcon_distutils_commands:/home/sunrise/dev_ws/install/qr_scanner/lib/python3.10/site-packages:${PYTHONPATH} /usr/bin/python3 -W ignore:setup.py install is deprecated -W ignore:easy_install command is deprecated setup.py egg_info --egg-base ../../../build/qr_scanner build --build-base /home/sunrise/dev_ws/build/qr_scanner/build install --record /home/sunrise/dev_ws/build/qr_scanner/install.log --single-version-externally-managed install_data
