[4.236s] Invoking command in '/home/sunrise/dev_ws/src/racing/racing_stage2': AMENT_PREFIX_PATH=/home/sunrise/dev_ws/install/racing_stage1:/home/sunrise/dev_ws/install/racing_stage3:/home/sunrise/dev_ws/install/qr_scanner:/home/sunrise/dev_ws/install/origincar_base:/home/sunrise/dev_ws/install/serial:/home/sunrise/dev_ws/install/racing_stage2:/home/sunrise/dev_ws/install/origincar_msg:/home/sunrise/dev_ws/install/origincar_description:/home/sunrise/dev_ws/install/origincar_bringup:/home/sunrise/dev_ws/install/lslidar_driver:/home/sunrise/dev_ws/install/lslidar_msgs:/home/sunrise/dev_ws/install/bno055:/home/sunrise/dev_ws/install/ackermann_msgs:/opt/tros/humble:/opt/ros/humble CMAKE_PREFIX_PATH=/home/sunrise/dev_ws/install/origincar_bringup:/home/sunrise/dev_ws/install/origincar_base:/home/sunrise/dev_ws/install/serial:/home/sunrise/dev_ws/install/origincar_msg:/home/sunrise/dev_ws/install/origincar_description:/home/sunrise/dev_ws/install/lslidar_driver:/home/sunrise/dev_ws/install/lslidar_msgs:/home/sunrise/dev_ws/install/ackermann_msgs PYTHONPATH=/home/sunrise/dev_ws/build/racing_stage2/prefix_override:/usr/lib/python3/dist-packages/colcon_core/task/python/colcon_distutils_commands:/home/sunrise/dev_ws/install/racing_stage2/lib/python3.10/site-packages:/home/sunrise/dev_ws/install/racing_stage1/lib/python3.10/site-packages:/home/sunrise/dev_ws/install/racing_stage3/lib/python3.10/site-packages:/home/sunrise/dev_ws/install/qr_scanner/lib/python3.10/site-packages:/home/sunrise/dev_ws/install/origincar_base/local/lib/python3.10/dist-packages:/home/sunrise/dev_ws/install/racing_stage2/lib/python3.10/site-packages:/home/sunrise/dev_ws/install/origincar_msg/local/lib/python3.10/dist-packages:/home/sunrise/dev_ws/install/lslidar_msgs/local/lib/python3.10/dist-packages:/home/sunrise/dev_ws/install/bno055/lib/python3.10/site-packages:/home/sunrise/dev_ws/install/ackermann_msgs/local/lib/python3.10/dist-packages:/opt/tros/humble/lib/python3.10/site-packages:/opt/tros/humble/local/lib/python3.10/dist-packages:/opt/ros/humble/lib/python3.10/site-packages:/opt/ros/humble/local/lib/python3.10/dist-packages /usr/bin/python3 -W ignore:setup.py install is deprecated -W ignore:easy_install command is deprecated setup.py egg_info --egg-base ../../../build/racing_stage2 build --build-base /home/sunrise/dev_ws/build/racing_stage2/build install --record /home/sunrise/dev_ws/build/racing_stage2/install.log --single-version-externally-managed install_data
[5.847s] running egg_info
[5.852s] writing ../../../build/racing_stage2/racing_stage2.egg-info/PKG-INFO
[5.853s] writing dependency_links to ../../../build/racing_stage2/racing_stage2.egg-info/dependency_links.txt
[5.854s] writing entry points to ../../../build/racing_stage2/racing_stage2.egg-info/entry_points.txt
[5.855s] writing requirements to ../../../build/racing_stage2/racing_stage2.egg-info/requires.txt
[5.855s] writing top-level names to ../../../build/racing_stage2/racing_stage2.egg-info/top_level.txt
[5.865s] reading manifest file '../../../build/racing_stage2/racing_stage2.egg-info/SOURCES.txt'
[5.871s] writing manifest file '../../../build/racing_stage2/racing_stage2.egg-info/SOURCES.txt'
[5.872s] running build
[5.872s] running build_py
[5.874s] running install
[5.876s] running install_lib
[5.884s] running install_data
[5.884s] copying launch/competition_stage2.launch.py -> /home/sunrise/dev_ws/install/racing_stage2/share/racing_stage2/launch
[5.885s] copying launch/competition_total.launch.py -> /home/sunrise/dev_ws/install/racing_stage2/share/racing_stage2/launch
[5.886s] copying launch/competition_inertial.launch.py -> /home/sunrise/dev_ws/install/racing_stage2/share/racing_stage2/launch
[5.887s] copying config/inertial_stage2.yaml -> /home/sunrise/dev_ws/install/racing_stage2/share/racing_stage2/config
[5.887s] running install_egg_info
[5.905s] removing '/home/sunrise/dev_ws/install/racing_stage2/lib/python3.10/site-packages/racing_stage2-0.0.1-py3.10.egg-info' (and everything under it)
[5.907s] Copying ../../../build/racing_stage2/racing_stage2.egg-info to /home/sunrise/dev_ws/install/racing_stage2/lib/python3.10/site-packages/racing_stage2-0.0.1-py3.10.egg-info
[5.912s] running install_scripts
[6.028s] Installing corridor_vision_follower script to /home/sunrise/dev_ws/install/racing_stage2/lib/racing_stage2
[6.029s] Installing lidar_obstacle_circle_markers script to /home/sunrise/dev_ws/install/racing_stage2/lib/racing_stage2
[6.030s] Installing stage2_inertial_navigator script to /home/sunrise/dev_ws/install/racing_stage2/lib/racing_stage2
[6.032s] writing list of installed files to '/home/sunrise/dev_ws/build/racing_stage2/install.log'
[6.253s] Invoked command in '/home/sunrise/dev_ws/src/racing/racing_stage2' returned '0': AMENT_PREFIX_PATH=/home/sunrise/dev_ws/install/racing_stage1:/home/sunrise/dev_ws/install/racing_stage3:/home/sunrise/dev_ws/install/qr_scanner:/home/sunrise/dev_ws/install/origincar_base:/home/sunrise/dev_ws/install/serial:/home/sunrise/dev_ws/install/racing_stage2:/home/sunrise/dev_ws/install/origincar_msg:/home/sunrise/dev_ws/install/origincar_description:/home/sunrise/dev_ws/install/origincar_bringup:/home/sunrise/dev_ws/install/lslidar_driver:/home/sunrise/dev_ws/install/lslidar_msgs:/home/sunrise/dev_ws/install/bno055:/home/sunrise/dev_ws/install/ackermann_msgs:/opt/tros/humble:/opt/ros/humble CMAKE_PREFIX_PATH=/home/sunrise/dev_ws/install/origincar_bringup:/home/sunrise/dev_ws/install/origincar_base:/home/sunrise/dev_ws/install/serial:/home/sunrise/dev_ws/install/origincar_msg:/home/sunrise/dev_ws/install/origincar_description:/home/sunrise/dev_ws/install/lslidar_driver:/home/sunrise/dev_ws/install/lslidar_msgs:/home/sunrise/dev_ws/install/ackermann_msgs PYTHONPATH=/home/sunrise/dev_ws/build/racing_stage2/prefix_override:/usr/lib/python3/dist-packages/colcon_core/task/python/colcon_distutils_commands:/home/sunrise/dev_ws/install/racing_stage2/lib/python3.10/site-packages:/home/sunrise/dev_ws/install/racing_stage1/lib/python3.10/site-packages:/home/sunrise/dev_ws/install/racing_stage3/lib/python3.10/site-packages:/home/sunrise/dev_ws/install/qr_scanner/lib/python3.10/site-packages:/home/sunrise/dev_ws/install/origincar_base/local/lib/python3.10/dist-packages:/home/sunrise/dev_ws/install/racing_stage2/lib/python3.10/site-packages:/home/sunrise/dev_ws/install/origincar_msg/local/lib/python3.10/dist-packages:/home/sunrise/dev_ws/install/lslidar_msgs/local/lib/python3.10/dist-packages:/home/sunrise/dev_ws/install/bno055/lib/python3.10/site-packages:/home/sunrise/dev_ws/install/ackermann_msgs/local/lib/python3.10/dist-packages:/opt/tros/humble/lib/python3.10/site-packages:/opt/tros/humble/local/lib/python3.10/dist-packages:/opt/ros/humble/lib/python3.10/site-packages:/opt/ros/humble/local/lib/python3.10/dist-packages /usr/bin/python3 -W ignore:setup.py install is deprecated -W ignore:easy_install command is deprecated setup.py egg_info --egg-base ../../../build/racing_stage2 build --build-base /home/sunrise/dev_ws/build/racing_stage2/build install --record /home/sunrise/dev_ws/build/racing_stage2/install.log --single-version-externally-managed install_data
