/home/sunrise/dev_ws/install/racing_stage2/lib/python3.10/site-packages/racing_stage2/stage2_inertial_navigator.py
/home/sunrise/dev_ws/install/racing_stage2/lib/python3.10/site-packages/racing_stage2/__init__.py
/home/sunrise/dev_ws/install/racing_stage2/lib/python3.10/site-packages/racing_stage2/__pycache__/stage2_inertial_navigator.cpython-310.pyc
/home/sunrise/dev_ws/install/racing_stage2/lib/python3.10/site-packages/racing_stage2/__pycache__/__init__.cpython-310.pyc
/home/sunrise/dev_ws/install/racing_stage2/share/ament_index/resource_index/packages/racing_stage2
/home/sunrise/dev_ws/install/racing_stage2/share/racing_stage2/package.xml
/home/sunrise/dev_ws/install/racing_stage2/share/racing_stage2/launch/competition_stage2.launch.py
/home/sunrise/dev_ws/install/racing_stage2/share/racing_stage2/launch/competition_support.launch.py
/home/sunrise/dev_ws/install/racing_stage2/share/racing_stage2/launch/competition_inertial.launch.py
/home/sunrise/dev_ws/install/racing_stage2/share/racing_stage2/config/inertial_stage2.yaml
/home/sunrise/dev_ws/install/racing_stage2/share/racing_stage2/config/obstacle_circle_markers.yaml
/home/sunrise/dev_ws/install/racing_stage2/lib/python3.10/site-packages/racing_stage2-0.0.1-py3.10.egg-info/SOURCES.txt
/home/sunrise/dev_ws/install/racing_stage2/lib/python3.10/site-packages/racing_stage2-0.0.1-py3.10.egg-info/PKG-INFO
/home/sunrise/dev_ws/install/racing_stage2/lib/python3.10/site-packages/racing_stage2-0.0.1-py3.10.egg-info/dependency_links.txt
/home/sunrise/dev_ws/install/racing_stage2/lib/python3.10/site-packages/racing_stage2-0.0.1-py3.10.egg-info/top_level.txt
/home/sunrise/dev_ws/install/racing_stage2/lib/python3.10/site-packages/racing_stage2-0.0.1-py3.10.egg-info/zip-safe
/home/sunrise/dev_ws/install/racing_stage2/lib/python3.10/site-packages/racing_stage2-0.0.1-py3.10.egg-info/entry_points.txt
/home/sunrise/dev_ws/install/racing_stage2/lib/python3.10/site-packages/racing_stage2-0.0.1-py3.10.egg-info/requires.txt
/home/sunrise/dev_ws/install/racing_stage2/lib/racing_stage2/lidar_obstacle_circle_markers
/home/sunrise/dev_ws/install/racing_stage2/lib/racing_stage2/stage2_inertial_navigator
