running egg_info
writing ../../../build/qr_scanner/qr_scanner.egg-info/PKG-INFO
writing dependency_links to ../../../build/qr_scanner/qr_scanner.egg-info/dependency_links.txt
writing entry points to ../../../build/qr_scanner/qr_scanner.egg-info/entry_points.txt
writing requirements to ../../../build/qr_scanner/qr_scanner.egg-info/requires.txt
writing top-level names to ../../../build/qr_scanner/qr_scanner.egg-info/top_level.txt
reading manifest file '../../../build/qr_scanner/qr_scanner.egg-info/SOURCES.txt'
writing manifest file '../../../build/qr_scanner/qr_scanner.egg-info/SOURCES.txt'
running build
running build_py
running install
running install_lib
running install_data
running install_egg_info
removing '/home/sunrise/dev_ws/install/qr_scanner/lib/python3.10/site-packages/qr_scanner-0.0.1-py3.10.egg-info' (and everything under it)
Copying ../../../build/qr_scanner/qr_scanner.egg-info to /home/sunrise/dev_ws/install/qr_scanner/lib/python3.10/site-packages/qr_scanner-0.0.1-py3.10.egg-info
running install_scripts
Installing competition_controller script to /home/sunrise/dev_ws/install/qr_scanner/lib/qr_scanner
Installing qr_scanner script to /home/sunrise/dev_ws/install/qr_scanner/lib/qr_scanner
writing list of installed files to '/home/sunrise/dev_ws/build/qr_scanner/install.log'
