[4.575s] Invoking command in '/home/sunrise/dev_ws/src/racing/racing_stage2': AMENT_PREFIX_PATH=/home/sunrise/dev_ws/install/racing_stage1:/home/sunrise/dev_ws/install/qr_scanner:/home/sunrise/dev_ws/install/origincar_base:/home/sunrise/dev_ws/install/serial:/home/sunrise/dev_ws/install/racing_stage2:/home/sunrise/dev_ws/install/origincar_msg:/home/sunrise/dev_ws/install/origincar_description:/home/sunrise/dev_ws/install/origincar_bringup:/home/sunrise/dev_ws/install/lslidar_driver:/home/sunrise/dev_ws/install/lslidar_msgs:/home/sunrise/dev_ws/install/ackermann_msgs:/opt/tros/humble:/opt/ros/humble CMAKE_PREFIX_PATH=/home/sunrise/dev_ws/install/origincar_bringup:/home/sunrise/dev_ws/install/origincar_base:/home/sunrise/dev_ws/install/serial:/home/sunrise/dev_ws/install/origincar_msg:/home/sunrise/dev_ws/install/origincar_description:/home/sunrise/dev_ws/install/lslidar_driver:/home/sunrise/dev_ws/install/lslidar_msgs:/home/sunrise/dev_ws/install/ackermann_msgs PYTHONPATH=/home/sunrise/dev_ws/build/racing_stage2/prefix_override:/usr/lib/python3/dist-packages/colcon_core/task/python/colcon_distutils_commands:/home/sunrise/dev_ws/install/racing_stage2/lib/python3.10/site-packages:/home/sunrise/dev_ws/install/racing_stage1/lib/python3.10/site-packages:/home/sunrise/dev_ws/install/qr_scanner/lib/python3.10/site-packages:/home/sunrise/dev_ws/install/origincar_base/local/lib/python3.10/dist-packages:/home/sunrise/dev_ws/install/racing_stage2/lib/python3.10/site-packages:/home/sunrise/dev_ws/install/origincar_msg/local/lib/python3.10/dist-packages:/home/sunrise/dev_ws/install/lslidar_msgs/local/lib/python3.10/dist-packages:/home/sunrise/dev_ws/install/ackermann_msgs/local/lib/python3.10/dist-packages:/opt/tros/humble/lib/python3.10/site-packages:/opt/tros/humble/local/lib/python3.10/dist-packages:/opt/ros/humble/lib/python3.10/site-packages:/opt/ros/humble/local/lib/python3.10/dist-packages /usr/bin/python3 -W ignore:setup.py install is deprecated -W ignore:easy_install command is deprecated setup.py egg_info --egg-base ../../../build/racing_stage2 build --build-base /home/sunrise/dev_ws/build/racing_stage2/build install --record /home/sunrise/dev_ws/build/racing_stage2/install.log --single-version-externally-managed install_data
[6.281s] running egg_info
[6.287s] writing ../../../build/racing_stage2/racing_stage2.egg-info/PKG-INFO
[6.288s] writing dependency_links to ../../../build/racing_stage2/racing_stage2.egg-info/dependency_links.txt
[6.289s] writing entry points to ../../../build/racing_stage2/racing_stage2.egg-info/entry_points.txt
[6.290s] writing requirements to ../../../build/racing_stage2/racing_stage2.egg-info/requires.txt
[6.291s] writing top-level names to ../../../build/racing_stage2/racing_stage2.egg-info/top_level.txt
[6.302s] reading manifest file '../../../build/racing_stage2/racing_stage2.egg-info/SOURCES.txt'
[6.307s] writing manifest file '../../../build/racing_stage2/racing_stage2.egg-info/SOURCES.txt'
[6.308s] running build
[6.309s] running build_py
[6.309s] copying racing_stage2/stage2_inertial_navigator.py -> /home/sunrise/dev_ws/build/racing_stage2/build/lib/racing_stage2
[6.311s] running install
[6.314s] running install_lib
[6.319s] copying /home/sunrise/dev_ws/build/racing_stage2/build/lib/racing_stage2/stage2_inertial_navigator.py -> /home/sunrise/dev_ws/install/racing_stage2/lib/python3.10/site-packages/racing_stage2
[6.323s] byte-compiling /home/sunrise/dev_ws/install/racing_stage2/lib/python3.10/site-packages/racing_stage2/stage2_inertial_navigator.py to stage2_inertial_navigator.cpython-310.pyc
[6.359s] running install_data
[6.360s] copying config/inertial_stage2.yaml -> /home/sunrise/dev_ws/install/racing_stage2/share/racing_stage2/config
[6.361s] running install_egg_info
[6.372s] removing '/home/sunrise/dev_ws/install/racing_stage2/lib/python3.10/site-packages/racing_stage2-0.0.1-py3.10.egg-info' (and everything under it)
[6.374s] Copying ../../../build/racing_stage2/racing_stage2.egg-info to /home/sunrise/dev_ws/install/racing_stage2/lib/python3.10/site-packages/racing_stage2-0.0.1-py3.10.egg-info
[6.379s] running install_scripts
[6.499s] Installing image_caption_node script to /home/sunrise/dev_ws/install/racing_stage2/lib/racing_stage2
[6.500s] Installing person_detection_node script to /home/sunrise/dev_ws/install/racing_stage2/lib/racing_stage2
[6.501s] Installing stage2_inertial_navigator script to /home/sunrise/dev_ws/install/racing_stage2/lib/racing_stage2
[6.503s] writing list of installed files to '/home/sunrise/dev_ws/build/racing_stage2/install.log'
[6.727s] Invoked command in '/home/sunrise/dev_ws/src/racing/racing_stage2' returned '0': AMENT_PREFIX_PATH=/home/sunrise/dev_ws/install/racing_stage1:/home/sunrise/dev_ws/install/qr_scanner:/home/sunrise/dev_ws/install/origincar_base:/home/sunrise/dev_ws/install/serial:/home/sunrise/dev_ws/install/racing_stage2:/home/sunrise/dev_ws/install/origincar_msg:/home/sunrise/dev_ws/install/origincar_description:/home/sunrise/dev_ws/install/origincar_bringup:/home/sunrise/dev_ws/install/lslidar_driver:/home/sunrise/dev_ws/install/lslidar_msgs:/home/sunrise/dev_ws/install/ackermann_msgs:/opt/tros/humble:/opt/ros/humble CMAKE_PREFIX_PATH=/home/sunrise/dev_ws/install/origincar_bringup:/home/sunrise/dev_ws/install/origincar_base:/home/sunrise/dev_ws/install/serial:/home/sunrise/dev_ws/install/origincar_msg:/home/sunrise/dev_ws/install/origincar_description:/home/sunrise/dev_ws/install/lslidar_driver:/home/sunrise/dev_ws/install/lslidar_msgs:/home/sunrise/dev_ws/install/ackermann_msgs PYTHONPATH=/home/sunrise/dev_ws/build/racing_stage2/prefix_override:/usr/lib/python3/dist-packages/colcon_core/task/python/colcon_distutils_commands:/home/sunrise/dev_ws/install/racing_stage2/lib/python3.10/site-packages:/home/sunrise/dev_ws/install/racing_stage1/lib/python3.10/site-packages:/home/sunrise/dev_ws/install/qr_scanner/lib/python3.10/site-packages:/home/sunrise/dev_ws/install/origincar_base/local/lib/python3.10/dist-packages:/home/sunrise/dev_ws/install/racing_stage2/lib/python3.10/site-packages:/home/sunrise/dev_ws/install/origincar_msg/local/lib/python3.10/dist-packages:/home/sunrise/dev_ws/install/lslidar_msgs/local/lib/python3.10/dist-packages:/home/sunrise/dev_ws/install/ackermann_msgs/local/lib/python3.10/dist-packages:/opt/tros/humble/lib/python3.10/site-packages:/opt/tros/humble/local/lib/python3.10/dist-packages:/opt/ros/humble/lib/python3.10/site-packages:/opt/ros/humble/local/lib/python3.10/dist-packages /usr/bin/python3 -W ignore:setup.py install is deprecated -W ignore:easy_install command is deprecated setup.py egg_info --egg-base ../../../build/racing_stage2 build --build-base /home/sunrise/dev_ws/build/racing_stage2/build install --record /home/sunrise/dev_ws/build/racing_stage2/install.log --single-version-externally-managed install_data
