-- The C compiler identification is GNU 11.2.0
-- The CXX compiler identification is GNU 11.2.0
-- Detecting C compiler ABI info
-- Detecting C compiler ABI info - done
-- Check for working C compiler: /usr/bin/cc - skipped
-- Detecting C compile features
-- Detecting C compile features - done
-- Detecting CXX compiler ABI info
-- Detecting CXX compiler ABI info - done
-- Check for working CXX compiler: /usr/bin/c++ - skipped
-- Detecting CXX compile features
-- Detecting CXX compile features - done
-- Found ament_cmake: 1.3.14 (/opt/ros/humble/share/ament_cmake/cmake)
-- Found Python3: /usr/bin/python3 (found version "3.10.12") found components: Interpreter 
-- Found rosidl_default_generators: 1.2.1 (/opt/ros/humble/share/rosidl_default_generators/cmake)
-- Using all available rosidl_typesupport_c: rosidl_typesupport_fastrtps_c;rosidl_typesupport_introspection_c
-- Found rosidl_adapter: 3.1.8 (/opt/ros/humble/share/rosidl_adapter/cmake)
-- Using all available rosidl_typesupport_cpp: rosidl_typesupport_fastrtps_cpp;rosidl_typesupport_introspection_cpp
-- Found std_msgs: 4.9.1 (/opt/ros/humble/share/std_msgs/cmake)
-- Found ament_cmake_cppcheck: 0.12.15 (/opt/ros/humble/share/ament_cmake_cppcheck/cmake)
-- Found ament_cmake_cpplint: 0.12.15 (/opt/ros/humble/share/ament_cmake_cpplint/cmake)
-- Found ament_cmake_uncrustify: 0.12.15 (/opt/ros/humble/share/ament_cmake_uncrustify/cmake)
-- Found ament_cmake_ros: 0.10.0 (/opt/ros/humble/share/ament_cmake_ros/cmake)
-- Using all available rosidl_typesupport_c: rosidl_typesupport_fastrtps_c;rosidl_typesupport_introspection_c
-- Using all available rosidl_typesupport_cpp: rosidl_typesupport_fastrtps_cpp;rosidl_typesupport_introspection_cpp
-- Found PythonInterp: /usr/bin/python3 (found suitable version "3.10.12", minimum required is "3.6") 
-- Found python_cmake_module: 0.10.0 (/opt/ros/humble/share/python_cmake_module/cmake)
-- Found PythonLibs: /usr/lib/aarch64-linux-gnu/libpython3.10.so (found suitable version "3.10.12", minimum required is "3.5") 
-- Using PYTHON_EXECUTABLE: /usr/bin/python3
-- Using PYTHON_INCLUDE_DIRS: /usr/include/python3.10
-- Using PYTHON_LIBRARIES: /usr/lib/aarch64-linux-gnu/libpython3.10.so
-- Found PythonExtra: .so  
-- Found ament_cmake_flake8: 0.12.15 (/opt/ros/humble/share/ament_cmake_flake8/cmake)
-- Found ament_cmake_pep257: 0.12.15 (/opt/ros/humble/share/ament_cmake_pep257/cmake)
-- Configuring done
-- Generating done
-- Build files have been written to: /home/sunrise/dev_ws/build/origincar_msg
[  2%] [34m[1mGenerating C code for ROS interfaces[0m
[  5%] [34m[1mGenerating C++ code for ROS interfaces[0m
[  7%] Built target ament_cmake_python_copy_origincar_msg
[  7%] [34m[1mGenerating Rust code for ROS interfaces[0m
running egg_info
creating origincar_msg.egg-info
writing origincar_msg.egg-info/PKG-INFO
writing dependency_links to origincar_msg.egg-info/dependency_links.txt
writing top-level names to origincar_msg.egg-info/top_level.txt
writing manifest file 'origincar_msg.egg-info/SOURCES.txt'
reading manifest file 'origincar_msg.egg-info/SOURCES.txt'
writing manifest file 'origincar_msg.egg-info/SOURCES.txt'
[  7%] Built target origincar_msg__rs
[  7%] Built target ament_cmake_python_build_origincar_msg_egg
[  7%] Built target origincar_msg__cpp
[ 10%] [34m[1mGenerating C++ type support for eProsima Fast-RTPS[0m
[ 12%] [34m[1mGenerating C++ type support dispatch for ROS interfaces[0m
[ 15%] [34m[1mGenerating C++ introspection for ROS interfaces[0m
[ 17%] [32mBuilding C object CMakeFiles/origincar_msg__rosidl_generator_c.dir/rosidl_generator_c/origincar_msg/msg/detail/sign__functions.c.o[0m
[ 20%] [32mBuilding C object CMakeFiles/origincar_msg__rosidl_generator_c.dir/rosidl_generator_c/origincar_msg/msg/detail/data__functions.c.o[0m
[ 22%] [32m[1mLinking C shared library liborigincar_msg__rosidl_generator_c.so[0m
[ 22%] Built target origincar_msg__rosidl_generator_c
[ 25%] [34m[1mGenerating C type support dispatch for ROS interfaces[0m
[ 27%] [34m[1mGenerating C introspection for ROS interfaces[0m
[ 30%] [34m[1mGenerating C type support for eProsima Fast-RTPS[0m
[ 32%] [32mBuilding CXX object CMakeFiles/origincar_msg__rosidl_typesupport_cpp.dir/rosidl_typesupport_cpp/origincar_msg/msg/data__type_support.cpp.o[0m
[ 35%] [32mBuilding CXX object CMakeFiles/origincar_msg__rosidl_typesupport_cpp.dir/rosidl_typesupport_cpp/origincar_msg/msg/sign__type_support.cpp.o[0m
[ 37%] [32mBuilding CXX object CMakeFiles/origincar_msg__rosidl_typesupport_introspection_cpp.dir/rosidl_typesupport_introspection_cpp/origincar_msg/msg/detail/sign__type_support.cpp.o[0m
[ 42%] [32mBuilding CXX object CMakeFiles/origincar_msg__rosidl_typesupport_introspection_cpp.dir/rosidl_typesupport_introspection_cpp/origincar_msg/msg/detail/data__type_support.cpp.o[0m
[ 42%] [32mBuilding CXX object CMakeFiles/origincar_msg__rosidl_typesupport_fastrtps_cpp.dir/rosidl_typesupport_fastrtps_cpp/origincar_msg/msg/detail/dds_fastrtps/data__type_support.cpp.o[0m
[ 45%] [32mBuilding CXX object CMakeFiles/origincar_msg__rosidl_typesupport_c.dir/rosidl_typesupport_c/origincar_msg/msg/data__type_support.cpp.o[0m
[ 47%] [32mBuilding CXX object CMakeFiles/origincar_msg__rosidl_typesupport_c.dir/rosidl_typesupport_c/origincar_msg/msg/sign__type_support.cpp.o[0m
[ 50%] [32mBuilding CXX object CMakeFiles/origincar_msg__rosidl_typesupport_fastrtps_c.dir/rosidl_typesupport_fastrtps_c/origincar_msg/msg/detail/data__type_support_c.cpp.o[0m
[ 52%] [32mBuilding C object CMakeFiles/origincar_msg__rosidl_typesupport_introspection_c.dir/rosidl_typesupport_introspection_c/origincar_msg/msg/detail/data__type_support.c.o[0m
[ 55%] [32m[1mLinking CXX shared library liborigincar_msg__rosidl_typesupport_c.so[0m
[ 57%] [32mBuilding C object CMakeFiles/origincar_msg__rosidl_typesupport_introspection_c.dir/rosidl_typesupport_introspection_c/origincar_msg/msg/detail/sign__type_support.c.o[0m
[ 57%] Built target origincar_msg__rosidl_typesupport_c
[ 60%] [32mBuilding CXX object CMakeFiles/origincar_msg__rosidl_typesupport_fastrtps_c.dir/rosidl_typesupport_fastrtps_c/origincar_msg/msg/detail/sign__type_support_c.cpp.o[0m
[ 62%] [32m[1mLinking C shared library liborigincar_msg__rosidl_typesupport_introspection_c.so[0m
[ 62%] Built target origincar_msg__rosidl_typesupport_introspection_c
[ 65%] [32mBuilding CXX object CMakeFiles/origincar_msg__rosidl_typesupport_fastrtps_cpp.dir/rosidl_typesupport_fastrtps_cpp/origincar_msg/msg/detail/dds_fastrtps/sign__type_support.cpp.o[0m
[ 67%] [32m[1mLinking CXX shared library liborigincar_msg__rosidl_typesupport_cpp.so[0m
[ 67%] Built target origincar_msg__rosidl_typesupport_cpp
[ 70%] [32m[1mLinking CXX shared library liborigincar_msg__rosidl_typesupport_introspection_cpp.so[0m
[ 70%] Built target origincar_msg__rosidl_typesupport_introspection_cpp
[ 72%] [32m[1mLinking CXX shared library liborigincar_msg__rosidl_typesupport_fastrtps_c.so[0m
[ 75%] [32m[1mLinking CXX shared library liborigincar_msg__rosidl_typesupport_fastrtps_cpp.so[0m
[ 75%] Built target origincar_msg__rosidl_typesupport_fastrtps_c
[ 75%] Built target origincar_msg__rosidl_typesupport_fastrtps_cpp
[ 75%] Built target origincar_msg
[ 77%] [34m[1mGenerating Python code for ROS interfaces[0m
[ 77%] Built target origincar_msg__py
[ 82%] [32mBuilding C object CMakeFiles/origincar_msg__rosidl_generator_py.dir/rosidl_generator_py/origincar_msg/msg/_sign_s.c.o[0m
[ 82%] [32mBuilding C object CMakeFiles/origincar_msg__rosidl_generator_py.dir/rosidl_generator_py/origincar_msg/msg/_data_s.c.o[0m
[ 85%] [32m[1mLinking C shared library rosidl_generator_py/origincar_msg/liborigincar_msg__rosidl_generator_py.so[0m
[ 85%] Built target origincar_msg__rosidl_generator_py
[ 92%] [32mBuilding C object CMakeFiles/origincar_msg__rosidl_typesupport_c__pyext.dir/rosidl_generator_py/origincar_msg/_origincar_msg_s.ep.rosidl_typesupport_c.c.o[0m
[ 92%] [32mBuilding C object CMakeFiles/origincar_msg__rosidl_typesupport_fastrtps_c__pyext.dir/rosidl_generator_py/origincar_msg/_origincar_msg_s.ep.rosidl_typesupport_fastrtps_c.c.o[0m
[ 92%] [32mBuilding C object CMakeFiles/origincar_msg__rosidl_typesupport_introspection_c__pyext.dir/rosidl_generator_py/origincar_msg/_origincar_msg_s.ep.rosidl_typesupport_introspection_c.c.o[0m
[100%] [32m[1mLinking C shared library rosidl_generator_py/origincar_msg/origincar_msg_s__rosidl_typesupport_introspection_c.cpython-310-aarch64-linux-gnu.so[0m
[100%] [32m[1mLinking C shared library rosidl_generator_py/origincar_msg/origincar_msg_s__rosidl_typesupport_fastrtps_c.cpython-310-aarch64-linux-gnu.so[0m
[100%] [32m[1mLinking C shared library rosidl_generator_py/origincar_msg/origincar_msg_s__rosidl_typesupport_c.cpython-310-aarch64-linux-gnu.so[0m
[100%] Built target origincar_msg__rosidl_typesupport_fastrtps_c__pyext
[100%] Built target origincar_msg__rosidl_typesupport_c__pyext
[100%] Built target origincar_msg__rosidl_typesupport_introspection_c__pyext
-- Install configuration: ""
-- Installing: /home/sunrise/dev_ws/install/origincar_msg/share/ament_index/resource_index/rosidl_interfaces/origincar_msg
-- Installing: /home/sunrise/dev_ws/install/origincar_msg/include/origincar_msg/origincar_msg
-- Installing: /home/sunrise/dev_ws/install/origincar_msg/include/origincar_msg/origincar_msg/msg
-- Installing: /home/sunrise/dev_ws/install/origincar_msg/include/origincar_msg/origincar_msg/msg/rosidl_generator_c__visibility_control.h
-- Installing: /home/sunrise/dev_ws/install/origincar_msg/include/origincar_msg/origincar_msg/msg/sign.h
-- Installing: /home/sunrise/dev_ws/install/origincar_msg/include/origincar_msg/origincar_msg/msg/detail
-- Installing: /home/sunrise/dev_ws/install/origincar_msg/include/origincar_msg/origincar_msg/msg/detail/data__type_support.h
-- Installing: /home/sunrise/dev_ws/install/origincar_msg/include/origincar_msg/origincar_msg/msg/detail/sign__functions.h
-- Installing: /home/sunrise/dev_ws/install/origincar_msg/include/origincar_msg/origincar_msg/msg/detail/sign__struct.h
-- Installing: /home/sunrise/dev_ws/install/origincar_msg/include/origincar_msg/origincar_msg/msg/detail/data__functions.c
-- Installing: /home/sunrise/dev_ws/install/origincar_msg/include/origincar_msg/origincar_msg/msg/detail/data__functions.h
-- Installing: /home/sunrise/dev_ws/install/origincar_msg/include/origincar_msg/origincar_msg/msg/detail/sign__type_support.h
-- Installing: /home/sunrise/dev_ws/install/origincar_msg/include/origincar_msg/origincar_msg/msg/detail/sign__functions.c
-- Installing: /home/sunrise/dev_ws/install/origincar_msg/include/origincar_msg/origincar_msg/msg/detail/data__struct.h
-- Installing: /home/sunrise/dev_ws/install/origincar_msg/include/origincar_msg/origincar_msg/msg/data.h
-- Installing: /home/sunrise/dev_ws/install/origincar_msg/share/origincar_msg/environment/library_path.sh
-- Installing: /home/sunrise/dev_ws/install/origincar_msg/share/origincar_msg/environment/library_path.dsv
-- Installing: /home/sunrise/dev_ws/install/origincar_msg/lib/liborigincar_msg__rosidl_generator_c.so
-- Set runtime path of "/home/sunrise/dev_ws/install/origincar_msg/lib/liborigincar_msg__rosidl_generator_c.so" to ""
-- Up-to-date: /home/sunrise/dev_ws/install/origincar_msg/include/origincar_msg/origincar_msg
-- Up-to-date: /home/sunrise/dev_ws/install/origincar_msg/include/origincar_msg/origincar_msg/msg
-- Installing: /home/sunrise/dev_ws/install/origincar_msg/include/origincar_msg/origincar_msg/msg/rosidl_typesupport_fastrtps_c__visibility_control.h
-- Up-to-date: /home/sunrise/dev_ws/install/origincar_msg/include/origincar_msg/origincar_msg/msg/detail
-- Installing: /home/sunrise/dev_ws/install/origincar_msg/include/origincar_msg/origincar_msg/msg/detail/sign__rosidl_typesupport_fastrtps_c.h
-- Installing: /home/sunrise/dev_ws/install/origincar_msg/include/origincar_msg/origincar_msg/msg/detail/data__rosidl_typesupport_fastrtps_c.h
-- Installing: /home/sunrise/dev_ws/install/origincar_msg/lib/liborigincar_msg__rosidl_typesupport_fastrtps_c.so
-- Set runtime path of "/home/sunrise/dev_ws/install/origincar_msg/lib/liborigincar_msg__rosidl_typesupport_fastrtps_c.so" to ""
-- Up-to-date: /home/sunrise/dev_ws/install/origincar_msg/include/origincar_msg/origincar_msg
-- Up-to-date: /home/sunrise/dev_ws/install/origincar_msg/include/origincar_msg/origincar_msg/msg
-- Installing: /home/sunrise/dev_ws/install/origincar_msg/include/origincar_msg/origincar_msg/msg/rosidl_typesupport_introspection_c__visibility_control.h
-- Up-to-date: /home/sunrise/dev_ws/install/origincar_msg/include/origincar_msg/origincar_msg/msg/detail
-- Installing: /home/sunrise/dev_ws/install/origincar_msg/include/origincar_msg/origincar_msg/msg/detail/sign__rosidl_typesupport_introspection_c.h
-- Installing: /home/sunrise/dev_ws/install/origincar_msg/include/origincar_msg/origincar_msg/msg/detail/data__rosidl_typesupport_introspection_c.h
-- Installing: /home/sunrise/dev_ws/install/origincar_msg/include/origincar_msg/origincar_msg/msg/detail/data__type_support.c
-- Installing: /home/sunrise/dev_ws/install/origincar_msg/include/origincar_msg/origincar_msg/msg/detail/sign__type_support.c
-- Installing: /home/sunrise/dev_ws/install/origincar_msg/lib/liborigincar_msg__rosidl_typesupport_introspection_c.so
-- Set runtime path of "/home/sunrise/dev_ws/install/origincar_msg/lib/liborigincar_msg__rosidl_typesupport_introspection_c.so" to ""
-- Installing: /home/sunrise/dev_ws/install/origincar_msg/lib/liborigincar_msg__rosidl_typesupport_c.so
-- Set runtime path of "/home/sunrise/dev_ws/install/origincar_msg/lib/liborigincar_msg__rosidl_typesupport_c.so" to ""
-- Up-to-date: /home/sunrise/dev_ws/install/origincar_msg/include/origincar_msg/origincar_msg
-- Up-to-date: /home/sunrise/dev_ws/install/origincar_msg/include/origincar_msg/origincar_msg/msg
-- Installing: /home/sunrise/dev_ws/install/origincar_msg/include/origincar_msg/origincar_msg/msg/data.hpp
-- Up-to-date: /home/sunrise/dev_ws/install/origincar_msg/include/origincar_msg/origincar_msg/msg/detail
-- Installing: /home/sunrise/dev_ws/install/origincar_msg/include/origincar_msg/origincar_msg/msg/detail/sign__traits.hpp
-- Installing: /home/sunrise/dev_ws/install/origincar_msg/include/origincar_msg/origincar_msg/msg/detail/sign__builder.hpp
-- Installing: /home/sunrise/dev_ws/install/origincar_msg/include/origincar_msg/origincar_msg/msg/detail/data__type_support.hpp
-- Installing: /home/sunrise/dev_ws/install/origincar_msg/include/origincar_msg/origincar_msg/msg/detail/data__builder.hpp
-- Installing: /home/sunrise/dev_ws/install/origincar_msg/include/origincar_msg/origincar_msg/msg/detail/data__struct.hpp
-- Installing: /home/sunrise/dev_ws/install/origincar_msg/include/origincar_msg/origincar_msg/msg/detail/sign__type_support.hpp
-- Installing: /home/sunrise/dev_ws/install/origincar_msg/include/origincar_msg/origincar_msg/msg/detail/sign__struct.hpp
-- Installing: /home/sunrise/dev_ws/install/origincar_msg/include/origincar_msg/origincar_msg/msg/detail/data__traits.hpp
-- Installing: /home/sunrise/dev_ws/install/origincar_msg/include/origincar_msg/origincar_msg/msg/rosidl_generator_cpp__visibility_control.hpp
-- Installing: /home/sunrise/dev_ws/install/origincar_msg/include/origincar_msg/origincar_msg/msg/sign.hpp
-- Up-to-date: /home/sunrise/dev_ws/install/origincar_msg/include/origincar_msg/origincar_msg
-- Up-to-date: /home/sunrise/dev_ws/install/origincar_msg/include/origincar_msg/origincar_msg/msg
-- Up-to-date: /home/sunrise/dev_ws/install/origincar_msg/include/origincar_msg/origincar_msg/msg/detail
-- Installing: /home/sunrise/dev_ws/install/origincar_msg/include/origincar_msg/origincar_msg/msg/detail/dds_fastrtps
-- Installing: /home/sunrise/dev_ws/install/origincar_msg/include/origincar_msg/origincar_msg/msg/detail/sign__rosidl_typesupport_fastrtps_cpp.hpp
-- Installing: /home/sunrise/dev_ws/install/origincar_msg/include/origincar_msg/origincar_msg/msg/detail/data__rosidl_typesupport_fastrtps_cpp.hpp
-- Installing: /home/sunrise/dev_ws/install/origincar_msg/include/origincar_msg/origincar_msg/msg/rosidl_typesupport_fastrtps_cpp__visibility_control.h
-- Installing: /home/sunrise/dev_ws/install/origincar_msg/lib/liborigincar_msg__rosidl_typesupport_fastrtps_cpp.so
-- Set runtime path of "/home/sunrise/dev_ws/install/origincar_msg/lib/liborigincar_msg__rosidl_typesupport_fastrtps_cpp.so" to ""
-- Up-to-date: /home/sunrise/dev_ws/install/origincar_msg/include/origincar_msg/origincar_msg
-- Up-to-date: /home/sunrise/dev_ws/install/origincar_msg/include/origincar_msg/origincar_msg/msg
-- Up-to-date: /home/sunrise/dev_ws/install/origincar_msg/include/origincar_msg/origincar_msg/msg/detail
-- Installing: /home/sunrise/dev_ws/install/origincar_msg/include/origincar_msg/origincar_msg/msg/detail/data__rosidl_typesupport_introspection_cpp.hpp
-- Installing: /home/sunrise/dev_ws/install/origincar_msg/include/origincar_msg/origincar_msg/msg/detail/data__type_support.cpp
-- Installing: /home/sunrise/dev_ws/install/origincar_msg/include/origincar_msg/origincar_msg/msg/detail/sign__rosidl_typesupport_introspection_cpp.hpp
-- Installing: /home/sunrise/dev_ws/install/origincar_msg/include/origincar_msg/origincar_msg/msg/detail/sign__type_support.cpp
-- Installing: /home/sunrise/dev_ws/install/origincar_msg/lib/liborigincar_msg__rosidl_typesupport_introspection_cpp.so
-- Set runtime path of "/home/sunrise/dev_ws/install/origincar_msg/lib/liborigincar_msg__rosidl_typesupport_introspection_cpp.so" to ""
-- Installing: /home/sunrise/dev_ws/install/origincar_msg/lib/liborigincar_msg__rosidl_typesupport_cpp.so
-- Set runtime path of "/home/sunrise/dev_ws/install/origincar_msg/lib/liborigincar_msg__rosidl_typesupport_cpp.so" to ""
-- Installing: /home/sunrise/dev_ws/install/origincar_msg/share/origincar_msg/environment/pythonpath.sh
-- Installing: /home/sunrise/dev_ws/install/origincar_msg/share/origincar_msg/environment/pythonpath.dsv
-- Installing: /home/sunrise/dev_ws/install/origincar_msg/local/lib/python3.10/dist-packages/origincar_msg-0.0.0-py3.10.egg-info
-- Installing: /home/sunrise/dev_ws/install/origincar_msg/local/lib/python3.10/dist-packages/origincar_msg-0.0.0-py3.10.egg-info/SOURCES.txt
-- Installing: /home/sunrise/dev_ws/install/origincar_msg/local/lib/python3.10/dist-packages/origincar_msg-0.0.0-py3.10.egg-info/PKG-INFO
-- Installing: /home/sunrise/dev_ws/install/origincar_msg/local/lib/python3.10/dist-packages/origincar_msg-0.0.0-py3.10.egg-info/dependency_links.txt
-- Installing: /home/sunrise/dev_ws/install/origincar_msg/local/lib/python3.10/dist-packages/origincar_msg-0.0.0-py3.10.egg-info/top_level.txt
-- Installing: /home/sunrise/dev_ws/install/origincar_msg/local/lib/python3.10/dist-packages/origincar_msg
-- Installing: /home/sunrise/dev_ws/install/origincar_msg/local/lib/python3.10/dist-packages/origincar_msg/_origincar_msg_s.ep.rosidl_typesupport_c.c
-- Installing: /home/sunrise/dev_ws/install/origincar_msg/local/lib/python3.10/dist-packages/origincar_msg/msg
-- Installing: /home/sunrise/dev_ws/install/origincar_msg/local/lib/python3.10/dist-packages/origincar_msg/msg/_sign_s.c
-- Installing: /home/sunrise/dev_ws/install/origincar_msg/local/lib/python3.10/dist-packages/origincar_msg/msg/_sign.py
-- Installing: /home/sunrise/dev_ws/install/origincar_msg/local/lib/python3.10/dist-packages/origincar_msg/msg/_data.py
-- Installing: /home/sunrise/dev_ws/install/origincar_msg/local/lib/python3.10/dist-packages/origincar_msg/msg/__init__.py
-- Installing: /home/sunrise/dev_ws/install/origincar_msg/local/lib/python3.10/dist-packages/origincar_msg/msg/_data_s.c
-- Installing: /home/sunrise/dev_ws/install/origincar_msg/local/lib/python3.10/dist-packages/origincar_msg/origincar_msg_s__rosidl_typesupport_introspection_c.cpython-310-aarch64-linux-gnu.so
-- Installing: /home/sunrise/dev_ws/install/origincar_msg/local/lib/python3.10/dist-packages/origincar_msg/__init__.py
-- Installing: /home/sunrise/dev_ws/install/origincar_msg/local/lib/python3.10/dist-packages/origincar_msg/origincar_msg_s__rosidl_typesupport_c.cpython-310-aarch64-linux-gnu.so
-- Installing: /home/sunrise/dev_ws/install/origincar_msg/local/lib/python3.10/dist-packages/origincar_msg/origincar_msg_s__rosidl_typesupport_fastrtps_c.cpython-310-aarch64-linux-gnu.so
-- Installing: /home/sunrise/dev_ws/install/origincar_msg/local/lib/python3.10/dist-packages/origincar_msg/_origincar_msg_s.ep.rosidl_typesupport_fastrtps_c.c
-- Installing: /home/sunrise/dev_ws/install/origincar_msg/local/lib/python3.10/dist-packages/origincar_msg/liborigincar_msg__rosidl_generator_py.so
-- Installing: /home/sunrise/dev_ws/install/origincar_msg/local/lib/python3.10/dist-packages/origincar_msg/_origincar_msg_s.ep.rosidl_typesupport_introspection_c.c
Listing '/home/sunrise/dev_ws/install/origincar_msg/local/lib/python3.10/dist-packages/origincar_msg'...
Compiling '/home/sunrise/dev_ws/install/origincar_msg/local/lib/python3.10/dist-packages/origincar_msg/__init__.py'...
Listing '/home/sunrise/dev_ws/install/origincar_msg/local/lib/python3.10/dist-packages/origincar_msg/msg'...
Compiling '/home/sunrise/dev_ws/install/origincar_msg/local/lib/python3.10/dist-packages/origincar_msg/msg/__init__.py'...
Compiling '/home/sunrise/dev_ws/install/origincar_msg/local/lib/python3.10/dist-packages/origincar_msg/msg/_data.py'...
Compiling '/home/sunrise/dev_ws/install/origincar_msg/local/lib/python3.10/dist-packages/origincar_msg/msg/_sign.py'...
-- Installing: /home/sunrise/dev_ws/install/origincar_msg/local/lib/python3.10/dist-packages/origincar_msg/origincar_msg_s__rosidl_typesupport_fastrtps_c.cpython-310-aarch64-linux-gnu.so
-- Set runtime path of "/home/sunrise/dev_ws/install/origincar_msg/local/lib/python3.10/dist-packages/origincar_msg/origincar_msg_s__rosidl_typesupport_fastrtps_c.cpython-310-aarch64-linux-gnu.so" to ""
-- Installing: /home/sunrise/dev_ws/install/origincar_msg/local/lib/python3.10/dist-packages/origincar_msg/origincar_msg_s__rosidl_typesupport_introspection_c.cpython-310-aarch64-linux-gnu.so
-- Set runtime path of "/home/sunrise/dev_ws/install/origincar_msg/local/lib/python3.10/dist-packages/origincar_msg/origincar_msg_s__rosidl_typesupport_introspection_c.cpython-310-aarch64-linux-gnu.so" to ""
-- Installing: /home/sunrise/dev_ws/install/origincar_msg/local/lib/python3.10/dist-packages/origincar_msg/origincar_msg_s__rosidl_typesupport_c.cpython-310-aarch64-linux-gnu.so
-- Set runtime path of "/home/sunrise/dev_ws/install/origincar_msg/local/lib/python3.10/dist-packages/origincar_msg/origincar_msg_s__rosidl_typesupport_c.cpython-310-aarch64-linux-gnu.so" to ""
-- Installing: /home/sunrise/dev_ws/install/origincar_msg/lib/liborigincar_msg__rosidl_generator_py.so
-- Set runtime path of "/home/sunrise/dev_ws/install/origincar_msg/lib/liborigincar_msg__rosidl_generator_py.so" to ""
-- Installing: /home/sunrise/dev_ws/install/origincar_msg/share/ament_index/resource_index/rust_packages/origincar_msg
-- Installing: /home/sunrise/dev_ws/install/origincar_msg/share/origincar_msg/rust
-- Installing: /home/sunrise/dev_ws/install/origincar_msg/share/origincar_msg/rust/src
-- Installing: /home/sunrise/dev_ws/install/origincar_msg/share/origincar_msg/rust/src/msg.rs
-- Installing: /home/sunrise/dev_ws/install/origincar_msg/share/origincar_msg/rust/src/msg
-- Installing: /home/sunrise/dev_ws/install/origincar_msg/share/origincar_msg/rust/src/msg/rmw.rs
-- Installing: /home/sunrise/dev_ws/install/origincar_msg/share/origincar_msg/rust/src/lib.rs
-- Installing: /home/sunrise/dev_ws/install/origincar_msg/share/origincar_msg/rust/build.rs
-- Installing: /home/sunrise/dev_ws/install/origincar_msg/share/origincar_msg/rust/Cargo.toml
-- Installing: /home/sunrise/dev_ws/install/origincar_msg/share/origincar_msg/msg/Data.idl
-- Installing: /home/sunrise/dev_ws/install/origincar_msg/share/origincar_msg/msg/Sign.idl
-- Installing: /home/sunrise/dev_ws/install/origincar_msg/share/origincar_msg/msg/Data.msg
-- Installing: /home/sunrise/dev_ws/install/origincar_msg/share/origincar_msg/msg/Sign.msg
-- Installing: /home/sunrise/dev_ws/install/origincar_msg/share/ament_index/resource_index/package_run_dependencies/origincar_msg
-- Installing: /home/sunrise/dev_ws/install/origincar_msg/share/ament_index/resource_index/parent_prefix_path/origincar_msg
-- Installing: /home/sunrise/dev_ws/install/origincar_msg/share/origincar_msg/environment/ament_prefix_path.sh
-- Installing: /home/sunrise/dev_ws/install/origincar_msg/share/origincar_msg/environment/ament_prefix_path.dsv
-- Installing: /home/sunrise/dev_ws/install/origincar_msg/share/origincar_msg/environment/path.sh
-- Installing: /home/sunrise/dev_ws/install/origincar_msg/share/origincar_msg/environment/path.dsv
-- Installing: /home/sunrise/dev_ws/install/origincar_msg/share/origincar_msg/local_setup.bash
-- Installing: /home/sunrise/dev_ws/install/origincar_msg/share/origincar_msg/local_setup.sh
-- Installing: /home/sunrise/dev_ws/install/origincar_msg/share/origincar_msg/local_setup.zsh
-- Installing: /home/sunrise/dev_ws/install/origincar_msg/share/origincar_msg/local_setup.dsv
-- Installing: /home/sunrise/dev_ws/install/origincar_msg/share/origincar_msg/package.dsv
-- Installing: /home/sunrise/dev_ws/install/origincar_msg/share/ament_index/resource_index/packages/origincar_msg
-- Installing: /home/sunrise/dev_ws/install/origincar_msg/share/origincar_msg/cmake/export_origincar_msg__rosidl_generator_cExport.cmake
-- Installing: /home/sunrise/dev_ws/install/origincar_msg/share/origincar_msg/cmake/export_origincar_msg__rosidl_generator_cExport-noconfig.cmake
-- Installing: /home/sunrise/dev_ws/install/origincar_msg/share/origincar_msg/cmake/export_origincar_msg__rosidl_typesupport_fastrtps_cExport.cmake
-- Installing: /home/sunrise/dev_ws/install/origincar_msg/share/origincar_msg/cmake/export_origincar_msg__rosidl_typesupport_fastrtps_cExport-noconfig.cmake
-- Installing: /home/sunrise/dev_ws/install/origincar_msg/share/origincar_msg/cmake/origincar_msg__rosidl_typesupport_introspection_cExport.cmake
-- Installing: /home/sunrise/dev_ws/install/origincar_msg/share/origincar_msg/cmake/origincar_msg__rosidl_typesupport_introspection_cExport-noconfig.cmake
-- Installing: /home/sunrise/dev_ws/install/origincar_msg/share/origincar_msg/cmake/origincar_msg__rosidl_typesupport_cExport.cmake
-- Installing: /home/sunrise/dev_ws/install/origincar_msg/share/origincar_msg/cmake/origincar_msg__rosidl_typesupport_cExport-noconfig.cmake
-- Installing: /home/sunrise/dev_ws/install/origincar_msg/share/origincar_msg/cmake/export_origincar_msg__rosidl_generator_cppExport.cmake
-- Installing: /home/sunrise/dev_ws/install/origincar_msg/share/origincar_msg/cmake/export_origincar_msg__rosidl_typesupport_fastrtps_cppExport.cmake
-- Installing: /home/sunrise/dev_ws/install/origincar_msg/share/origincar_msg/cmake/export_origincar_msg__rosidl_typesupport_fastrtps_cppExport-noconfig.cmake
-- Installing: /home/sunrise/dev_ws/install/origincar_msg/share/origincar_msg/cmake/origincar_msg__rosidl_typesupport_introspection_cppExport.cmake
-- Installing: /home/sunrise/dev_ws/install/origincar_msg/share/origincar_msg/cmake/origincar_msg__rosidl_typesupport_introspection_cppExport-noconfig.cmake
-- Installing: /home/sunrise/dev_ws/install/origincar_msg/share/origincar_msg/cmake/origincar_msg__rosidl_typesupport_cppExport.cmake
-- Installing: /home/sunrise/dev_ws/install/origincar_msg/share/origincar_msg/cmake/origincar_msg__rosidl_typesupport_cppExport-noconfig.cmake
-- Installing: /home/sunrise/dev_ws/install/origincar_msg/share/origincar_msg/cmake/export_origincar_msg__rosidl_generator_pyExport.cmake
-- Installing: /home/sunrise/dev_ws/install/origincar_msg/share/origincar_msg/cmake/export_origincar_msg__rosidl_generator_pyExport-noconfig.cmake
-- Installing: /home/sunrise/dev_ws/install/origincar_msg/share/origincar_msg/cmake/rosidl_cmake-extras.cmake
-- Installing: /home/sunrise/dev_ws/install/origincar_msg/share/origincar_msg/cmake/ament_cmake_export_dependencies-extras.cmake
-- Installing: /home/sunrise/dev_ws/install/origincar_msg/share/origincar_msg/cmake/ament_cmake_export_include_directories-extras.cmake
-- Installing: /home/sunrise/dev_ws/install/origincar_msg/share/origincar_msg/cmake/ament_cmake_export_libraries-extras.cmake
-- Installing: /home/sunrise/dev_ws/install/origincar_msg/share/origincar_msg/cmake/ament_cmake_export_targets-extras.cmake
-- Installing: /home/sunrise/dev_ws/install/origincar_msg/share/origincar_msg/cmake/rosidl_cmake_export_typesupport_targets-extras.cmake
-- Installing: /home/sunrise/dev_ws/install/origincar_msg/share/origincar_msg/cmake/rosidl_cmake_export_typesupport_libraries-extras.cmake
-- Installing: /home/sunrise/dev_ws/install/origincar_msg/share/origincar_msg/cmake/origincar_msgConfig.cmake
-- Installing: /home/sunrise/dev_ws/install/origincar_msg/share/origincar_msg/cmake/origincar_msgConfig-version.cmake
-- Installing: /home/sunrise/dev_ws/install/origincar_msg/share/origincar_msg/package.xml
