[35m[1mConsolidate compiler generated dependencies of target origincar_base__rosidl_generator_c[0m
[35m[1mConsolidate compiler generated dependencies of target origincar_base_node[0m
[  2%] Built target origincar_base__cpp
[  5%] Built target origincar_base__rs
[ 14%] Built target origincar_base__rosidl_generator_c
[35m[1mConsolidate compiler generated dependencies of target origincar_base__rosidl_typesupport_fastrtps_cpp[0m
[35m[1mConsolidate compiler generated dependencies of target origincar_base__rosidl_typesupport_cpp[0m
[ 14%] Built target ament_cmake_python_copy_origincar_base
[35m[1mConsolidate compiler generated dependencies of target origincar_base__rosidl_typesupport_introspection_cpp[0m
[35m[1mConsolidate compiler generated dependencies of target origincar_base__rosidl_typesupport_c[0m
[ 22%] Built target origincar_base__rosidl_typesupport_fastrtps_cpp
[ 31%] Built target origincar_base__rosidl_typesupport_cpp
[ 40%] Built target origincar_base__rosidl_typesupport_introspection_cpp
[ 48%] Built target origincar_base__rosidl_typesupport_c
[35m[1mConsolidate compiler generated dependencies of target origincar_base__rosidl_typesupport_introspection_c[0m
[35m[1mConsolidate compiler generated dependencies of target origincar_base__rosidl_typesupport_fastrtps_c[0m
[ 57%] Built target origincar_base__rosidl_typesupport_introspection_c
[ 74%] Built target origincar_base__rosidl_typesupport_fastrtps_c
[ 74%] Built target origincar_base_node
[ 74%] Built target origincar_base
[ 77%] Built target origincar_base__py
[35m[1mConsolidate compiler generated dependencies of target origincar_base__rosidl_generator_py[0m
[ 82%] Built target origincar_base__rosidl_generator_py
[35m[1mConsolidate compiler generated dependencies of target origincar_base__rosidl_typesupport_fastrtps_c__pyext[0m
[35m[1mConsolidate compiler generated dependencies of target origincar_base__rosidl_typesupport_introspection_c__pyext[0m
[35m[1mConsolidate compiler generated dependencies of target origincar_base__rosidl_typesupport_c__pyext[0m
[ 88%] Built target origincar_base__rosidl_typesupport_introspection_c__pyext
[ 94%] Built target origincar_base__rosidl_typesupport_fastrtps_c__pyext
[100%] Built target origincar_base__rosidl_typesupport_c__pyext
running egg_info
writing origincar_base.egg-info/PKG-INFO
writing dependency_links to origincar_base.egg-info/dependency_links.txt
writing top-level names to origincar_base.egg-info/top_level.txt
reading manifest file 'origincar_base.egg-info/SOURCES.txt'
writing manifest file 'origincar_base.egg-info/SOURCES.txt'
[100%] Built target ament_cmake_python_build_origincar_base_egg
-- Install configuration: ""
-- Up-to-date: /home/sunrise/dev_ws/install/origincar_base/share/ament_index/resource_index/rosidl_interfaces/origincar_base
-- Up-to-date: /home/sunrise/dev_ws/install/origincar_base/include/origincar_base/origincar_base
-- Up-to-date: /home/sunrise/dev_ws/install/origincar_base/include/origincar_base/origincar_base/msg
-- Up-to-date: /home/sunrise/dev_ws/install/origincar_base/include/origincar_base/origincar_base/msg/position.h
-- Up-to-date: /home/sunrise/dev_ws/install/origincar_base/include/origincar_base/origincar_base/msg/rosidl_generator_c__visibility_control.h
-- Up-to-date: /home/sunrise/dev_ws/install/origincar_base/include/origincar_base/origincar_base/msg/detail
-- Up-to-date: /home/sunrise/dev_ws/install/origincar_base/include/origincar_base/origincar_base/msg/detail/position__type_support.h
-- Up-to-date: /home/sunrise/dev_ws/install/origincar_base/include/origincar_base/origincar_base/msg/detail/position__functions.h
-- Up-to-date: /home/sunrise/dev_ws/install/origincar_base/include/origincar_base/origincar_base/msg/detail/position__struct.h
-- Up-to-date: /home/sunrise/dev_ws/install/origincar_base/include/origincar_base/origincar_base/msg/detail/position__functions.c
-- Up-to-date: /home/sunrise/dev_ws/install/origincar_base/share/origincar_base/environment/library_path.sh
-- Up-to-date: /home/sunrise/dev_ws/install/origincar_base/share/origincar_base/environment/library_path.dsv
-- Up-to-date: /home/sunrise/dev_ws/install/origincar_base/lib/liborigincar_base__rosidl_generator_c.so
-- Up-to-date: /home/sunrise/dev_ws/install/origincar_base/include/origincar_base/origincar_base
-- Up-to-date: /home/sunrise/dev_ws/install/origincar_base/include/origincar_base/origincar_base/msg
-- Up-to-date: /home/sunrise/dev_ws/install/origincar_base/include/origincar_base/origincar_base/msg/rosidl_typesupport_fastrtps_c__visibility_control.h
-- Up-to-date: /home/sunrise/dev_ws/install/origincar_base/include/origincar_base/origincar_base/msg/detail
-- Up-to-date: /home/sunrise/dev_ws/install/origincar_base/include/origincar_base/origincar_base/msg/detail/position__rosidl_typesupport_fastrtps_c.h
-- Up-to-date: /home/sunrise/dev_ws/install/origincar_base/lib/liborigincar_base__rosidl_typesupport_fastrtps_c.so
-- Up-to-date: /home/sunrise/dev_ws/install/origincar_base/include/origincar_base/origincar_base
-- Up-to-date: /home/sunrise/dev_ws/install/origincar_base/include/origincar_base/origincar_base/msg
-- Up-to-date: /home/sunrise/dev_ws/install/origincar_base/include/origincar_base/origincar_base/msg/position.hpp
-- Up-to-date: /home/sunrise/dev_ws/install/origincar_base/include/origincar_base/origincar_base/msg/detail
-- Up-to-date: /home/sunrise/dev_ws/install/origincar_base/include/origincar_base/origincar_base/msg/detail/position__struct.hpp
-- Up-to-date: /home/sunrise/dev_ws/install/origincar_base/include/origincar_base/origincar_base/msg/detail/position__type_support.hpp
-- Up-to-date: /home/sunrise/dev_ws/install/origincar_base/include/origincar_base/origincar_base/msg/detail/position__traits.hpp
-- Up-to-date: /home/sunrise/dev_ws/install/origincar_base/include/origincar_base/origincar_base/msg/detail/position__builder.hpp
-- Up-to-date: /home/sunrise/dev_ws/install/origincar_base/include/origincar_base/origincar_base/msg/rosidl_generator_cpp__visibility_control.hpp
-- Up-to-date: /home/sunrise/dev_ws/install/origincar_base/include/origincar_base/origincar_base
-- Up-to-date: /home/sunrise/dev_ws/install/origincar_base/include/origincar_base/origincar_base/msg
-- Up-to-date: /home/sunrise/dev_ws/install/origincar_base/include/origincar_base/origincar_base/msg/detail
-- Up-to-date: /home/sunrise/dev_ws/install/origincar_base/include/origincar_base/origincar_base/msg/detail/position__rosidl_typesupport_fastrtps_cpp.hpp
-- Up-to-date: /home/sunrise/dev_ws/install/origincar_base/include/origincar_base/origincar_base/msg/detail/dds_fastrtps
-- Up-to-date: /home/sunrise/dev_ws/install/origincar_base/include/origincar_base/origincar_base/msg/rosidl_typesupport_fastrtps_cpp__visibility_control.h
-- Up-to-date: /home/sunrise/dev_ws/install/origincar_base/lib/liborigincar_base__rosidl_typesupport_fastrtps_cpp.so
-- Up-to-date: /home/sunrise/dev_ws/install/origincar_base/include/origincar_base/origincar_base
-- Up-to-date: /home/sunrise/dev_ws/install/origincar_base/include/origincar_base/origincar_base/msg
-- Up-to-date: /home/sunrise/dev_ws/install/origincar_base/include/origincar_base/origincar_base/msg/rosidl_typesupport_introspection_c__visibility_control.h
-- Up-to-date: /home/sunrise/dev_ws/install/origincar_base/include/origincar_base/origincar_base/msg/detail
-- Up-to-date: /home/sunrise/dev_ws/install/origincar_base/include/origincar_base/origincar_base/msg/detail/position__type_support.c
-- Up-to-date: /home/sunrise/dev_ws/install/origincar_base/include/origincar_base/origincar_base/msg/detail/position__rosidl_typesupport_introspection_c.h
-- Up-to-date: /home/sunrise/dev_ws/install/origincar_base/lib/liborigincar_base__rosidl_typesupport_introspection_c.so
-- Up-to-date: /home/sunrise/dev_ws/install/origincar_base/lib/liborigincar_base__rosidl_typesupport_c.so
-- Up-to-date: /home/sunrise/dev_ws/install/origincar_base/include/origincar_base/origincar_base
-- Up-to-date: /home/sunrise/dev_ws/install/origincar_base/include/origincar_base/origincar_base/msg
-- Up-to-date: /home/sunrise/dev_ws/install/origincar_base/include/origincar_base/origincar_base/msg/detail
-- Up-to-date: /home/sunrise/dev_ws/install/origincar_base/include/origincar_base/origincar_base/msg/detail/position__rosidl_typesupport_introspection_cpp.hpp
-- Up-to-date: /home/sunrise/dev_ws/install/origincar_base/include/origincar_base/origincar_base/msg/detail/position__type_support.cpp
-- Up-to-date: /home/sunrise/dev_ws/install/origincar_base/lib/liborigincar_base__rosidl_typesupport_introspection_cpp.so
-- Up-to-date: /home/sunrise/dev_ws/install/origincar_base/lib/liborigincar_base__rosidl_typesupport_cpp.so
-- Up-to-date: /home/sunrise/dev_ws/install/origincar_base/share/origincar_base/environment/pythonpath.sh
-- Up-to-date: /home/sunrise/dev_ws/install/origincar_base/share/origincar_base/environment/pythonpath.dsv
-- Up-to-date: /home/sunrise/dev_ws/install/origincar_base/local/lib/python3.10/dist-packages/origincar_base-0.0.0-py3.10.egg-info
-- Installing: /home/sunrise/dev_ws/install/origincar_base/local/lib/python3.10/dist-packages/origincar_base-0.0.0-py3.10.egg-info/SOURCES.txt
-- Installing: /home/sunrise/dev_ws/install/origincar_base/local/lib/python3.10/dist-packages/origincar_base-0.0.0-py3.10.egg-info/PKG-INFO
-- Installing: /home/sunrise/dev_ws/install/origincar_base/local/lib/python3.10/dist-packages/origincar_base-0.0.0-py3.10.egg-info/dependency_links.txt
-- Installing: /home/sunrise/dev_ws/install/origincar_base/local/lib/python3.10/dist-packages/origincar_base-0.0.0-py3.10.egg-info/top_level.txt
-- Up-to-date: /home/sunrise/dev_ws/install/origincar_base/local/lib/python3.10/dist-packages/origincar_base
-- Up-to-date: /home/sunrise/dev_ws/install/origincar_base/local/lib/python3.10/dist-packages/origincar_base/_origincar_base_s.ep.rosidl_typesupport_fastrtps_c.c
-- Up-to-date: /home/sunrise/dev_ws/install/origincar_base/local/lib/python3.10/dist-packages/origincar_base/msg
-- Up-to-date: /home/sunrise/dev_ws/install/origincar_base/local/lib/python3.10/dist-packages/origincar_base/msg/_position_s.c
-- Up-to-date: /home/sunrise/dev_ws/install/origincar_base/local/lib/python3.10/dist-packages/origincar_base/msg/_position.py
-- Up-to-date: /home/sunrise/dev_ws/install/origincar_base/local/lib/python3.10/dist-packages/origincar_base/msg/__init__.py
-- Up-to-date: /home/sunrise/dev_ws/install/origincar_base/local/lib/python3.10/dist-packages/origincar_base/liborigincar_base__rosidl_generator_py.so
-- Up-to-date: /home/sunrise/dev_ws/install/origincar_base/local/lib/python3.10/dist-packages/origincar_base/origincar_base_s__rosidl_typesupport_fastrtps_c.cpython-310-aarch64-linux-gnu.so
-- Up-to-date: /home/sunrise/dev_ws/install/origincar_base/local/lib/python3.10/dist-packages/origincar_base/_origincar_base_s.ep.rosidl_typesupport_c.c
-- Up-to-date: /home/sunrise/dev_ws/install/origincar_base/local/lib/python3.10/dist-packages/origincar_base/__init__.py
-- Up-to-date: /home/sunrise/dev_ws/install/origincar_base/local/lib/python3.10/dist-packages/origincar_base/_origincar_base_s.ep.rosidl_typesupport_introspection_c.c
-- Up-to-date: /home/sunrise/dev_ws/install/origincar_base/local/lib/python3.10/dist-packages/origincar_base/origincar_base_s__rosidl_typesupport_introspection_c.cpython-310-aarch64-linux-gnu.so
-- Up-to-date: /home/sunrise/dev_ws/install/origincar_base/local/lib/python3.10/dist-packages/origincar_base/origincar_base_s__rosidl_typesupport_c.cpython-310-aarch64-linux-gnu.so
Listing '/home/sunrise/dev_ws/install/origincar_base/local/lib/python3.10/dist-packages/origincar_base'...
Listing '/home/sunrise/dev_ws/install/origincar_base/local/lib/python3.10/dist-packages/origincar_base/msg'...
-- Up-to-date: /home/sunrise/dev_ws/install/origincar_base/local/lib/python3.10/dist-packages/origincar_base/origincar_base_s__rosidl_typesupport_fastrtps_c.cpython-310-aarch64-linux-gnu.so
-- Up-to-date: /home/sunrise/dev_ws/install/origincar_base/local/lib/python3.10/dist-packages/origincar_base/origincar_base_s__rosidl_typesupport_introspection_c.cpython-310-aarch64-linux-gnu.so
-- Up-to-date: /home/sunrise/dev_ws/install/origincar_base/local/lib/python3.10/dist-packages/origincar_base/origincar_base_s__rosidl_typesupport_c.cpython-310-aarch64-linux-gnu.so
-- Up-to-date: /home/sunrise/dev_ws/install/origincar_base/lib/liborigincar_base__rosidl_generator_py.so
-- Up-to-date: /home/sunrise/dev_ws/install/origincar_base/share/ament_index/resource_index/rust_packages/origincar_base
-- Up-to-date: /home/sunrise/dev_ws/install/origincar_base/share/origincar_base/rust
-- Up-to-date: /home/sunrise/dev_ws/install/origincar_base/share/origincar_base/rust/src
-- Up-to-date: /home/sunrise/dev_ws/install/origincar_base/share/origincar_base/rust/src/msg.rs
-- Up-to-date: /home/sunrise/dev_ws/install/origincar_base/share/origincar_base/rust/src/msg
-- Up-to-date: /home/sunrise/dev_ws/install/origincar_base/share/origincar_base/rust/src/msg/rmw.rs
-- Up-to-date: /home/sunrise/dev_ws/install/origincar_base/share/origincar_base/rust/src/lib.rs
-- Up-to-date: /home/sunrise/dev_ws/install/origincar_base/share/origincar_base/rust/build.rs
-- Up-to-date: /home/sunrise/dev_ws/install/origincar_base/share/origincar_base/rust/Cargo.toml
-- Up-to-date: /home/sunrise/dev_ws/install/origincar_base/share/origincar_base/msg/Position.idl
-- Up-to-date: /home/sunrise/dev_ws/install/origincar_base/share/origincar_base/msg/Position.msg
-- Up-to-date: /home/sunrise/dev_ws/install/origincar_base/lib/origincar_base/cmd_vel_to_ackermann_drive.py
-- Up-to-date: /home/sunrise/dev_ws/install/origincar_base/lib/origincar_base/origincar_base_node
-- Up-to-date: /home/sunrise/dev_ws/install/origincar_base/share/origincar_base/launch
-- Up-to-date: /home/sunrise/dev_ws/install/origincar_base/share/origincar_base/launch/origincar_bringup.launch.py
-- Up-to-date: /home/sunrise/dev_ws/install/origincar_base/share/origincar_base/launch/robot_mode_description.launch.py
-- Up-to-date: /home/sunrise/dev_ws/install/origincar_base/share/origincar_base/launch/ekf.launch.py
-- Installing: /home/sunrise/dev_ws/install/origincar_base/share/origincar_base/launch/base_serial.launch.py
-- Up-to-date: /home/sunrise/dev_ws/install/origincar_base/share/origincar_base/launch/__pycache__
-- Up-to-date: /home/sunrise/dev_ws/install/origincar_base/share/origincar_base/launch/__pycache__/testtwo.launch.cpython-38.pyc
-- Up-to-date: /home/sunrise/dev_ws/install/origincar_base/share/origincar_base/config
-- Up-to-date: /home/sunrise/dev_ws/install/origincar_base/share/origincar_base/config/imu.yaml
-- Installing: /home/sunrise/dev_ws/install/origincar_base/share/origincar_base/config/ekf.yaml
-- Up-to-date: /home/sunrise/dev_ws/install/origincar_base/share/ament_index/resource_index/package_run_dependencies/origincar_base
-- Up-to-date: /home/sunrise/dev_ws/install/origincar_base/share/ament_index/resource_index/parent_prefix_path/origincar_base
-- Up-to-date: /home/sunrise/dev_ws/install/origincar_base/share/origincar_base/environment/ament_prefix_path.sh
-- Up-to-date: /home/sunrise/dev_ws/install/origincar_base/share/origincar_base/environment/ament_prefix_path.dsv
-- Up-to-date: /home/sunrise/dev_ws/install/origincar_base/share/origincar_base/environment/path.sh
-- Up-to-date: /home/sunrise/dev_ws/install/origincar_base/share/origincar_base/environment/path.dsv
-- Up-to-date: /home/sunrise/dev_ws/install/origincar_base/share/origincar_base/local_setup.bash
-- Up-to-date: /home/sunrise/dev_ws/install/origincar_base/share/origincar_base/local_setup.sh
-- Up-to-date: /home/sunrise/dev_ws/install/origincar_base/share/origincar_base/local_setup.zsh
-- Up-to-date: /home/sunrise/dev_ws/install/origincar_base/share/origincar_base/local_setup.dsv
-- Installing: /home/sunrise/dev_ws/install/origincar_base/share/origincar_base/package.dsv
-- Up-to-date: /home/sunrise/dev_ws/install/origincar_base/share/ament_index/resource_index/packages/origincar_base
-- Up-to-date: /home/sunrise/dev_ws/install/origincar_base/share/origincar_base/cmake/export_origincar_base__rosidl_generator_cExport.cmake
-- Up-to-date: /home/sunrise/dev_ws/install/origincar_base/share/origincar_base/cmake/export_origincar_base__rosidl_generator_cExport-noconfig.cmake
-- Up-to-date: /home/sunrise/dev_ws/install/origincar_base/share/origincar_base/cmake/export_origincar_base__rosidl_typesupport_fastrtps_cExport.cmake
-- Up-to-date: /home/sunrise/dev_ws/install/origincar_base/share/origincar_base/cmake/export_origincar_base__rosidl_typesupport_fastrtps_cExport-noconfig.cmake
-- Up-to-date: /home/sunrise/dev_ws/install/origincar_base/share/origincar_base/cmake/export_origincar_base__rosidl_generator_cppExport.cmake
-- Up-to-date: /home/sunrise/dev_ws/install/origincar_base/share/origincar_base/cmake/export_origincar_base__rosidl_typesupport_fastrtps_cppExport.cmake
-- Up-to-date: /home/sunrise/dev_ws/install/origincar_base/share/origincar_base/cmake/export_origincar_base__rosidl_typesupport_fastrtps_cppExport-noconfig.cmake
-- Up-to-date: /home/sunrise/dev_ws/install/origincar_base/share/origincar_base/cmake/origincar_base__rosidl_typesupport_introspection_cExport.cmake
-- Up-to-date: /home/sunrise/dev_ws/install/origincar_base/share/origincar_base/cmake/origincar_base__rosidl_typesupport_introspection_cExport-noconfig.cmake
-- Up-to-date: /home/sunrise/dev_ws/install/origincar_base/share/origincar_base/cmake/origincar_base__rosidl_typesupport_cExport.cmake
-- Up-to-date: /home/sunrise/dev_ws/install/origincar_base/share/origincar_base/cmake/origincar_base__rosidl_typesupport_cExport-noconfig.cmake
-- Up-to-date: /home/sunrise/dev_ws/install/origincar_base/share/origincar_base/cmake/origincar_base__rosidl_typesupport_introspection_cppExport.cmake
-- Up-to-date: /home/sunrise/dev_ws/install/origincar_base/share/origincar_base/cmake/origincar_base__rosidl_typesupport_introspection_cppExport-noconfig.cmake
-- Up-to-date: /home/sunrise/dev_ws/install/origincar_base/share/origincar_base/cmake/origincar_base__rosidl_typesupport_cppExport.cmake
-- Up-to-date: /home/sunrise/dev_ws/install/origincar_base/share/origincar_base/cmake/origincar_base__rosidl_typesupport_cppExport-noconfig.cmake
-- Up-to-date: /home/sunrise/dev_ws/install/origincar_base/share/origincar_base/cmake/export_origincar_base__rosidl_generator_pyExport.cmake
-- Up-to-date: /home/sunrise/dev_ws/install/origincar_base/share/origincar_base/cmake/export_origincar_base__rosidl_generator_pyExport-noconfig.cmake
-- Up-to-date: /home/sunrise/dev_ws/install/origincar_base/share/origincar_base/cmake/rosidl_cmake-extras.cmake
-- Up-to-date: /home/sunrise/dev_ws/install/origincar_base/share/origincar_base/cmake/ament_cmake_export_include_directories-extras.cmake
-- Up-to-date: /home/sunrise/dev_ws/install/origincar_base/share/origincar_base/cmake/ament_cmake_export_libraries-extras.cmake
-- Up-to-date: /home/sunrise/dev_ws/install/origincar_base/share/origincar_base/cmake/ament_cmake_export_targets-extras.cmake
-- Up-to-date: /home/sunrise/dev_ws/install/origincar_base/share/origincar_base/cmake/rosidl_cmake_export_typesupport_targets-extras.cmake
-- Up-to-date: /home/sunrise/dev_ws/install/origincar_base/share/origincar_base/cmake/ament_cmake_export_dependencies-extras.cmake
-- Up-to-date: /home/sunrise/dev_ws/install/origincar_base/share/origincar_base/cmake/rosidl_cmake_export_typesupport_libraries-extras.cmake
-- Up-to-date: /home/sunrise/dev_ws/install/origincar_base/share/origincar_base/cmake/origincar_baseConfig.cmake
-- Up-to-date: /home/sunrise/dev_ws/install/origincar_base/share/origincar_base/cmake/origincar_baseConfig-version.cmake
-- Up-to-date: /home/sunrise/dev_ws/install/origincar_base/share/origincar_base/package.xml
