running develop
Removing /home/sunrise/dev_ws/install/qr_scanner/lib/python3.10/site-packages/qr-scanner.egg-link (link to .)
running egg_info
writing ../../../build/qr_scanner/qr_scanner.egg-info/PKG-INFO
writing dependency_links to ../../../build/qr_scanner/qr_scanner.egg-info/dependency_links.txt
writing entry points to ../../../build/qr_scanner/qr_scanner.egg-info/entry_points.txt
writing requirements to ../../../build/qr_scanner/qr_scanner.egg-info/requires.txt
writing top-level names to ../../../build/qr_scanner/qr_scanner.egg-info/top_level.txt
reading manifest file '../../../build/qr_scanner/qr_scanner.egg-info/SOURCES.txt'
writing manifest file '../../../build/qr_scanner/qr_scanner.egg-info/SOURCES.txt'
running build
running build_py
creating /home/sunrise/dev_ws/build/qr_scanner/build
creating /home/sunrise/dev_ws/build/qr_scanner/build/lib
creating /home/sunrise/dev_ws/build/qr_scanner/build/lib/qr_scanner
copying qr_scanner/__init__.py -> /home/sunrise/dev_ws/build/qr_scanner/build/lib/qr_scanner
copying qr_scanner/competition_controller.py -> /home/sunrise/dev_ws/build/qr_scanner/build/lib/qr_scanner
copying qr_scanner/qr_scanner.py -> /home/sunrise/dev_ws/build/qr_scanner/build/lib/qr_scanner
running install
running install_lib
creating /home/sunrise/dev_ws/install/qr_scanner/lib/python3.10/site-packages/qr_scanner
copying /home/sunrise/dev_ws/build/qr_scanner/build/lib/qr_scanner/__init__.py -> /home/sunrise/dev_ws/install/qr_scanner/lib/python3.10/site-packages/qr_scanner
copying /home/sunrise/dev_ws/build/qr_scanner/build/lib/qr_scanner/competition_controller.py -> /home/sunrise/dev_ws/install/qr_scanner/lib/python3.10/site-packages/qr_scanner
copying /home/sunrise/dev_ws/build/qr_scanner/build/lib/qr_scanner/qr_scanner.py -> /home/sunrise/dev_ws/install/qr_scanner/lib/python3.10/site-packages/qr_scanner
byte-compiling /home/sunrise/dev_ws/install/qr_scanner/lib/python3.10/site-packages/qr_scanner/__init__.py to __init__.cpython-310.pyc
byte-compiling /home/sunrise/dev_ws/install/qr_scanner/lib/python3.10/site-packages/qr_scanner/competition_controller.py to competition_controller.cpython-310.pyc
byte-compiling /home/sunrise/dev_ws/install/qr_scanner/lib/python3.10/site-packages/qr_scanner/qr_scanner.py to qr_scanner.cpython-310.pyc
running install_data
copying resource/qr_scanner -> /home/sunrise/dev_ws/install/qr_scanner/share/ament_index/resource_index/packages
copying package.xml -> /home/sunrise/dev_ws/install/qr_scanner/share/qr_scanner
copying launch/start_competition.launch.py -> /home/sunrise/dev_ws/install/qr_scanner/share/qr_scanner/launch
copying config/sr.caffemodel -> /home/sunrise/dev_ws/install/qr_scanner/share/qr_scanner/config
copying config/detect.prototxt -> /home/sunrise/dev_ws/install/qr_scanner/share/qr_scanner/config
copying config/sr.prototxt -> /home/sunrise/dev_ws/install/qr_scanner/share/qr_scanner/config
copying config/detect.caffemodel -> /home/sunrise/dev_ws/install/qr_scanner/share/qr_scanner/config
running install_egg_info
Copying ../../../build/qr_scanner/qr_scanner.egg-info to /home/sunrise/dev_ws/install/qr_scanner/lib/python3.10/site-packages/qr_scanner-0.0.1-py3.10.egg-info
running install_scripts
Installing competition_controller script to /home/sunrise/dev_ws/install/qr_scanner/lib/qr_scanner
Installing qr_scanner script to /home/sunrise/dev_ws/install/qr_scanner/lib/qr_scanner
writing list of installed files to '/home/sunrise/dev_ws/build/qr_scanner/install.log'
