running egg_info
creating ../../../build/racing_stage1/racing_stage1.egg-info
writing ../../../build/racing_stage1/racing_stage1.egg-info/PKG-INFO
writing dependency_links to ../../../build/racing_stage1/racing_stage1.egg-info/dependency_links.txt
writing entry points to ../../../build/racing_stage1/racing_stage1.egg-info/entry_points.txt
writing requirements to ../../../build/racing_stage1/racing_stage1.egg-info/requires.txt
writing top-level names to ../../../build/racing_stage1/racing_stage1.egg-info/top_level.txt
writing manifest file '../../../build/racing_stage1/racing_stage1.egg-info/SOURCES.txt'
reading manifest file '../../../build/racing_stage1/racing_stage1.egg-info/SOURCES.txt'
writing manifest file '../../../build/racing_stage1/racing_stage1.egg-info/SOURCES.txt'
running build
running build_py
creating /home/sunrise/dev_ws/build/racing_stage1/build
creating /home/sunrise/dev_ws/build/racing_stage1/build/lib
creating /home/sunrise/dev_ws/build/racing_stage1/build/lib/racing_stage1
copying racing_stage1/__init__.py -> /home/sunrise/dev_ws/build/racing_stage1/build/lib/racing_stage1
copying racing_stage1/competition_controller.py -> /home/sunrise/dev_ws/build/racing_stage1/build/lib/racing_stage1
running install
running install_lib
creating /home/sunrise/dev_ws/install/racing_stage1/lib/python3.10/site-packages/racing_stage1
copying /home/sunrise/dev_ws/build/racing_stage1/build/lib/racing_stage1/__init__.py -> /home/sunrise/dev_ws/install/racing_stage1/lib/python3.10/site-packages/racing_stage1
copying /home/sunrise/dev_ws/build/racing_stage1/build/lib/racing_stage1/competition_controller.py -> /home/sunrise/dev_ws/install/racing_stage1/lib/python3.10/site-packages/racing_stage1
byte-compiling /home/sunrise/dev_ws/install/racing_stage1/lib/python3.10/site-packages/racing_stage1/__init__.py to __init__.cpython-310.pyc
byte-compiling /home/sunrise/dev_ws/install/racing_stage1/lib/python3.10/site-packages/racing_stage1/competition_controller.py to competition_controller.cpython-310.pyc
running install_data
creating /home/sunrise/dev_ws/install/racing_stage1/share/ament_index
creating /home/sunrise/dev_ws/install/racing_stage1/share/ament_index/resource_index
creating /home/sunrise/dev_ws/install/racing_stage1/share/ament_index/resource_index/packages
copying resource/racing_stage1 -> /home/sunrise/dev_ws/install/racing_stage1/share/ament_index/resource_index/packages
copying package.xml -> /home/sunrise/dev_ws/install/racing_stage1/share/racing_stage1
creating /home/sunrise/dev_ws/install/racing_stage1/share/racing_stage1/launch
copying launch/competition_stage1.launch.py -> /home/sunrise/dev_ws/install/racing_stage1/share/racing_stage1/launch
creating /home/sunrise/dev_ws/install/racing_stage1/share/racing_stage1/config
copying config/stage1_controller.yaml -> /home/sunrise/dev_ws/install/racing_stage1/share/racing_stage1/config
running install_egg_info
Copying ../../../build/racing_stage1/racing_stage1.egg-info to /home/sunrise/dev_ws/install/racing_stage1/lib/python3.10/site-packages/racing_stage1-0.0.1-py3.10.egg-info
running install_scripts
Installing competition_controller script to /home/sunrise/dev_ws/install/racing_stage1/lib/racing_stage1
writing list of installed files to '/home/sunrise/dev_ws/build/racing_stage1/install.log'
