[0.054s] Invoking command in '/home/sunrise/dev_ws/build/origincar_bringup': CMAKE_PREFIX_PATH=${CMAKE_PREFIX_PATH}:/home/sunrise/dev_ws/install/racing_bringup:/home/sunrise/dev_ws/install/racing_stage3:/home/sunrise/dev_ws/install/racing_stage2:/home/sunrise/dev_ws/install/racing_stage1:/home/sunrise/dev_ws/install/qr_scanner:/home/sunrise/dev_ws/install/bno055:/opt/tros/humble:/opt/ros/humble /usr/bin/cmake --build /home/sunrise/dev_ws/build/origincar_bringup -- -j8 -l8
[0.250s] Invoked command in '/home/sunrise/dev_ws/build/origincar_bringup' returned '0': CMAKE_PREFIX_PATH=${CMAKE_PREFIX_PATH}:/home/sunrise/dev_ws/install/racing_bringup:/home/sunrise/dev_ws/install/racing_stage3:/home/sunrise/dev_ws/install/racing_stage2:/home/sunrise/dev_ws/install/racing_stage1:/home/sunrise/dev_ws/install/qr_scanner:/home/sunrise/dev_ws/install/bno055:/opt/tros/humble:/opt/ros/humble /usr/bin/cmake --build /home/sunrise/dev_ws/build/origincar_bringup -- -j8 -l8
[0.308s] Invoking command in '/home/sunrise/dev_ws/build/origincar_bringup': CMAKE_PREFIX_PATH=${CMAKE_PREFIX_PATH}:/home/sunrise/dev_ws/install/racing_bringup:/home/sunrise/dev_ws/install/racing_stage3:/home/sunrise/dev_ws/install/racing_stage2:/home/sunrise/dev_ws/install/racing_stage1:/home/sunrise/dev_ws/install/qr_scanner:/home/sunrise/dev_ws/install/bno055:/opt/tros/humble:/opt/ros/humble /usr/bin/cmake --install /home/sunrise/dev_ws/build/origincar_bringup
[0.344s] -- Install configuration: ""
[0.345s] -- Up-to-date: /home/sunrise/dev_ws/install/origincar_bringup/share/origincar_bringup/launch
[0.345s] -- Installing: /home/sunrise/dev_ws/install/origincar_bringup/share/origincar_bringup/launch/map_overlay.launch.py
[0.346s] -- Up-to-date: /home/sunrise/dev_ws/install/origincar_bringup/share/origincar_bringup/launch/origincar_bringup.launch.py
[0.347s] -- Up-to-date: /home/sunrise/dev_ws/install/origincar_bringup/share/origincar_bringup/launch/usb_websocket_display.launch.py
[0.347s] -- Up-to-date: /home/sunrise/dev_ws/install/origincar_bringup/share/origincar_bringup/launch/bringup_launch.py
[0.348s] -- Up-to-date: /home/sunrise/dev_ws/install/origincar_bringup/share/origincar_bringup/map
[0.348s] -- Installing: /home/sunrise/dev_ws/install/origincar_bringup/share/origincar_bringup/map/map_restricted.yaml
[0.349s] -- Up-to-date: /home/sunrise/dev_ws/install/origincar_bringup/share/origincar_bringup/map/map.png
[0.349s] -- Installing: /home/sunrise/dev_ws/install/origincar_bringup/share/origincar_bringup/map/map_restricted.png
[0.350s] -- Up-to-date: /home/sunrise/dev_ws/install/origincar_bringup/share/origincar_bringup/map/map.yaml
[0.350s] -- Up-to-date: /home/sunrise/dev_ws/install/origincar_bringup/share/origincar_bringup/param
[0.351s] -- Up-to-date: /home/sunrise/dev_ws/install/origincar_bringup/share/ament_index/resource_index/package_run_dependencies/origincar_bringup
[0.351s] -- Up-to-date: /home/sunrise/dev_ws/install/origincar_bringup/share/ament_index/resource_index/parent_prefix_path/origincar_bringup
[0.352s] -- Up-to-date: /home/sunrise/dev_ws/install/origincar_bringup/share/origincar_bringup/environment/ament_prefix_path.sh
[0.352s] -- Up-to-date: /home/sunrise/dev_ws/install/origincar_bringup/share/origincar_bringup/environment/ament_prefix_path.dsv
[0.353s] -- Up-to-date: /home/sunrise/dev_ws/install/origincar_bringup/share/origincar_bringup/environment/path.sh
[0.353s] -- Up-to-date: /home/sunrise/dev_ws/install/origincar_bringup/share/origincar_bringup/environment/path.dsv
[0.354s] -- Up-to-date: /home/sunrise/dev_ws/install/origincar_bringup/share/origincar_bringup/local_setup.bash
[0.354s] -- Up-to-date: /home/sunrise/dev_ws/install/origincar_bringup/share/origincar_bringup/local_setup.sh
[0.355s] -- Up-to-date: /home/sunrise/dev_ws/install/origincar_bringup/share/origincar_bringup/local_setup.zsh
[0.355s] -- Up-to-date: /home/sunrise/dev_ws/install/origincar_bringup/share/origincar_bringup/local_setup.dsv
[0.355s] -- Installing: /home/sunrise/dev_ws/install/origincar_bringup/share/origincar_bringup/package.dsv
[0.357s] -- Up-to-date: /home/sunrise/dev_ws/install/origincar_bringup/share/ament_index/resource_index/packages/origincar_bringup
[0.359s] -- Up-to-date: /home/sunrise/dev_ws/install/origincar_bringup/share/origincar_bringup/cmake/origincar_bringupConfig.cmake
[0.364s] -- Up-to-date: /home/sunrise/dev_ws/install/origincar_bringup/share/origincar_bringup/cmake/origincar_bringupConfig-version.cmake
[0.366s] -- Up-to-date: /home/sunrise/dev_ws/install/origincar_bringup/share/origincar_bringup/package.xml
[0.368s] Invoked command in '/home/sunrise/dev_ws/build/origincar_bringup' returned '0': CMAKE_PREFIX_PATH=${CMAKE_PREFIX_PATH}:/home/sunrise/dev_ws/install/racing_bringup:/home/sunrise/dev_ws/install/racing_stage3:/home/sunrise/dev_ws/install/racing_stage2:/home/sunrise/dev_ws/install/racing_stage1:/home/sunrise/dev_ws/install/qr_scanner:/home/sunrise/dev_ws/install/bno055:/opt/tros/humble:/opt/ros/humble /usr/bin/cmake --install /home/sunrise/dev_ws/build/origincar_bringup
