[0.057s] Invoking command in '/home/sunrise/dev_ws/build/origincar_bringup': CMAKE_PREFIX_PATH=${CMAKE_PREFIX_PATH}:/home/sunrise/dev_ws/install/racing_stage2:/home/sunrise/dev_ws/install/racing_stage3:/home/sunrise/dev_ws/install/racing_stage1:/home/sunrise/dev_ws/install/qr_scanner:/home/sunrise/dev_ws/install/bno055:/opt/tros/humble:/opt/ros/humble /usr/bin/cmake --build /home/sunrise/dev_ws/build/origincar_bringup -- -j8 -l8
[0.242s] Invoked command in '/home/sunrise/dev_ws/build/origincar_bringup' returned '0': CMAKE_PREFIX_PATH=${CMAKE_PREFIX_PATH}:/home/sunrise/dev_ws/install/racing_stage2:/home/sunrise/dev_ws/install/racing_stage3:/home/sunrise/dev_ws/install/racing_stage1:/home/sunrise/dev_ws/install/qr_scanner:/home/sunrise/dev_ws/install/bno055:/opt/tros/humble:/opt/ros/humble /usr/bin/cmake --build /home/sunrise/dev_ws/build/origincar_bringup -- -j8 -l8
[0.297s] Invoking command in '/home/sunrise/dev_ws/build/origincar_bringup': CMAKE_PREFIX_PATH=${CMAKE_PREFIX_PATH}:/home/sunrise/dev_ws/install/racing_stage2:/home/sunrise/dev_ws/install/racing_stage3:/home/sunrise/dev_ws/install/racing_stage1:/home/sunrise/dev_ws/install/qr_scanner:/home/sunrise/dev_ws/install/bno055:/opt/tros/humble:/opt/ros/humble /usr/bin/cmake --install /home/sunrise/dev_ws/build/origincar_bringup
[0.333s] -- Install configuration: ""
[0.334s] -- Up-to-date: /home/sunrise/dev_ws/install/origincar_bringup/share/origincar_bringup/launch
[0.334s] -- Up-to-date: /home/sunrise/dev_ws/install/origincar_bringup/share/origincar_bringup/launch/origincar_bringup.launch.py
[0.335s] -- Up-to-date: /home/sunrise/dev_ws/install/origincar_bringup/share/origincar_bringup/launch/usb_websocket_display.launch.py
[0.336s] -- Up-to-date: /home/sunrise/dev_ws/install/origincar_bringup/share/origincar_bringup/launch/nav2_competition.launch.py
[0.336s] -- Up-to-date: /home/sunrise/dev_ws/install/origincar_bringup/share/origincar_bringup/launch/bringup_launch.py
[0.337s] -- Up-to-date: /home/sunrise/dev_ws/install/origincar_bringup/share/origincar_bringup/map
[0.338s] -- Installing: /home/sunrise/dev_ws/install/origincar_bringup/share/origincar_bringup/map/map.png
[0.338s] -- Up-to-date: /home/sunrise/dev_ws/install/origincar_bringup/share/origincar_bringup/map/map.yaml
[0.339s] -- Up-to-date: /home/sunrise/dev_ws/install/origincar_bringup/share/origincar_bringup/param
[0.339s] -- Up-to-date: /home/sunrise/dev_ws/install/origincar_bringup/share/origincar_bringup/param/my_nav2_params.yaml
[0.339s] -- Up-to-date: /home/sunrise/dev_ws/install/origincar_bringup/share/ament_index/resource_index/package_run_dependencies/origincar_bringup
[0.340s] -- Up-to-date: /home/sunrise/dev_ws/install/origincar_bringup/share/ament_index/resource_index/parent_prefix_path/origincar_bringup
[0.340s] -- Up-to-date: /home/sunrise/dev_ws/install/origincar_bringup/share/origincar_bringup/environment/ament_prefix_path.sh
[0.341s] -- Up-to-date: /home/sunrise/dev_ws/install/origincar_bringup/share/origincar_bringup/environment/ament_prefix_path.dsv
[0.341s] -- Up-to-date: /home/sunrise/dev_ws/install/origincar_bringup/share/origincar_bringup/environment/path.sh
[0.342s] -- Up-to-date: /home/sunrise/dev_ws/install/origincar_bringup/share/origincar_bringup/environment/path.dsv
[0.342s] -- Up-to-date: /home/sunrise/dev_ws/install/origincar_bringup/share/origincar_bringup/local_setup.bash
[0.344s] -- Up-to-date: /home/sunrise/dev_ws/install/origincar_bringup/share/origincar_bringup/local_setup.sh
[0.345s] -- Up-to-date: /home/sunrise/dev_ws/install/origincar_bringup/share/origincar_bringup/local_setup.zsh
[0.349s] -- Up-to-date: /home/sunrise/dev_ws/install/origincar_bringup/share/origincar_bringup/local_setup.dsv
[0.352s] -- Installing: /home/sunrise/dev_ws/install/origincar_bringup/share/origincar_bringup/package.dsv
[0.354s] -- Up-to-date: /home/sunrise/dev_ws/install/origincar_bringup/share/ament_index/resource_index/packages/origincar_bringup
[0.356s] -- Up-to-date: /home/sunrise/dev_ws/install/origincar_bringup/share/origincar_bringup/cmake/origincar_bringupConfig.cmake
[0.359s] -- Up-to-date: /home/sunrise/dev_ws/install/origincar_bringup/share/origincar_bringup/cmake/origincar_bringupConfig-version.cmake
[0.360s] -- Up-to-date: /home/sunrise/dev_ws/install/origincar_bringup/share/origincar_bringup/package.xml
[0.363s] Invoked command in '/home/sunrise/dev_ws/build/origincar_bringup' returned '0': CMAKE_PREFIX_PATH=${CMAKE_PREFIX_PATH}:/home/sunrise/dev_ws/install/racing_stage2:/home/sunrise/dev_ws/install/racing_stage3:/home/sunrise/dev_ws/install/racing_stage1:/home/sunrise/dev_ws/install/qr_scanner:/home/sunrise/dev_ws/install/bno055:/opt/tros/humble:/opt/ros/humble /usr/bin/cmake --install /home/sunrise/dev_ws/build/origincar_bringup
