[0.052s] Invoking command in '/home/sunrise/dev_ws/build/origincar_bringup': CMAKE_PREFIX_PATH=${CMAKE_PREFIX_PATH}:/home/sunrise/dev_ws/install/qr_scanner:/opt/tros/humble:/opt/ros/humble /usr/bin/cmake --build /home/sunrise/dev_ws/build/origincar_bringup -- -j8 -l8
[0.224s] Invoked command in '/home/sunrise/dev_ws/build/origincar_bringup' returned '0': CMAKE_PREFIX_PATH=${CMAKE_PREFIX_PATH}:/home/sunrise/dev_ws/install/qr_scanner:/opt/tros/humble:/opt/ros/humble /usr/bin/cmake --build /home/sunrise/dev_ws/build/origincar_bringup -- -j8 -l8
[0.267s] Invoking command in '/home/sunrise/dev_ws/build/origincar_bringup': CMAKE_PREFIX_PATH=${CMAKE_PREFIX_PATH}:/home/sunrise/dev_ws/install/qr_scanner:/opt/tros/humble:/opt/ros/humble /usr/bin/cmake --install /home/sunrise/dev_ws/build/origincar_bringup
[0.301s] -- Install configuration: ""
[0.302s] -- Up-to-date: /home/sunrise/dev_ws/install/origincar_bringup/share/origincar_bringup/launch
[0.303s] -- Up-to-date: /home/sunrise/dev_ws/install/origincar_bringup/share/origincar_bringup/launch/origincar_bringup.launch.py
[0.304s] -- Up-to-date: /home/sunrise/dev_ws/install/origincar_bringup/share/origincar_bringup/launch/usb_websocket_display.launch.py
[0.304s] -- Up-to-date: /home/sunrise/dev_ws/install/origincar_bringup/share/origincar_bringup/launch/nav2_competition.launch.py
[0.305s] -- Up-to-date: /home/sunrise/dev_ws/install/origincar_bringup/share/origincar_bringup/launch/bringup_launch.py
[0.306s] -- Up-to-date: /home/sunrise/dev_ws/install/origincar_bringup/share/origincar_bringup/map
[0.306s] -- Up-to-date: /home/sunrise/dev_ws/install/origincar_bringup/share/origincar_bringup/map/map.png
[0.307s] -- Up-to-date: /home/sunrise/dev_ws/install/origincar_bringup/share/origincar_bringup/map/map.yaml
[0.307s] -- Up-to-date: /home/sunrise/dev_ws/install/origincar_bringup/share/origincar_bringup/param
[0.308s] -- Up-to-date: /home/sunrise/dev_ws/install/origincar_bringup/share/origincar_bringup/param/my_nav2_params.yaml
[0.308s] -- Up-to-date: /home/sunrise/dev_ws/install/origincar_bringup/share/ament_index/resource_index/package_run_dependencies/origincar_bringup
[0.309s] -- Up-to-date: /home/sunrise/dev_ws/install/origincar_bringup/share/ament_index/resource_index/parent_prefix_path/origincar_bringup
[0.309s] -- Up-to-date: /home/sunrise/dev_ws/install/origincar_bringup/share/origincar_bringup/environment/ament_prefix_path.sh
[0.310s] -- Up-to-date: /home/sunrise/dev_ws/install/origincar_bringup/share/origincar_bringup/environment/ament_prefix_path.dsv
[0.310s] -- Up-to-date: /home/sunrise/dev_ws/install/origincar_bringup/share/origincar_bringup/environment/path.sh
[0.311s] -- Up-to-date: /home/sunrise/dev_ws/install/origincar_bringup/share/origincar_bringup/environment/path.dsv
[0.313s] -- Up-to-date: /home/sunrise/dev_ws/install/origincar_bringup/share/origincar_bringup/local_setup.bash
[0.315s] -- Up-to-date: /home/sunrise/dev_ws/install/origincar_bringup/share/origincar_bringup/local_setup.sh
[0.316s] -- Up-to-date: /home/sunrise/dev_ws/install/origincar_bringup/share/origincar_bringup/local_setup.zsh
[0.318s] -- Up-to-date: /home/sunrise/dev_ws/install/origincar_bringup/share/origincar_bringup/local_setup.dsv
[0.318s] -- Up-to-date: /home/sunrise/dev_ws/install/origincar_bringup/share/origincar_bringup/package.dsv
[0.319s] -- Up-to-date: /home/sunrise/dev_ws/install/origincar_bringup/share/ament_index/resource_index/packages/origincar_bringup
[0.320s] -- Up-to-date: /home/sunrise/dev_ws/install/origincar_bringup/share/origincar_bringup/cmake/origincar_bringupConfig.cmake
[0.321s] -- Up-to-date: /home/sunrise/dev_ws/install/origincar_bringup/share/origincar_bringup/cmake/origincar_bringupConfig-version.cmake
[0.321s] -- Up-to-date: /home/sunrise/dev_ws/install/origincar_bringup/share/origincar_bringup/package.xml
[0.323s] Invoked command in '/home/sunrise/dev_ws/build/origincar_bringup' returned '0': CMAKE_PREFIX_PATH=${CMAKE_PREFIX_PATH}:/home/sunrise/dev_ws/install/qr_scanner:/opt/tros/humble:/opt/ros/humble /usr/bin/cmake --install /home/sunrise/dev_ws/build/origincar_bringup
