[0.092s] Invoking command in '/home/sunrise/dev_ws/build/origincar_bringup': CMAKE_PREFIX_PATH=${CMAKE_PREFIX_PATH}:/home/sunrise/dev_ws/install/racing_stage2:/home/sunrise/dev_ws/install/racing_stage3:/home/sunrise/dev_ws/install/racing_stage1:/home/sunrise/dev_ws/install/qr_scanner:/home/sunrise/dev_ws/install/bno055:/opt/tros/humble:/opt/ros/humble /usr/bin/cmake --build /home/sunrise/dev_ws/build/origincar_bringup -- -j8 -l8
[1.962s] Invoked command in '/home/sunrise/dev_ws/build/origincar_bringup' returned '0': CMAKE_PREFIX_PATH=${CMAKE_PREFIX_PATH}:/home/sunrise/dev_ws/install/racing_stage2:/home/sunrise/dev_ws/install/racing_stage3:/home/sunrise/dev_ws/install/racing_stage1:/home/sunrise/dev_ws/install/qr_scanner:/home/sunrise/dev_ws/install/bno055:/opt/tros/humble:/opt/ros/humble /usr/bin/cmake --build /home/sunrise/dev_ws/build/origincar_bringup -- -j8 -l8
[2.013s] Invoking command in '/home/sunrise/dev_ws/build/origincar_bringup': CMAKE_PREFIX_PATH=${CMAKE_PREFIX_PATH}:/home/sunrise/dev_ws/install/racing_stage2:/home/sunrise/dev_ws/install/racing_stage3:/home/sunrise/dev_ws/install/racing_stage1:/home/sunrise/dev_ws/install/qr_scanner:/home/sunrise/dev_ws/install/bno055:/opt/tros/humble:/opt/ros/humble /usr/bin/cmake --install /home/sunrise/dev_ws/build/origincar_bringup
[2.054s] -- Install configuration: ""
[2.055s] -- Up-to-date: /home/sunrise/dev_ws/install/origincar_bringup/share/origincar_bringup/launch
[2.055s] -- Up-to-date: /home/sunrise/dev_ws/install/origincar_bringup/share/origincar_bringup/launch/origincar_bringup.launch.py
[2.056s] -- Up-to-date: /home/sunrise/dev_ws/install/origincar_bringup/share/origincar_bringup/launch/usb_websocket_display.launch.py
[2.056s] -- Installing: /home/sunrise/dev_ws/install/origincar_bringup/share/origincar_bringup/launch/nav2_competition.launch.py
[2.057s] -- Up-to-date: /home/sunrise/dev_ws/install/origincar_bringup/share/origincar_bringup/launch/bringup_launch.py
[2.058s] -- Up-to-date: /home/sunrise/dev_ws/install/origincar_bringup/share/origincar_bringup/map
[2.058s] -- Installing: /home/sunrise/dev_ws/install/origincar_bringup/share/origincar_bringup/map/map.png
[2.059s] -- Up-to-date: /home/sunrise/dev_ws/install/origincar_bringup/share/origincar_bringup/map/map.yaml
[2.060s] -- Up-to-date: /home/sunrise/dev_ws/install/origincar_bringup/share/origincar_bringup/param
[2.060s] -- Installing: /home/sunrise/dev_ws/install/origincar_bringup/share/origincar_bringup/param/my_nav2_params.yaml
[2.061s] -- Up-to-date: /home/sunrise/dev_ws/install/origincar_bringup/share/ament_index/resource_index/package_run_dependencies/origincar_bringup
[2.061s] -- Up-to-date: /home/sunrise/dev_ws/install/origincar_bringup/share/ament_index/resource_index/parent_prefix_path/origincar_bringup
[2.062s] -- Up-to-date: /home/sunrise/dev_ws/install/origincar_bringup/share/origincar_bringup/environment/ament_prefix_path.sh
[2.062s] -- Up-to-date: /home/sunrise/dev_ws/install/origincar_bringup/share/origincar_bringup/environment/ament_prefix_path.dsv
[2.063s] -- Up-to-date: /home/sunrise/dev_ws/install/origincar_bringup/share/origincar_bringup/environment/path.sh
[2.064s] -- Up-to-date: /home/sunrise/dev_ws/install/origincar_bringup/share/origincar_bringup/environment/path.dsv
[2.064s] -- Up-to-date: /home/sunrise/dev_ws/install/origincar_bringup/share/origincar_bringup/local_setup.bash
[2.065s] -- Up-to-date: /home/sunrise/dev_ws/install/origincar_bringup/share/origincar_bringup/local_setup.sh
[2.065s] -- Up-to-date: /home/sunrise/dev_ws/install/origincar_bringup/share/origincar_bringup/local_setup.zsh
[2.066s] -- Up-to-date: /home/sunrise/dev_ws/install/origincar_bringup/share/origincar_bringup/local_setup.dsv
[2.066s] -- Installing: /home/sunrise/dev_ws/install/origincar_bringup/share/origincar_bringup/package.dsv
[2.066s] -- Up-to-date: /home/sunrise/dev_ws/install/origincar_bringup/share/ament_index/resource_index/packages/origincar_bringup
[2.067s] -- Up-to-date: /home/sunrise/dev_ws/install/origincar_bringup/share/origincar_bringup/cmake/origincar_bringupConfig.cmake
[2.067s] -- Up-to-date: /home/sunrise/dev_ws/install/origincar_bringup/share/origincar_bringup/cmake/origincar_bringupConfig-version.cmake
[2.068s] -- Up-to-date: /home/sunrise/dev_ws/install/origincar_bringup/share/origincar_bringup/package.xml
[2.074s] Invoked command in '/home/sunrise/dev_ws/build/origincar_bringup' returned '0': CMAKE_PREFIX_PATH=${CMAKE_PREFIX_PATH}:/home/sunrise/dev_ws/install/racing_stage2:/home/sunrise/dev_ws/install/racing_stage3:/home/sunrise/dev_ws/install/racing_stage1:/home/sunrise/dev_ws/install/qr_scanner:/home/sunrise/dev_ws/install/bno055:/opt/tros/humble:/opt/ros/humble /usr/bin/cmake --install /home/sunrise/dev_ws/build/origincar_bringup
