[0.785s] DEBUG:colcon:Command line arguments: ['/usr/bin/colcon', 'build', '--packages-select', 'racing_stage2']
[0.786s] DEBUG:colcon:Parsed command line arguments: Namespace(log_base=None, log_level=None, verb_name='build', build_base='build', install_base='install', merge_install=False, symlink_install=False, test_result_base=None, continue_on_error=False, executor='parallel', parallel_workers=8, event_handlers=None, ignore_user_meta=False, metas=['./colcon.meta'], base_paths=['.'], packages_ignore=None, packages_ignore_regex=None, paths=None, packages_up_to=None, packages_up_to_regex=None, packages_above=None, packages_above_and_dependencies=None, packages_above_depth=None, packages_select_by_dep=None, packages_skip_by_dep=None, packages_skip_up_to=None, packages_select_build_failed=False, packages_skip_build_finished=False, packages_select_test_failures=False, packages_skip_test_passed=False, packages_select=['racing_stage2'], packages_skip=None, packages_select_regex=None, packages_skip_regex=None, packages_start=None, packages_end=None, allow_overriding=[], cmake_args=None, cmake_target=None, cmake_target_skip_unavailable=False, cmake_clean_cache=False, cmake_clean_first=False, cmake_force_configure=False, ament_cmake_args=None, catkin_cmake_args=None, catkin_skip_building_tests=False, verb_parser=<colcon_defaults.argument_parser.defaults.DefaultArgumentsDecorator object at 0xffffaf3c26e0>, verb_extension=<colcon_core.verb.build.BuildVerb object at 0xffffaf5c0550>, main=<bound method BuildVerb.main of <colcon_core.verb.build.BuildVerb object at 0xffffaf5c0550>>)
[2.257s] Level 1:colcon.colcon_core.package_discovery:discover_packages(colcon_meta) check parameters
[2.258s] Level 1:colcon.colcon_core.package_discovery:discover_packages(recursive) check parameters
[2.259s] Level 1:colcon.colcon_core.package_discovery:discover_packages(ignore) check parameters
[2.259s] Level 1:colcon.colcon_core.package_discovery:discover_packages(path) check parameters
[2.259s] Level 1:colcon.colcon_core.package_discovery:discover_packages(colcon_meta) discover
[2.259s] Level 1:colcon.colcon_core.package_discovery:discover_packages(recursive) discover
[2.260s] INFO:colcon.colcon_core.package_discovery:Crawling recursively for packages in '/home/sunrise/dev_ws'
[2.260s] Level 1:colcon.colcon_core.package_identification:_identify(.) by extensions ['ignore', 'ignore_ament_install']
[2.261s] Level 1:colcon.colcon_core.package_identification:_identify(.) by extension 'ignore'
[2.261s] Level 1:colcon.colcon_core.package_identification:_identify(.) by extension 'ignore_ament_install'
[2.262s] Level 1:colcon.colcon_core.package_identification:_identify(.) by extensions ['colcon_pkg']
[2.262s] Level 1:colcon.colcon_core.package_identification:_identify(.) by extension 'colcon_pkg'
[2.262s] Level 1:colcon.colcon_core.package_identification:_identify(.) by extensions ['colcon_meta']
[2.263s] Level 1:colcon.colcon_core.package_identification:_identify(.) by extension 'colcon_meta'
[2.263s] Level 1:colcon.colcon_core.package_identification:_identify(.) by extensions ['ros']
[2.263s] Level 1:colcon.colcon_core.package_identification:_identify(.) by extension 'ros'
[2.337s] Level 1:colcon.colcon_core.package_identification:_identify(.) by extensions ['cmake', 'python']
[2.337s] Level 1:colcon.colcon_core.package_identification:_identify(.) by extension 'cmake'
[2.338s] Level 1:colcon.colcon_core.package_identification:_identify(.) by extension 'python'
[2.338s] Level 1:colcon.colcon_core.package_identification:_identify(.) by extensions ['python_setup_py']
[2.338s] Level 1:colcon.colcon_core.package_identification:_identify(.) by extension 'python_setup_py'
[2.339s] Level 1:colcon.colcon_core.package_identification:_identify(build) by extensions ['ignore', 'ignore_ament_install']
[2.339s] Level 1:colcon.colcon_core.package_identification:_identify(build) by extension 'ignore'
[2.340s] Level 1:colcon.colcon_core.package_identification:_identify(build) ignored
[2.340s] Level 1:colcon.colcon_core.package_identification:_identify(install) by extensions ['ignore', 'ignore_ament_install']
[2.341s] Level 1:colcon.colcon_core.package_identification:_identify(install) by extension 'ignore'
[2.341s] Level 1:colcon.colcon_core.package_identification:_identify(install) ignored
[2.342s] Level 1:colcon.colcon_core.package_identification:_identify(log) by extensions ['ignore', 'ignore_ament_install']
[2.342s] Level 1:colcon.colcon_core.package_identification:_identify(log) by extension 'ignore'
[2.342s] Level 1:colcon.colcon_core.package_identification:_identify(log) ignored
[2.343s] Level 1:colcon.colcon_core.package_identification:_identify(models) by extensions ['ignore', 'ignore_ament_install']
[2.343s] Level 1:colcon.colcon_core.package_identification:_identify(models) by extension 'ignore'
[2.343s] Level 1:colcon.colcon_core.package_identification:_identify(models) by extension 'ignore_ament_install'
[2.344s] Level 1:colcon.colcon_core.package_identification:_identify(models) by extensions ['colcon_pkg']
[2.344s] Level 1:colcon.colcon_core.package_identification:_identify(models) by extension 'colcon_pkg'
[2.344s] Level 1:colcon.colcon_core.package_identification:_identify(models) by extensions ['colcon_meta']
[2.344s] Level 1:colcon.colcon_core.package_identification:_identify(models) by extension 'colcon_meta'
[2.345s] Level 1:colcon.colcon_core.package_identification:_identify(models) by extensions ['ros']
[2.345s] Level 1:colcon.colcon_core.package_identification:_identify(models) by extension 'ros'
[2.345s] Level 1:colcon.colcon_core.package_identification:_identify(models) by extensions ['cmake', 'python']
[2.346s] Level 1:colcon.colcon_core.package_identification:_identify(models) by extension 'cmake'
[2.346s] Level 1:colcon.colcon_core.package_identification:_identify(models) by extension 'python'
[2.346s] Level 1:colcon.colcon_core.package_identification:_identify(models) by extensions ['python_setup_py']
[2.346s] Level 1:colcon.colcon_core.package_identification:_identify(models) by extension 'python_setup_py'
[2.347s] Level 1:colcon.colcon_core.package_identification:_identify(src) by extensions ['ignore', 'ignore_ament_install']
[2.347s] Level 1:colcon.colcon_core.package_identification:_identify(src) by extension 'ignore'
[2.347s] Level 1:colcon.colcon_core.package_identification:_identify(src) by extension 'ignore_ament_install'
[2.348s] Level 1:colcon.colcon_core.package_identification:_identify(src) by extensions ['colcon_pkg']
[2.348s] Level 1:colcon.colcon_core.package_identification:_identify(src) by extension 'colcon_pkg'
[2.348s] Level 1:colcon.colcon_core.package_identification:_identify(src) by extensions ['colcon_meta']
[2.348s] Level 1:colcon.colcon_core.package_identification:_identify(src) by extension 'colcon_meta'
[2.349s] Level 1:colcon.colcon_core.package_identification:_identify(src) by extensions ['ros']
[2.349s] Level 1:colcon.colcon_core.package_identification:_identify(src) by extension 'ros'
[2.349s] Level 1:colcon.colcon_core.package_identification:_identify(src) by extensions ['cmake', 'python']
[2.349s] Level 1:colcon.colcon_core.package_identification:_identify(src) by extension 'cmake'
[2.350s] Level 1:colcon.colcon_core.package_identification:_identify(src) by extension 'python'
[2.350s] Level 1:colcon.colcon_core.package_identification:_identify(src) by extensions ['python_setup_py']
[2.350s] Level 1:colcon.colcon_core.package_identification:_identify(src) by extension 'python_setup_py'
[2.351s] Level 1:colcon.colcon_core.package_identification:_identify(src/LSLIDAR_X_ROS2-20240228) by extensions ['ignore', 'ignore_ament_install']
[2.351s] Level 1:colcon.colcon_core.package_identification:_identify(src/LSLIDAR_X_ROS2-20240228) by extension 'ignore'
[2.351s] Level 1:colcon.colcon_core.package_identification:_identify(src/LSLIDAR_X_ROS2-20240228) by extension 'ignore_ament_install'
[2.352s] Level 1:colcon.colcon_core.package_identification:_identify(src/LSLIDAR_X_ROS2-20240228) by extensions ['colcon_pkg']
[2.352s] Level 1:colcon.colcon_core.package_identification:_identify(src/LSLIDAR_X_ROS2-20240228) by extension 'colcon_pkg'
[2.352s] Level 1:colcon.colcon_core.package_identification:_identify(src/LSLIDAR_X_ROS2-20240228) by extensions ['colcon_meta']
[2.352s] Level 1:colcon.colcon_core.package_identification:_identify(src/LSLIDAR_X_ROS2-20240228) by extension 'colcon_meta'
[2.353s] Level 1:colcon.colcon_core.package_identification:_identify(src/LSLIDAR_X_ROS2-20240228) by extensions ['ros']
[2.353s] Level 1:colcon.colcon_core.package_identification:_identify(src/LSLIDAR_X_ROS2-20240228) by extension 'ros'
[2.353s] Level 1:colcon.colcon_core.package_identification:_identify(src/LSLIDAR_X_ROS2-20240228) by extensions ['cmake', 'python']
[2.354s] Level 1:colcon.colcon_core.package_identification:_identify(src/LSLIDAR_X_ROS2-20240228) by extension 'cmake'
[2.354s] Level 1:colcon.colcon_core.package_identification:_identify(src/LSLIDAR_X_ROS2-20240228) by extension 'python'
[2.354s] Level 1:colcon.colcon_core.package_identification:_identify(src/LSLIDAR_X_ROS2-20240228) by extensions ['python_setup_py']
[2.354s] Level 1:colcon.colcon_core.package_identification:_identify(src/LSLIDAR_X_ROS2-20240228) by extension 'python_setup_py'
[2.355s] Level 1:colcon.colcon_core.package_identification:_identify(src/LSLIDAR_X_ROS2-20240228/src) by extensions ['ignore', 'ignore_ament_install']
[2.355s] Level 1:colcon.colcon_core.package_identification:_identify(src/LSLIDAR_X_ROS2-20240228/src) by extension 'ignore'
[2.356s] Level 1:colcon.colcon_core.package_identification:_identify(src/LSLIDAR_X_ROS2-20240228/src) by extension 'ignore_ament_install'
[2.356s] Level 1:colcon.colcon_core.package_identification:_identify(src/LSLIDAR_X_ROS2-20240228/src) by extensions ['colcon_pkg']
[2.356s] Level 1:colcon.colcon_core.package_identification:_identify(src/LSLIDAR_X_ROS2-20240228/src) by extension 'colcon_pkg'
[2.356s] Level 1:colcon.colcon_core.package_identification:_identify(src/LSLIDAR_X_ROS2-20240228/src) by extensions ['colcon_meta']
[2.357s] Level 1:colcon.colcon_core.package_identification:_identify(src/LSLIDAR_X_ROS2-20240228/src) by extension 'colcon_meta'
[2.357s] Level 1:colcon.colcon_core.package_identification:_identify(src/LSLIDAR_X_ROS2-20240228/src) by extensions ['ros']
[2.357s] Level 1:colcon.colcon_core.package_identification:_identify(src/LSLIDAR_X_ROS2-20240228/src) by extension 'ros'
[2.358s] Level 1:colcon.colcon_core.package_identification:_identify(src/LSLIDAR_X_ROS2-20240228/src) by extensions ['cmake', 'python']
[2.358s] Level 1:colcon.colcon_core.package_identification:_identify(src/LSLIDAR_X_ROS2-20240228/src) by extension 'cmake'
[2.358s] Level 1:colcon.colcon_core.package_identification:_identify(src/LSLIDAR_X_ROS2-20240228/src) by extension 'python'
[2.358s] Level 1:colcon.colcon_core.package_identification:_identify(src/LSLIDAR_X_ROS2-20240228/src) by extensions ['python_setup_py']
[2.358s] Level 1:colcon.colcon_core.package_identification:_identify(src/LSLIDAR_X_ROS2-20240228/src) by extension 'python_setup_py'
[2.359s] Level 1:colcon.colcon_core.package_identification:_identify(src/LSLIDAR_X_ROS2-20240228/src/lslidar_driver) by extensions ['ignore', 'ignore_ament_install']
[2.359s] Level 1:colcon.colcon_core.package_identification:_identify(src/LSLIDAR_X_ROS2-20240228/src/lslidar_driver) by extension 'ignore'
[2.360s] Level 1:colcon.colcon_core.package_identification:_identify(src/LSLIDAR_X_ROS2-20240228/src/lslidar_driver) by extension 'ignore_ament_install'
[2.360s] Level 1:colcon.colcon_core.package_identification:_identify(src/LSLIDAR_X_ROS2-20240228/src/lslidar_driver) by extensions ['colcon_pkg']
[2.360s] Level 1:colcon.colcon_core.package_identification:_identify(src/LSLIDAR_X_ROS2-20240228/src/lslidar_driver) by extension 'colcon_pkg'
[2.360s] Level 1:colcon.colcon_core.package_identification:_identify(src/LSLIDAR_X_ROS2-20240228/src/lslidar_driver) by extensions ['colcon_meta']
[2.361s] Level 1:colcon.colcon_core.package_identification:_identify(src/LSLIDAR_X_ROS2-20240228/src/lslidar_driver) by extension 'colcon_meta'
[2.361s] Level 1:colcon.colcon_core.package_identification:_identify(src/LSLIDAR_X_ROS2-20240228/src/lslidar_driver) by extensions ['ros']
[2.361s] Level 1:colcon.colcon_core.package_identification:_identify(src/LSLIDAR_X_ROS2-20240228/src/lslidar_driver) by extension 'ros'
[2.378s] DEBUG:colcon.colcon_core.package_identification:Package 'src/LSLIDAR_X_ROS2-20240228/src/lslidar_driver' with type 'ros.ament_cmake' and name 'lslidar_driver'
[2.379s] Level 1:colcon.colcon_core.package_identification:_identify(src/LSLIDAR_X_ROS2-20240228/src/lslidar_msgs) by extensions ['ignore', 'ignore_ament_install']
[2.380s] Level 1:colcon.colcon_core.package_identification:_identify(src/LSLIDAR_X_ROS2-20240228/src/lslidar_msgs) by extension 'ignore'
[2.380s] Level 1:colcon.colcon_core.package_identification:_identify(src/LSLIDAR_X_ROS2-20240228/src/lslidar_msgs) by extension 'ignore_ament_install'
[2.381s] Level 1:colcon.colcon_core.package_identification:_identify(src/LSLIDAR_X_ROS2-20240228/src/lslidar_msgs) by extensions ['colcon_pkg']
[2.381s] Level 1:colcon.colcon_core.package_identification:_identify(src/LSLIDAR_X_ROS2-20240228/src/lslidar_msgs) by extension 'colcon_pkg'
[2.381s] Level 1:colcon.colcon_core.package_identification:_identify(src/LSLIDAR_X_ROS2-20240228/src/lslidar_msgs) by extensions ['colcon_meta']
[2.381s] Level 1:colcon.colcon_core.package_identification:_identify(src/LSLIDAR_X_ROS2-20240228/src/lslidar_msgs) by extension 'colcon_meta'
[2.382s] Level 1:colcon.colcon_core.package_identification:_identify(src/LSLIDAR_X_ROS2-20240228/src/lslidar_msgs) by extensions ['ros']
[2.382s] Level 1:colcon.colcon_core.package_identification:_identify(src/LSLIDAR_X_ROS2-20240228/src/lslidar_msgs) by extension 'ros'
[2.387s] DEBUG:colcon.colcon_core.package_identification:Package 'src/LSLIDAR_X_ROS2-20240228/src/lslidar_msgs' with type 'ros.ament_cmake' and name 'lslidar_msgs'
[2.387s] Level 1:colcon.colcon_core.package_identification:_identify(src/config) by extensions ['ignore', 'ignore_ament_install']
[2.388s] Level 1:colcon.colcon_core.package_identification:_identify(src/config) by extension 'ignore'
[2.388s] Level 1:colcon.colcon_core.package_identification:_identify(src/config) by extension 'ignore_ament_install'
[2.388s] Level 1:colcon.colcon_core.package_identification:_identify(src/config) by extensions ['colcon_pkg']
[2.388s] Level 1:colcon.colcon_core.package_identification:_identify(src/config) by extension 'colcon_pkg'
[2.389s] Level 1:colcon.colcon_core.package_identification:_identify(src/config) by extensions ['colcon_meta']
[2.389s] Level 1:colcon.colcon_core.package_identification:_identify(src/config) by extension 'colcon_meta'
[2.389s] Level 1:colcon.colcon_core.package_identification:_identify(src/config) by extensions ['ros']
[2.389s] Level 1:colcon.colcon_core.package_identification:_identify(src/config) by extension 'ros'
[2.390s] Level 1:colcon.colcon_core.package_identification:_identify(src/config) by extensions ['cmake', 'python']
[2.390s] Level 1:colcon.colcon_core.package_identification:_identify(src/config) by extension 'cmake'
[2.390s] Level 1:colcon.colcon_core.package_identification:_identify(src/config) by extension 'python'
[2.391s] Level 1:colcon.colcon_core.package_identification:_identify(src/config) by extensions ['python_setup_py']
[2.391s] Level 1:colcon.colcon_core.package_identification:_identify(src/config) by extension 'python_setup_py'
[2.391s] Level 1:colcon.colcon_core.package_identification:_identify(src/origincar) by extensions ['ignore', 'ignore_ament_install']
[2.392s] Level 1:colcon.colcon_core.package_identification:_identify(src/origincar) by extension 'ignore'
[2.392s] Level 1:colcon.colcon_core.package_identification:_identify(src/origincar) by extension 'ignore_ament_install'
[2.393s] Level 1:colcon.colcon_core.package_identification:_identify(src/origincar) by extensions ['colcon_pkg']
[2.393s] Level 1:colcon.colcon_core.package_identification:_identify(src/origincar) by extension 'colcon_pkg'
[2.393s] Level 1:colcon.colcon_core.package_identification:_identify(src/origincar) by extensions ['colcon_meta']
[2.393s] Level 1:colcon.colcon_core.package_identification:_identify(src/origincar) by extension 'colcon_meta'
[2.394s] Level 1:colcon.colcon_core.package_identification:_identify(src/origincar) by extensions ['ros']
[2.394s] Level 1:colcon.colcon_core.package_identification:_identify(src/origincar) by extension 'ros'
[2.394s] Level 1:colcon.colcon_core.package_identification:_identify(src/origincar) by extensions ['cmake', 'python']
[2.395s] Level 1:colcon.colcon_core.package_identification:_identify(src/origincar) by extension 'cmake'
[2.395s] Level 1:colcon.colcon_core.package_identification:_identify(src/origincar) by extension 'python'
[2.395s] Level 1:colcon.colcon_core.package_identification:_identify(src/origincar) by extensions ['python_setup_py']
[2.395s] Level 1:colcon.colcon_core.package_identification:_identify(src/origincar) by extension 'python_setup_py'
[2.396s] Level 1:colcon.colcon_core.package_identification:_identify(src/origincar/3rdparty) by extensions ['ignore', 'ignore_ament_install']
[2.396s] Level 1:colcon.colcon_core.package_identification:_identify(src/origincar/3rdparty) by extension 'ignore'
[2.397s] Level 1:colcon.colcon_core.package_identification:_identify(src/origincar/3rdparty) by extension 'ignore_ament_install'
[2.397s] Level 1:colcon.colcon_core.package_identification:_identify(src/origincar/3rdparty) by extensions ['colcon_pkg']
[2.397s] Level 1:colcon.colcon_core.package_identification:_identify(src/origincar/3rdparty) by extension 'colcon_pkg'
[2.398s] Level 1:colcon.colcon_core.package_identification:_identify(src/origincar/3rdparty) by extensions ['colcon_meta']
[2.398s] Level 1:colcon.colcon_core.package_identification:_identify(src/origincar/3rdparty) by extension 'colcon_meta'
[2.398s] Level 1:colcon.colcon_core.package_identification:_identify(src/origincar/3rdparty) by extensions ['ros']
[2.398s] Level 1:colcon.colcon_core.package_identification:_identify(src/origincar/3rdparty) by extension 'ros'
[2.399s] Level 1:colcon.colcon_core.package_identification:_identify(src/origincar/3rdparty) by extensions ['cmake', 'python']
[2.399s] Level 1:colcon.colcon_core.package_identification:_identify(src/origincar/3rdparty) by extension 'cmake'
[2.399s] Level 1:colcon.colcon_core.package_identification:_identify(src/origincar/3rdparty) by extension 'python'
[2.399s] Level 1:colcon.colcon_core.package_identification:_identify(src/origincar/3rdparty) by extensions ['python_setup_py']
[2.400s] Level 1:colcon.colcon_core.package_identification:_identify(src/origincar/3rdparty) by extension 'python_setup_py'
[2.400s] Level 1:colcon.colcon_core.package_identification:_identify(src/origincar/3rdparty/ackermann_msgs-ros2) by extensions ['ignore', 'ignore_ament_install']
[2.401s] Level 1:colcon.colcon_core.package_identification:_identify(src/origincar/3rdparty/ackermann_msgs-ros2) by extension 'ignore'
[2.401s] Level 1:colcon.colcon_core.package_identification:_identify(src/origincar/3rdparty/ackermann_msgs-ros2) by extension 'ignore_ament_install'
[2.401s] Level 1:colcon.colcon_core.package_identification:_identify(src/origincar/3rdparty/ackermann_msgs-ros2) by extensions ['colcon_pkg']
[2.401s] Level 1:colcon.colcon_core.package_identification:_identify(src/origincar/3rdparty/ackermann_msgs-ros2) by extension 'colcon_pkg'
[2.402s] Level 1:colcon.colcon_core.package_identification:_identify(src/origincar/3rdparty/ackermann_msgs-ros2) by extensions ['colcon_meta']
[2.402s] Level 1:colcon.colcon_core.package_identification:_identify(src/origincar/3rdparty/ackermann_msgs-ros2) by extension 'colcon_meta'
[2.402s] Level 1:colcon.colcon_core.package_identification:_identify(src/origincar/3rdparty/ackermann_msgs-ros2) by extensions ['ros']
[2.402s] Level 1:colcon.colcon_core.package_identification:_identify(src/origincar/3rdparty/ackermann_msgs-ros2) by extension 'ros'
[2.407s] DEBUG:colcon.colcon_core.package_identification:Package 'src/origincar/3rdparty/ackermann_msgs-ros2' with type 'ros.ament_cmake' and name 'ackermann_msgs'
[2.407s] Level 1:colcon.colcon_core.package_identification:_identify(src/origincar/3rdparty/aurora930) by extensions ['ignore', 'ignore_ament_install']
[2.408s] Level 1:colcon.colcon_core.package_identification:_identify(src/origincar/3rdparty/aurora930) by extension 'ignore'
[2.408s] Level 1:colcon.colcon_core.package_identification:_identify(src/origincar/3rdparty/aurora930) by extension 'ignore_ament_install'
[2.409s] Level 1:colcon.colcon_core.package_identification:_identify(src/origincar/3rdparty/aurora930) by extensions ['colcon_pkg']
[2.409s] Level 1:colcon.colcon_core.package_identification:_identify(src/origincar/3rdparty/aurora930) by extension 'colcon_pkg'
[2.409s] Level 1:colcon.colcon_core.package_identification:_identify(src/origincar/3rdparty/aurora930) by extensions ['colcon_meta']
[2.409s] Level 1:colcon.colcon_core.package_identification:_identify(src/origincar/3rdparty/aurora930) by extension 'colcon_meta'
[2.410s] Level 1:colcon.colcon_core.package_identification:_identify(src/origincar/3rdparty/aurora930) by extensions ['ros']
[2.410s] Level 1:colcon.colcon_core.package_identification:_identify(src/origincar/3rdparty/aurora930) by extension 'ros'
[2.410s] Level 1:colcon.colcon_core.package_identification:_identify(src/origincar/3rdparty/aurora930) by extensions ['cmake', 'python']
[2.411s] Level 1:colcon.colcon_core.package_identification:_identify(src/origincar/3rdparty/aurora930) by extension 'cmake'
[2.411s] Level 1:colcon.colcon_core.package_identification:_identify(src/origincar/3rdparty/aurora930) by extension 'python'
[2.411s] Level 1:colcon.colcon_core.package_identification:_identify(src/origincar/3rdparty/aurora930) by extensions ['python_setup_py']
[2.411s] Level 1:colcon.colcon_core.package_identification:_identify(src/origincar/3rdparty/aurora930) by extension 'python_setup_py'
[2.412s] Level 1:colcon.colcon_core.package_identification:_identify(src/origincar/3rdparty/serial_ros2) by extensions ['ignore', 'ignore_ament_install']
[2.412s] Level 1:colcon.colcon_core.package_identification:_identify(src/origincar/3rdparty/serial_ros2) by extension 'ignore'
[2.413s] Level 1:colcon.colcon_core.package_identification:_identify(src/origincar/3rdparty/serial_ros2) by extension 'ignore_ament_install'
[2.413s] Level 1:colcon.colcon_core.package_identification:_identify(src/origincar/3rdparty/serial_ros2) by extensions ['colcon_pkg']
[2.413s] Level 1:colcon.colcon_core.package_identification:_identify(src/origincar/3rdparty/serial_ros2) by extension 'colcon_pkg'
[2.414s] Level 1:colcon.colcon_core.package_identification:_identify(src/origincar/3rdparty/serial_ros2) by extensions ['colcon_meta']
[2.414s] Level 1:colcon.colcon_core.package_identification:_identify(src/origincar/3rdparty/serial_ros2) by extension 'colcon_meta'
[2.414s] Level 1:colcon.colcon_core.package_identification:_identify(src/origincar/3rdparty/serial_ros2) by extensions ['ros']
[2.414s] Level 1:colcon.colcon_core.package_identification:_identify(src/origincar/3rdparty/serial_ros2) by extension 'ros'
[2.419s] DEBUG:colcon.colcon_core.package_identification:Package 'src/origincar/3rdparty/serial_ros2' with type 'ros.ament_cmake' and name 'serial'
[2.420s] Level 1:colcon.colcon_core.package_identification:_identify(src/origincar/line_follower_pkg) by extensions ['ignore', 'ignore_ament_install']
[2.421s] Level 1:colcon.colcon_core.package_identification:_identify(src/origincar/line_follower_pkg) by extension 'ignore'
[2.421s] Level 1:colcon.colcon_core.package_identification:_identify(src/origincar/line_follower_pkg) by extension 'ignore_ament_install'
[2.421s] Level 1:colcon.colcon_core.package_identification:_identify(src/origincar/line_follower_pkg) by extensions ['colcon_pkg']
[2.421s] Level 1:colcon.colcon_core.package_identification:_identify(src/origincar/line_follower_pkg) by extension 'colcon_pkg'
[2.422s] Level 1:colcon.colcon_core.package_identification:_identify(src/origincar/line_follower_pkg) by extensions ['colcon_meta']
[2.422s] Level 1:colcon.colcon_core.package_identification:_identify(src/origincar/line_follower_pkg) by extension 'colcon_meta'
[2.422s] Level 1:colcon.colcon_core.package_identification:_identify(src/origincar/line_follower_pkg) by extensions ['ros']
[2.422s] Level 1:colcon.colcon_core.package_identification:_identify(src/origincar/line_follower_pkg) by extension 'ros'
[2.428s] DEBUG:colcon.colcon_core.package_identification:Package 'src/origincar/line_follower_pkg' with type 'ros.ament_python' and name 'line_follower_pkg'
[2.428s] Level 1:colcon.colcon_core.package_identification:_identify(src/origincar/origincar_base) by extensions ['ignore', 'ignore_ament_install']
[2.429s] Level 1:colcon.colcon_core.package_identification:_identify(src/origincar/origincar_base) by extension 'ignore'
[2.429s] Level 1:colcon.colcon_core.package_identification:_identify(src/origincar/origincar_base) by extension 'ignore_ament_install'
[2.430s] Level 1:colcon.colcon_core.package_identification:_identify(src/origincar/origincar_base) by extensions ['colcon_pkg']
[2.430s] Level 1:colcon.colcon_core.package_identification:_identify(src/origincar/origincar_base) by extension 'colcon_pkg'
[2.430s] Level 1:colcon.colcon_core.package_identification:_identify(src/origincar/origincar_base) by extensions ['colcon_meta']
[2.430s] Level 1:colcon.colcon_core.package_identification:_identify(src/origincar/origincar_base) by extension 'colcon_meta'
[2.430s] Level 1:colcon.colcon_core.package_identification:_identify(src/origincar/origincar_base) by extensions ['ros']
[2.431s] Level 1:colcon.colcon_core.package_identification:_identify(src/origincar/origincar_base) by extension 'ros'
[2.444s] DEBUG:colcon.colcon_core.package_identification:Package 'src/origincar/origincar_base' with type 'ros.ament_cmake' and name 'origincar_base'
[2.445s] Level 1:colcon.colcon_core.package_identification:_identify(src/origincar/origincar_bringup) by extensions ['ignore', 'ignore_ament_install']
[2.445s] Level 1:colcon.colcon_core.package_identification:_identify(src/origincar/origincar_bringup) by extension 'ignore'
[2.446s] Level 1:colcon.colcon_core.package_identification:_identify(src/origincar/origincar_bringup) by extension 'ignore_ament_install'
[2.446s] Level 1:colcon.colcon_core.package_identification:_identify(src/origincar/origincar_bringup) by extensions ['colcon_pkg']
[2.446s] Level 1:colcon.colcon_core.package_identification:_identify(src/origincar/origincar_bringup) by extension 'colcon_pkg'
[2.447s] Level 1:colcon.colcon_core.package_identification:_identify(src/origincar/origincar_bringup) by extensions ['colcon_meta']
[2.447s] Level 1:colcon.colcon_core.package_identification:_identify(src/origincar/origincar_bringup) by extension 'colcon_meta'
[2.447s] Level 1:colcon.colcon_core.package_identification:_identify(src/origincar/origincar_bringup) by extensions ['ros']
[2.447s] Level 1:colcon.colcon_core.package_identification:_identify(src/origincar/origincar_bringup) by extension 'ros'
[2.453s] DEBUG:colcon.colcon_core.package_identification:Package 'src/origincar/origincar_bringup' with type 'ros.ament_cmake' and name 'origincar_bringup'
[2.454s] Level 1:colcon.colcon_core.package_identification:_identify(src/origincar/origincar_description) by extensions ['ignore', 'ignore_ament_install']
[2.454s] Level 1:colcon.colcon_core.package_identification:_identify(src/origincar/origincar_description) by extension 'ignore'
[2.454s] Level 1:colcon.colcon_core.package_identification:_identify(src/origincar/origincar_description) by extension 'ignore_ament_install'
[2.455s] Level 1:colcon.colcon_core.package_identification:_identify(src/origincar/origincar_description) by extensions ['colcon_pkg']
[2.455s] Level 1:colcon.colcon_core.package_identification:_identify(src/origincar/origincar_description) by extension 'colcon_pkg'
[2.455s] Level 1:colcon.colcon_core.package_identification:_identify(src/origincar/origincar_description) by extensions ['colcon_meta']
[2.455s] Level 1:colcon.colcon_core.package_identification:_identify(src/origincar/origincar_description) by extension 'colcon_meta'
[2.456s] Level 1:colcon.colcon_core.package_identification:_identify(src/origincar/origincar_description) by extensions ['ros']
[2.456s] Level 1:colcon.colcon_core.package_identification:_identify(src/origincar/origincar_description) by extension 'ros'
[2.460s] DEBUG:colcon.colcon_core.package_identification:Package 'src/origincar/origincar_description' with type 'ros.ament_cmake' and name 'origincar_description'
[2.461s] Level 1:colcon.colcon_core.package_identification:_identify(src/origincar/origincar_msg) by extensions ['ignore', 'ignore_ament_install']
[2.461s] Level 1:colcon.colcon_core.package_identification:_identify(src/origincar/origincar_msg) by extension 'ignore'
[2.462s] Level 1:colcon.colcon_core.package_identification:_identify(src/origincar/origincar_msg) by extension 'ignore_ament_install'
[2.462s] Level 1:colcon.colcon_core.package_identification:_identify(src/origincar/origincar_msg) by extensions ['colcon_pkg']
[2.462s] Level 1:colcon.colcon_core.package_identification:_identify(src/origincar/origincar_msg) by extension 'colcon_pkg'
[2.463s] Level 1:colcon.colcon_core.package_identification:_identify(src/origincar/origincar_msg) by extensions ['colcon_meta']
[2.463s] Level 1:colcon.colcon_core.package_identification:_identify(src/origincar/origincar_msg) by extension 'colcon_meta'
[2.463s] Level 1:colcon.colcon_core.package_identification:_identify(src/origincar/origincar_msg) by extensions ['ros']
[2.463s] Level 1:colcon.colcon_core.package_identification:_identify(src/origincar/origincar_msg) by extension 'ros'
[2.467s] DEBUG:colcon.colcon_core.package_identification:Package 'src/origincar/origincar_msg' with type 'ros.ament_cmake' and name 'origincar_msg'
[2.467s] Level 1:colcon.colcon_core.package_identification:_identify(src/origincar/utils) by extensions ['ignore', 'ignore_ament_install']
[2.468s] Level 1:colcon.colcon_core.package_identification:_identify(src/origincar/utils) by extension 'ignore'
[2.468s] Level 1:colcon.colcon_core.package_identification:_identify(src/origincar/utils) by extension 'ignore_ament_install'
[2.469s] Level 1:colcon.colcon_core.package_identification:_identify(src/origincar/utils) by extensions ['colcon_pkg']
[2.469s] Level 1:colcon.colcon_core.package_identification:_identify(src/origincar/utils) by extension 'colcon_pkg'
[2.469s] Level 1:colcon.colcon_core.package_identification:_identify(src/origincar/utils) by extensions ['colcon_meta']
[2.469s] Level 1:colcon.colcon_core.package_identification:_identify(src/origincar/utils) by extension 'colcon_meta'
[2.470s] Level 1:colcon.colcon_core.package_identification:_identify(src/origincar/utils) by extensions ['ros']
[2.470s] Level 1:colcon.colcon_core.package_identification:_identify(src/origincar/utils) by extension 'ros'
[2.475s] DEBUG:colcon.colcon_core.package_identification:Package 'src/origincar/utils' with type 'ros.ament_cmake' and name 'utils'
[2.475s] Level 1:colcon.colcon_core.package_identification:_identify(src/racing) by extensions ['ignore', 'ignore_ament_install']
[2.476s] Level 1:colcon.colcon_core.package_identification:_identify(src/racing) by extension 'ignore'
[2.476s] Level 1:colcon.colcon_core.package_identification:_identify(src/racing) by extension 'ignore_ament_install'
[2.476s] Level 1:colcon.colcon_core.package_identification:_identify(src/racing) by extensions ['colcon_pkg']
[2.477s] Level 1:colcon.colcon_core.package_identification:_identify(src/racing) by extension 'colcon_pkg'
[2.477s] Level 1:colcon.colcon_core.package_identification:_identify(src/racing) by extensions ['colcon_meta']
[2.477s] Level 1:colcon.colcon_core.package_identification:_identify(src/racing) by extension 'colcon_meta'
[2.477s] Level 1:colcon.colcon_core.package_identification:_identify(src/racing) by extensions ['ros']
[2.478s] Level 1:colcon.colcon_core.package_identification:_identify(src/racing) by extension 'ros'
[2.478s] Level 1:colcon.colcon_core.package_identification:_identify(src/racing) by extensions ['cmake', 'python']
[2.478s] Level 1:colcon.colcon_core.package_identification:_identify(src/racing) by extension 'cmake'
[2.478s] Level 1:colcon.colcon_core.package_identification:_identify(src/racing) by extension 'python'
[2.479s] Level 1:colcon.colcon_core.package_identification:_identify(src/racing) by extensions ['python_setup_py']
[2.479s] Level 1:colcon.colcon_core.package_identification:_identify(src/racing) by extension 'python_setup_py'
[2.480s] Level 1:colcon.colcon_core.package_identification:_identify(src/racing/bno055-main) by extensions ['ignore', 'ignore_ament_install']
[2.480s] Level 1:colcon.colcon_core.package_identification:_identify(src/racing/bno055-main) by extension 'ignore'
[2.480s] Level 1:colcon.colcon_core.package_identification:_identify(src/racing/bno055-main) by extension 'ignore_ament_install'
[2.481s] Level 1:colcon.colcon_core.package_identification:_identify(src/racing/bno055-main) by extensions ['colcon_pkg']
[2.481s] Level 1:colcon.colcon_core.package_identification:_identify(src/racing/bno055-main) by extension 'colcon_pkg'
[2.481s] Level 1:colcon.colcon_core.package_identification:_identify(src/racing/bno055-main) by extensions ['colcon_meta']
[2.481s] Level 1:colcon.colcon_core.package_identification:_identify(src/racing/bno055-main) by extension 'colcon_meta'
[2.482s] Level 1:colcon.colcon_core.package_identification:_identify(src/racing/bno055-main) by extensions ['ros']
[2.482s] Level 1:colcon.colcon_core.package_identification:_identify(src/racing/bno055-main) by extension 'ros'
[2.487s] DEBUG:colcon.colcon_core.package_identification:Package 'src/racing/bno055-main' with type 'ros.ament_python' and name 'bno055'
[2.488s] Level 1:colcon.colcon_core.package_identification:_identify(src/racing/qr_scanner) by extensions ['ignore', 'ignore_ament_install']
[2.488s] Level 1:colcon.colcon_core.package_identification:_identify(src/racing/qr_scanner) by extension 'ignore'
[2.488s] Level 1:colcon.colcon_core.package_identification:_identify(src/racing/qr_scanner) by extension 'ignore_ament_install'
[2.489s] Level 1:colcon.colcon_core.package_identification:_identify(src/racing/qr_scanner) by extensions ['colcon_pkg']
[2.489s] Level 1:colcon.colcon_core.package_identification:_identify(src/racing/qr_scanner) by extension 'colcon_pkg'
[2.489s] Level 1:colcon.colcon_core.package_identification:_identify(src/racing/qr_scanner) by extensions ['colcon_meta']
[2.489s] Level 1:colcon.colcon_core.package_identification:_identify(src/racing/qr_scanner) by extension 'colcon_meta'
[2.490s] Level 1:colcon.colcon_core.package_identification:_identify(src/racing/qr_scanner) by extensions ['ros']
[2.490s] Level 1:colcon.colcon_core.package_identification:_identify(src/racing/qr_scanner) by extension 'ros'
[2.497s] DEBUG:colcon.colcon_core.package_identification:Package 'src/racing/qr_scanner' with type 'ros.ament_python' and name 'qr_scanner'
[2.498s] Level 1:colcon.colcon_core.package_identification:_identify(src/racing/racing_bringup) by extensions ['ignore', 'ignore_ament_install']
[2.498s] Level 1:colcon.colcon_core.package_identification:_identify(src/racing/racing_bringup) by extension 'ignore'
[2.498s] Level 1:colcon.colcon_core.package_identification:_identify(src/racing/racing_bringup) by extension 'ignore_ament_install'
[2.499s] Level 1:colcon.colcon_core.package_identification:_identify(src/racing/racing_bringup) by extensions ['colcon_pkg']
[2.499s] Level 1:colcon.colcon_core.package_identification:_identify(src/racing/racing_bringup) by extension 'colcon_pkg'
[2.499s] Level 1:colcon.colcon_core.package_identification:_identify(src/racing/racing_bringup) by extensions ['colcon_meta']
[2.499s] Level 1:colcon.colcon_core.package_identification:_identify(src/racing/racing_bringup) by extension 'colcon_meta'
[2.500s] Level 1:colcon.colcon_core.package_identification:_identify(src/racing/racing_bringup) by extensions ['ros']
[2.500s] Level 1:colcon.colcon_core.package_identification:_identify(src/racing/racing_bringup) by extension 'ros'
[2.507s] DEBUG:colcon.colcon_core.package_identification:Package 'src/racing/racing_bringup' with type 'ros.ament_python' and name 'racing_bringup'
[2.508s] Level 1:colcon.colcon_core.package_identification:_identify(src/racing/racing_stage1) by extensions ['ignore', 'ignore_ament_install']
[2.508s] Level 1:colcon.colcon_core.package_identification:_identify(src/racing/racing_stage1) by extension 'ignore'
[2.509s] Level 1:colcon.colcon_core.package_identification:_identify(src/racing/racing_stage1) by extension 'ignore_ament_install'
[2.509s] Level 1:colcon.colcon_core.package_identification:_identify(src/racing/racing_stage1) by extensions ['colcon_pkg']
[2.509s] Level 1:colcon.colcon_core.package_identification:_identify(src/racing/racing_stage1) by extension 'colcon_pkg'
[2.510s] Level 1:colcon.colcon_core.package_identification:_identify(src/racing/racing_stage1) by extensions ['colcon_meta']
[2.510s] Level 1:colcon.colcon_core.package_identification:_identify(src/racing/racing_stage1) by extension 'colcon_meta'
[2.510s] Level 1:colcon.colcon_core.package_identification:_identify(src/racing/racing_stage1) by extensions ['ros']
[2.510s] Level 1:colcon.colcon_core.package_identification:_identify(src/racing/racing_stage1) by extension 'ros'
[2.517s] DEBUG:colcon.colcon_core.package_identification:Package 'src/racing/racing_stage1' with type 'ros.ament_python' and name 'racing_stage1'
[2.517s] Level 1:colcon.colcon_core.package_identification:_identify(src/racing/racing_stage2) by extensions ['ignore', 'ignore_ament_install']
[2.518s] Level 1:colcon.colcon_core.package_identification:_identify(src/racing/racing_stage2) by extension 'ignore'
[2.518s] Level 1:colcon.colcon_core.package_identification:_identify(src/racing/racing_stage2) by extension 'ignore_ament_install'
[2.519s] Level 1:colcon.colcon_core.package_identification:_identify(src/racing/racing_stage2) by extensions ['colcon_pkg']
[2.519s] Level 1:colcon.colcon_core.package_identification:_identify(src/racing/racing_stage2) by extension 'colcon_pkg'
[2.519s] Level 1:colcon.colcon_core.package_identification:_identify(src/racing/racing_stage2) by extensions ['colcon_meta']
[2.519s] Level 1:colcon.colcon_core.package_identification:_identify(src/racing/racing_stage2) by extension 'colcon_meta'
[2.519s] Level 1:colcon.colcon_core.package_identification:_identify(src/racing/racing_stage2) by extensions ['ros']
[2.520s] Level 1:colcon.colcon_core.package_identification:_identify(src/racing/racing_stage2) by extension 'ros'
[2.528s] DEBUG:colcon.colcon_core.package_identification:Package 'src/racing/racing_stage2' with type 'ros.ament_python' and name 'racing_stage2'
[2.529s] Level 1:colcon.colcon_core.package_identification:_identify(src/racing/racing_stage3) by extensions ['ignore', 'ignore_ament_install']
[2.529s] Level 1:colcon.colcon_core.package_identification:_identify(src/racing/racing_stage3) by extension 'ignore'
[2.529s] Level 1:colcon.colcon_core.package_identification:_identify(src/racing/racing_stage3) by extension 'ignore_ament_install'
[2.530s] Level 1:colcon.colcon_core.package_identification:_identify(src/racing/racing_stage3) by extensions ['colcon_pkg']
[2.530s] Level 1:colcon.colcon_core.package_identification:_identify(src/racing/racing_stage3) by extension 'colcon_pkg'
[2.530s] Level 1:colcon.colcon_core.package_identification:_identify(src/racing/racing_stage3) by extensions ['colcon_meta']
[2.530s] Level 1:colcon.colcon_core.package_identification:_identify(src/racing/racing_stage3) by extension 'colcon_meta'
[2.531s] Level 1:colcon.colcon_core.package_identification:_identify(src/racing/racing_stage3) by extensions ['ros']
[2.531s] Level 1:colcon.colcon_core.package_identification:_identify(src/racing/racing_stage3) by extension 'ros'
[2.536s] DEBUG:colcon.colcon_core.package_identification:Package 'src/racing/racing_stage3' with type 'ros.ament_python' and name 'racing_stage3'
[2.536s] Level 1:colcon.colcon_core.package_identification:_identify(src/racing/racing_vision_ai) by extensions ['ignore', 'ignore_ament_install']
[2.537s] Level 1:colcon.colcon_core.package_identification:_identify(src/racing/racing_vision_ai) by extension 'ignore'
[2.537s] Level 1:colcon.colcon_core.package_identification:_identify(src/racing/racing_vision_ai) by extension 'ignore_ament_install'
[2.537s] Level 1:colcon.colcon_core.package_identification:_identify(src/racing/racing_vision_ai) by extensions ['colcon_pkg']
[2.538s] Level 1:colcon.colcon_core.package_identification:_identify(src/racing/racing_vision_ai) by extension 'colcon_pkg'
[2.538s] Level 1:colcon.colcon_core.package_identification:_identify(src/racing/racing_vision_ai) by extensions ['colcon_meta']
[2.538s] Level 1:colcon.colcon_core.package_identification:_identify(src/racing/racing_vision_ai) by extension 'colcon_meta'
[2.538s] Level 1:colcon.colcon_core.package_identification:_identify(src/racing/racing_vision_ai) by extensions ['ros']
[2.539s] Level 1:colcon.colcon_core.package_identification:_identify(src/racing/racing_vision_ai) by extension 'ros'
[2.553s] DEBUG:colcon.colcon_core.package_identification:Package 'src/racing/racing_vision_ai' with type 'ros.ament_python' and name 'racing_vision_ai'
[2.554s] Level 1:colcon.colcon_core.package_identification:_identify(src/racing/simple_avoidance) by extensions ['ignore', 'ignore_ament_install']
[2.554s] Level 1:colcon.colcon_core.package_identification:_identify(src/racing/simple_avoidance) by extension 'ignore'
[2.555s] Level 1:colcon.colcon_core.package_identification:_identify(src/racing/simple_avoidance) by extension 'ignore_ament_install'
[2.555s] Level 1:colcon.colcon_core.package_identification:_identify(src/racing/simple_avoidance) by extensions ['colcon_pkg']
[2.555s] Level 1:colcon.colcon_core.package_identification:_identify(src/racing/simple_avoidance) by extension 'colcon_pkg'
[2.556s] Level 1:colcon.colcon_core.package_identification:_identify(src/racing/simple_avoidance) by extensions ['colcon_meta']
[2.556s] Level 1:colcon.colcon_core.package_identification:_identify(src/racing/simple_avoidance) by extension 'colcon_meta'
[2.556s] Level 1:colcon.colcon_core.package_identification:_identify(src/racing/simple_avoidance) by extensions ['ros']
[2.556s] Level 1:colcon.colcon_core.package_identification:_identify(src/racing/simple_avoidance) by extension 'ros'
[2.561s] DEBUG:colcon.colcon_core.package_identification:Package 'src/racing/simple_avoidance' with type 'ros.ament_python' and name 'simple_avoidance'
[2.562s] Level 1:colcon.colcon_core.package_discovery:discover_packages(recursive) using defaults
[2.562s] Level 1:colcon.colcon_core.package_discovery:discover_packages(ignore) discover
[2.562s] Level 1:colcon.colcon_core.package_discovery:discover_packages(ignore) using defaults
[2.562s] Level 1:colcon.colcon_core.package_discovery:discover_packages(path) discover
[2.563s] Level 1:colcon.colcon_core.package_discovery:discover_packages(path) using defaults
[2.805s] INFO:colcon.colcon_core.package_selection:Skipping not selected package 'ackermann_msgs' in 'src/origincar/3rdparty/ackermann_msgs-ros2'
[2.806s] INFO:colcon.colcon_core.package_selection:Skipping not selected package 'bno055' in 'src/racing/bno055-main'
[2.806s] INFO:colcon.colcon_core.package_selection:Skipping not selected package 'line_follower_pkg' in 'src/origincar/line_follower_pkg'
[2.806s] INFO:colcon.colcon_core.package_selection:Skipping not selected package 'lslidar_msgs' in 'src/LSLIDAR_X_ROS2-20240228/src/lslidar_msgs'
[2.806s] INFO:colcon.colcon_core.package_selection:Skipping not selected package 'origincar_bringup' in 'src/origincar/origincar_bringup'
[2.807s] INFO:colcon.colcon_core.package_selection:Skipping not selected package 'origincar_description' in 'src/origincar/origincar_description'
[2.807s] INFO:colcon.colcon_core.package_selection:Skipping not selected package 'origincar_msg' in 'src/origincar/origincar_msg'
[2.807s] INFO:colcon.colcon_core.package_selection:Skipping not selected package 'qr_scanner' in 'src/racing/qr_scanner'
[2.807s] INFO:colcon.colcon_core.package_selection:Skipping not selected package 'racing_stage3' in 'src/racing/racing_stage3'
[2.807s] INFO:colcon.colcon_core.package_selection:Skipping not selected package 'racing_vision_ai' in 'src/racing/racing_vision_ai'
[2.807s] INFO:colcon.colcon_core.package_selection:Skipping not selected package 'serial' in 'src/origincar/3rdparty/serial_ros2'
[2.808s] INFO:colcon.colcon_core.package_selection:Skipping not selected package 'simple_avoidance' in 'src/racing/simple_avoidance'
[2.808s] INFO:colcon.colcon_core.package_selection:Skipping not selected package 'utils' in 'src/origincar/utils'
[2.808s] INFO:colcon.colcon_core.package_selection:Skipping not selected package 'lslidar_driver' in 'src/LSLIDAR_X_ROS2-20240228/src/lslidar_driver'
[2.808s] INFO:colcon.colcon_core.package_selection:Skipping not selected package 'origincar_base' in 'src/origincar/origincar_base'
[2.808s] INFO:colcon.colcon_core.package_selection:Skipping not selected package 'racing_stage1' in 'src/racing/racing_stage1'
[2.808s] INFO:colcon.colcon_core.package_selection:Skipping not selected package 'racing_bringup' in 'src/racing/racing_bringup'
[2.812s] Level 1:colcon.colcon_core.package_discovery:discover_packages(prefix_path) check parameters
[2.812s] Level 1:colcon.colcon_core.package_discovery:discover_packages(prefix_path) discover
[2.831s] DEBUG:colcon.colcon_installed_package_information.package_discovery:Found 14 installed packages in /home/sunrise/dev_ws/install
[2.835s] DEBUG:colcon.colcon_installed_package_information.package_discovery:Found 58 installed packages in /opt/tros/humble
[2.845s] DEBUG:colcon.colcon_installed_package_information.package_discovery:Found 292 installed packages in /opt/ros/humble
[2.857s] Level 1:colcon.colcon_core.package_discovery:discover_packages(prefix_path) using defaults
[3.169s] WARNING:colcon.colcon_core.package_selection:Some selected packages are already built in one or more underlay workspaces:
	'racing_stage2' is in: /home/sunrise/dev_ws/install/racing_stage2
If a package in a merged underlay workspace is overridden and it installs headers, then all packages in the overlay must sort their include directories by workspace order. Failure to do so may result in build failures or undefined behavior at run time.
If the overridden package is used by another package in any underlay, then the overriding package in the overlay must be API and ABI compatible or undefined behavior at run time may occur.

If you understand the risks and want to override a package anyways, add the following to the command line:
	--allow-overriding racing_stage2

This may be promoted to an error in a future release of colcon-override-check.
[3.178s] Level 5:colcon.colcon_core.verb:set package 'racing_stage2' build argument 'cmake_args' from command line to 'None'
[3.178s] Level 5:colcon.colcon_core.verb:set package 'racing_stage2' build argument 'cmake_target' from command line to 'None'
[3.179s] Level 5:colcon.colcon_core.verb:set package 'racing_stage2' build argument 'cmake_target_skip_unavailable' from command line to 'False'
[3.179s] Level 5:colcon.colcon_core.verb:set package 'racing_stage2' build argument 'cmake_clean_cache' from command line to 'False'
[3.179s] Level 5:colcon.colcon_core.verb:set package 'racing_stage2' build argument 'cmake_clean_first' from command line to 'False'
[3.179s] Level 5:colcon.colcon_core.verb:set package 'racing_stage2' build argument 'cmake_force_configure' from command line to 'False'
[3.180s] Level 5:colcon.colcon_core.verb:set package 'racing_stage2' build argument 'ament_cmake_args' from command line to 'None'
[3.180s] Level 5:colcon.colcon_core.verb:set package 'racing_stage2' build argument 'catkin_cmake_args' from command line to 'None'
[3.180s] Level 5:colcon.colcon_core.verb:set package 'racing_stage2' build argument 'catkin_skip_building_tests' from command line to 'False'
[3.180s] DEBUG:colcon.colcon_core.verb:Building package 'racing_stage2' with the following arguments: {'ament_cmake_args': None, 'build_base': '/home/sunrise/dev_ws/build/racing_stage2', 'catkin_cmake_args': None, 'catkin_skip_building_tests': False, 'cmake_args': None, 'cmake_clean_cache': False, 'cmake_clean_first': False, 'cmake_force_configure': False, 'cmake_target': None, 'cmake_target_skip_unavailable': False, 'install_base': '/home/sunrise/dev_ws/install/racing_stage2', 'merge_install': False, 'path': '/home/sunrise/dev_ws/src/racing/racing_stage2', 'symlink_install': False, 'test_result_base': None}
[3.181s] INFO:colcon.colcon_core.executor:Executing jobs using 'parallel' executor
[3.186s] DEBUG:colcon.colcon_parallel_executor.executor.parallel:run_until_complete
[3.187s] INFO:colcon.colcon_ros.task.ament_python.build:Building ROS package in '/home/sunrise/dev_ws/src/racing/racing_stage2' with build type 'ament_python'
[3.188s] Level 1:colcon.colcon_core.shell:create_environment_hook('racing_stage2', 'ament_prefix_path')
[3.212s] INFO:colcon.colcon_core.plugin_system:Skipping extension 'colcon_core.shell.bat': Not used on non-Windows systems
[3.214s] INFO:colcon.colcon_core.shell:Creating environment hook '/home/sunrise/dev_ws/install/racing_stage2/share/racing_stage2/hook/ament_prefix_path.ps1'
[3.218s] INFO:colcon.colcon_core.shell:Creating environment descriptor '/home/sunrise/dev_ws/install/racing_stage2/share/racing_stage2/hook/ament_prefix_path.dsv'
[3.221s] INFO:colcon.colcon_core.shell:Creating environment hook '/home/sunrise/dev_ws/install/racing_stage2/share/racing_stage2/hook/ament_prefix_path.sh'
[3.227s] INFO:colcon.colcon_core.shell:Skip shell extension 'powershell' for command environment: Not usable outside of PowerShell
[3.227s] DEBUG:colcon.colcon_core.shell:Skip shell extension 'dsv' for command environment
[5.089s] INFO:colcon.colcon_core.task.python.build:Building Python package in '/home/sunrise/dev_ws/src/racing/racing_stage2'
[5.091s] INFO:colcon.colcon_core.shell:Skip shell extension 'powershell' for command environment: Not usable outside of PowerShell
[5.091s] DEBUG:colcon.colcon_core.shell:Skip shell extension 'dsv' for command environment
[7.697s] DEBUG:colcon.colcon_core.event_handler.log_command:Invoking command in '/home/sunrise/dev_ws/src/racing/racing_stage2': AMENT_PREFIX_PATH=/home/sunrise/dev_ws/install/racing_stage1:/home/sunrise/dev_ws/install/qr_scanner:/home/sunrise/dev_ws/install/origincar_base:/home/sunrise/dev_ws/install/serial:/home/sunrise/dev_ws/install/racing_bringup:/home/sunrise/dev_ws/install/racing_stage3:/home/sunrise/dev_ws/install/racing_stage2:/home/sunrise/dev_ws/install/origincar_msg:/home/sunrise/dev_ws/install/origincar_description:/home/sunrise/dev_ws/install/origincar_bringup:/home/sunrise/dev_ws/install/lslidar_driver:/home/sunrise/dev_ws/install/lslidar_msgs:/home/sunrise/dev_ws/install/bno055:/home/sunrise/dev_ws/install/ackermann_msgs:/opt/tros/humble:/opt/ros/humble CMAKE_PREFIX_PATH=/home/sunrise/dev_ws/install/origincar_bringup:/home/sunrise/dev_ws/install/origincar_base:/home/sunrise/dev_ws/install/serial:/home/sunrise/dev_ws/install/origincar_msg:/home/sunrise/dev_ws/install/origincar_description:/home/sunrise/dev_ws/install/lslidar_driver:/home/sunrise/dev_ws/install/lslidar_msgs:/home/sunrise/dev_ws/install/ackermann_msgs PYTHONPATH=/home/sunrise/dev_ws/build/racing_stage2/prefix_override:/usr/lib/python3/dist-packages/colcon_core/task/python/colcon_distutils_commands:/home/sunrise/dev_ws/install/racing_stage2/lib/python3.10/site-packages:/home/sunrise/dev_ws/install/racing_stage1/lib/python3.10/site-packages:/home/sunrise/dev_ws/install/qr_scanner/lib/python3.10/site-packages:/home/sunrise/dev_ws/install/origincar_base/local/lib/python3.10/dist-packages:/home/sunrise/dev_ws/install/racing_bringup/lib/python3.10/site-packages:/home/sunrise/dev_ws/install/racing_stage3/lib/python3.10/site-packages:/home/sunrise/dev_ws/install/racing_stage2/lib/python3.10/site-packages:/home/sunrise/dev_ws/install/origincar_msg/local/lib/python3.10/dist-packages:/home/sunrise/dev_ws/install/lslidar_msgs/local/lib/python3.10/dist-packages:/home/sunrise/dev_ws/install/bno055/lib/python3.10/site-packages:/home/sunrise/dev_ws/install/ackermann_msgs/local/lib/python3.10/dist-packages:/opt/tros/humble/lib/python3.10/site-packages:/opt/tros/humble/local/lib/python3.10/dist-packages:/opt/ros/humble/lib/python3.10/site-packages:/opt/ros/humble/local/lib/python3.10/dist-packages /usr/bin/python3 -W ignore:setup.py install is deprecated -W ignore:easy_install command is deprecated setup.py egg_info --egg-base ../../../build/racing_stage2 build --build-base /home/sunrise/dev_ws/build/racing_stage2/build install --record /home/sunrise/dev_ws/build/racing_stage2/install.log --single-version-externally-managed install_data
[9.795s] DEBUG:colcon.colcon_core.event_handler.log_command:Invoked command in '/home/sunrise/dev_ws/src/racing/racing_stage2' returned '0': AMENT_PREFIX_PATH=/home/sunrise/dev_ws/install/racing_stage1:/home/sunrise/dev_ws/install/qr_scanner:/home/sunrise/dev_ws/install/origincar_base:/home/sunrise/dev_ws/install/serial:/home/sunrise/dev_ws/install/racing_bringup:/home/sunrise/dev_ws/install/racing_stage3:/home/sunrise/dev_ws/install/racing_stage2:/home/sunrise/dev_ws/install/origincar_msg:/home/sunrise/dev_ws/install/origincar_description:/home/sunrise/dev_ws/install/origincar_bringup:/home/sunrise/dev_ws/install/lslidar_driver:/home/sunrise/dev_ws/install/lslidar_msgs:/home/sunrise/dev_ws/install/bno055:/home/sunrise/dev_ws/install/ackermann_msgs:/opt/tros/humble:/opt/ros/humble CMAKE_PREFIX_PATH=/home/sunrise/dev_ws/install/origincar_bringup:/home/sunrise/dev_ws/install/origincar_base:/home/sunrise/dev_ws/install/serial:/home/sunrise/dev_ws/install/origincar_msg:/home/sunrise/dev_ws/install/origincar_description:/home/sunrise/dev_ws/install/lslidar_driver:/home/sunrise/dev_ws/install/lslidar_msgs:/home/sunrise/dev_ws/install/ackermann_msgs PYTHONPATH=/home/sunrise/dev_ws/build/racing_stage2/prefix_override:/usr/lib/python3/dist-packages/colcon_core/task/python/colcon_distutils_commands:/home/sunrise/dev_ws/install/racing_stage2/lib/python3.10/site-packages:/home/sunrise/dev_ws/install/racing_stage1/lib/python3.10/site-packages:/home/sunrise/dev_ws/install/qr_scanner/lib/python3.10/site-packages:/home/sunrise/dev_ws/install/origincar_base/local/lib/python3.10/dist-packages:/home/sunrise/dev_ws/install/racing_bringup/lib/python3.10/site-packages:/home/sunrise/dev_ws/install/racing_stage3/lib/python3.10/site-packages:/home/sunrise/dev_ws/install/racing_stage2/lib/python3.10/site-packages:/home/sunrise/dev_ws/install/origincar_msg/local/lib/python3.10/dist-packages:/home/sunrise/dev_ws/install/lslidar_msgs/local/lib/python3.10/dist-packages:/home/sunrise/dev_ws/install/bno055/lib/python3.10/site-packages:/home/sunrise/dev_ws/install/ackermann_msgs/local/lib/python3.10/dist-packages:/opt/tros/humble/lib/python3.10/site-packages:/opt/tros/humble/local/lib/python3.10/dist-packages:/opt/ros/humble/lib/python3.10/site-packages:/opt/ros/humble/local/lib/python3.10/dist-packages /usr/bin/python3 -W ignore:setup.py install is deprecated -W ignore:easy_install command is deprecated setup.py egg_info --egg-base ../../../build/racing_stage2 build --build-base /home/sunrise/dev_ws/build/racing_stage2/build install --record /home/sunrise/dev_ws/build/racing_stage2/install.log --single-version-externally-managed install_data
[9.835s] Level 1:colcon.colcon_core.environment:checking '/home/sunrise/dev_ws/install/racing_stage2' for CMake module files
[9.840s] Level 1:colcon.colcon_core.environment:checking '/home/sunrise/dev_ws/install/racing_stage2' for CMake config files
[9.845s] Level 1:colcon.colcon_core.environment:checking '/home/sunrise/dev_ws/install/racing_stage2/lib'
[9.847s] Level 1:colcon.colcon_core.environment:checking '/home/sunrise/dev_ws/install/racing_stage2/bin'
[9.848s] Level 1:colcon.colcon_core.environment:checking '/home/sunrise/dev_ws/install/racing_stage2/lib/pkgconfig/racing_stage2.pc'
[9.851s] Level 1:colcon.colcon_core.environment:checking '/home/sunrise/dev_ws/install/racing_stage2/lib/python3.10/site-packages'
[9.851s] Level 1:colcon.colcon_core.shell:create_environment_hook('racing_stage2', 'pythonpath')
[9.854s] INFO:colcon.colcon_core.shell:Creating environment hook '/home/sunrise/dev_ws/install/racing_stage2/share/racing_stage2/hook/pythonpath.ps1'
[9.857s] INFO:colcon.colcon_core.shell:Creating environment descriptor '/home/sunrise/dev_ws/install/racing_stage2/share/racing_stage2/hook/pythonpath.dsv'
[9.860s] INFO:colcon.colcon_core.shell:Creating environment hook '/home/sunrise/dev_ws/install/racing_stage2/share/racing_stage2/hook/pythonpath.sh'
[9.865s] Level 1:colcon.colcon_core.environment:checking '/home/sunrise/dev_ws/install/racing_stage2/bin'
[9.865s] Level 1:colcon.colcon_core.environment:create_environment_scripts_only(racing_stage2)
[9.868s] INFO:colcon.colcon_core.shell:Creating package script '/home/sunrise/dev_ws/install/racing_stage2/share/racing_stage2/package.ps1'
[9.877s] INFO:colcon.colcon_core.shell:Creating package descriptor '/home/sunrise/dev_ws/install/racing_stage2/share/racing_stage2/package.dsv'
[9.881s] INFO:colcon.colcon_core.shell:Creating package script '/home/sunrise/dev_ws/install/racing_stage2/share/racing_stage2/package.sh'
[9.887s] INFO:colcon.colcon_core.shell:Creating package script '/home/sunrise/dev_ws/install/racing_stage2/share/racing_stage2/package.bash'
[9.896s] INFO:colcon.colcon_core.shell:Creating package script '/home/sunrise/dev_ws/install/racing_stage2/share/racing_stage2/package.zsh'
[9.903s] Level 1:colcon.colcon_core.environment:create_file_with_runtime_dependencies(/home/sunrise/dev_ws/install/racing_stage2/share/colcon-core/packages/racing_stage2)
[9.905s] DEBUG:colcon.colcon_parallel_executor.executor.parallel:closing loop
[9.906s] DEBUG:colcon.colcon_parallel_executor.executor.parallel:loop closed
[9.906s] DEBUG:colcon.colcon_parallel_executor.executor.parallel:run_until_complete finished with '0'
[9.907s] DEBUG:colcon.colcon_core.event_reactor:joining thread
[9.909s] DEBUG:colcon.colcon_core.event_reactor:joined thread
[9.910s] INFO:colcon.colcon_core.shell:Creating prefix script '/home/sunrise/dev_ws/install/local_setup.ps1'
[9.918s] INFO:colcon.colcon_core.shell:Creating prefix util module '/home/sunrise/dev_ws/install/_local_setup_util_ps1.py'
[9.930s] INFO:colcon.colcon_core.shell:Creating prefix chain script '/home/sunrise/dev_ws/install/setup.ps1'
[9.940s] INFO:colcon.colcon_core.shell:Creating prefix script '/home/sunrise/dev_ws/install/local_setup.sh'
[9.945s] INFO:colcon.colcon_core.shell:Creating prefix util module '/home/sunrise/dev_ws/install/_local_setup_util_sh.py'
[9.949s] INFO:colcon.colcon_core.shell:Creating prefix chain script '/home/sunrise/dev_ws/install/setup.sh'
[9.959s] INFO:colcon.colcon_core.shell:Creating prefix script '/home/sunrise/dev_ws/install/local_setup.bash'
[9.963s] INFO:colcon.colcon_core.shell:Creating prefix chain script '/home/sunrise/dev_ws/install/setup.bash'
[9.972s] INFO:colcon.colcon_core.shell:Creating prefix script '/home/sunrise/dev_ws/install/local_setup.zsh'
[9.976s] INFO:colcon.colcon_core.shell:Creating prefix chain script '/home/sunrise/dev_ws/install/setup.zsh'
