[4.463s] Invoking command in '/home/sunrise/dev_ws/src/racing/qr_scanner': PYTHONPATH=/home/sunrise/dev_ws/build/qr_scanner/prefix_override:/usr/lib/python3/dist-packages/colcon_core/task/python/colcon_distutils_commands:/home/sunrise/dev_ws/install/qr_scanner/lib/python3.10/site-packages:${PYTHONPATH} /usr/bin/python3 -W ignore:setup.py install is deprecated -W ignore:easy_install command is deprecated setup.py egg_info --egg-base ../../../build/qr_scanner build --build-base /home/sunrise/dev_ws/build/qr_scanner/build install --record /home/sunrise/dev_ws/build/qr_scanner/install.log --single-version-externally-managed install_data
[6.057s] running egg_info
[6.061s] writing ../../../build/qr_scanner/qr_scanner.egg-info/PKG-INFO
[6.062s] writing dependency_links to ../../../build/qr_scanner/qr_scanner.egg-info/dependency_links.txt
[6.063s] writing entry points to ../../../build/qr_scanner/qr_scanner.egg-info/entry_points.txt
[6.064s] writing requirements to ../../../build/qr_scanner/qr_scanner.egg-info/requires.txt
[6.065s] writing top-level names to ../../../build/qr_scanner/qr_scanner.egg-info/top_level.txt
[6.077s] reading manifest file '../../../build/qr_scanner/qr_scanner.egg-info/SOURCES.txt'
[6.083s] writing manifest file '../../../build/qr_scanner/qr_scanner.egg-info/SOURCES.txt'
[6.083s] running build
[6.084s] running build_py
[6.085s] running install
[6.087s] running install_lib
[6.099s] running install_data
[6.099s] copying package.xml -> /home/sunrise/dev_ws/install/qr_scanner/share/qr_scanner
[6.100s] copying launch/start_competition.launch.py -> /home/sunrise/dev_ws/install/qr_scanner/share/qr_scanner/launch
[6.101s] running install_egg_info
[6.119s] removing '/home/sunrise/dev_ws/install/qr_scanner/lib/python3.10/site-packages/qr_scanner-0.0.1-py3.10.egg-info' (and everything under it)
[6.120s] Copying ../../../build/qr_scanner/qr_scanner.egg-info to /home/sunrise/dev_ws/install/qr_scanner/lib/python3.10/site-packages/qr_scanner-0.0.1-py3.10.egg-info
[6.126s] running install_scripts
[6.238s] Installing qr_scanner script to /home/sunrise/dev_ws/install/qr_scanner/lib/qr_scanner
[6.240s] writing list of installed files to '/home/sunrise/dev_ws/build/qr_scanner/install.log'
[6.456s] Invoked command in '/home/sunrise/dev_ws/src/racing/qr_scanner' returned '0': PYTHONPATH=/home/sunrise/dev_ws/build/qr_scanner/prefix_override:/usr/lib/python3/dist-packages/colcon_core/task/python/colcon_distutils_commands:/home/sunrise/dev_ws/install/qr_scanner/lib/python3.10/site-packages:${PYTHONPATH} /usr/bin/python3 -W ignore:setup.py install is deprecated -W ignore:easy_install command is deprecated setup.py egg_info --egg-base ../../../build/qr_scanner build --build-base /home/sunrise/dev_ws/build/qr_scanner/build install --record /home/sunrise/dev_ws/build/qr_scanner/install.log --single-version-externally-managed install_data
