[0.068s] Invoking command in '/home/sunrise/dev_ws/build/origincar_bringup': CMAKE_PREFIX_PATH=${CMAKE_PREFIX_PATH}:/home/sunrise/dev_ws/install/racing_stage2:/home/sunrise/dev_ws/install/racing_stage1:/home/sunrise/dev_ws/install/qr_scanner:/home/sunrise/dev_ws/install/bno055:/opt/tros/humble:/opt/ros/humble /usr/bin/cmake --build /home/sunrise/dev_ws/build/origincar_bringup -- -j8 -l8
[0.465s] Invoked command in '/home/sunrise/dev_ws/build/origincar_bringup' returned '0': CMAKE_PREFIX_PATH=${CMAKE_PREFIX_PATH}:/home/sunrise/dev_ws/install/racing_stage2:/home/sunrise/dev_ws/install/racing_stage1:/home/sunrise/dev_ws/install/qr_scanner:/home/sunrise/dev_ws/install/bno055:/opt/tros/humble:/opt/ros/humble /usr/bin/cmake --build /home/sunrise/dev_ws/build/origincar_bringup -- -j8 -l8
[0.530s] Invoking command in '/home/sunrise/dev_ws/build/origincar_bringup': CMAKE_PREFIX_PATH=${CMAKE_PREFIX_PATH}:/home/sunrise/dev_ws/install/racing_stage2:/home/sunrise/dev_ws/install/racing_stage1:/home/sunrise/dev_ws/install/qr_scanner:/home/sunrise/dev_ws/install/bno055:/opt/tros/humble:/opt/ros/humble /usr/bin/cmake --install /home/sunrise/dev_ws/build/origincar_bringup
[0.570s] -- Install configuration: ""
[0.571s] -- Up-to-date: /home/sunrise/dev_ws/install/origincar_bringup/share/origincar_bringup/launch
[0.571s] -- Up-to-date: /home/sunrise/dev_ws/install/origincar_bringup/share/origincar_bringup/launch/origincar_bringup.launch.py
[0.572s] -- Up-to-date: /home/sunrise/dev_ws/install/origincar_bringup/share/origincar_bringup/launch/usb_websocket_display.launch.py
[0.573s] -- Installing: /home/sunrise/dev_ws/install/origincar_bringup/share/origincar_bringup/launch/nav2_competition.launch.py
[0.574s] -- Up-to-date: /home/sunrise/dev_ws/install/origincar_bringup/share/origincar_bringup/launch/bringup_launch.py
[0.574s] -- Up-to-date: /home/sunrise/dev_ws/install/origincar_bringup/share/origincar_bringup/map
[0.575s] -- Up-to-date: /home/sunrise/dev_ws/install/origincar_bringup/share/origincar_bringup/map/map.png
[0.575s] -- Up-to-date: /home/sunrise/dev_ws/install/origincar_bringup/share/origincar_bringup/map/map.yaml
[0.576s] -- Up-to-date: /home/sunrise/dev_ws/install/origincar_bringup/share/origincar_bringup/param
[0.576s] -- Up-to-date: /home/sunrise/dev_ws/install/origincar_bringup/share/origincar_bringup/param/my_nav2_params.yaml
[0.577s] -- Up-to-date: /home/sunrise/dev_ws/install/origincar_bringup/share/ament_index/resource_index/package_run_dependencies/origincar_bringup
[0.578s] -- Up-to-date: /home/sunrise/dev_ws/install/origincar_bringup/share/ament_index/resource_index/parent_prefix_path/origincar_bringup
[0.578s] -- Up-to-date: /home/sunrise/dev_ws/install/origincar_bringup/share/origincar_bringup/environment/ament_prefix_path.sh
[0.579s] -- Up-to-date: /home/sunrise/dev_ws/install/origincar_bringup/share/origincar_bringup/environment/ament_prefix_path.dsv
[0.579s] -- Up-to-date: /home/sunrise/dev_ws/install/origincar_bringup/share/origincar_bringup/environment/path.sh
[0.580s] -- Up-to-date: /home/sunrise/dev_ws/install/origincar_bringup/share/origincar_bringup/environment/path.dsv
[0.580s] -- Up-to-date: /home/sunrise/dev_ws/install/origincar_bringup/share/origincar_bringup/local_setup.bash
[0.580s] -- Up-to-date: /home/sunrise/dev_ws/install/origincar_bringup/share/origincar_bringup/local_setup.sh
[0.581s] -- Up-to-date: /home/sunrise/dev_ws/install/origincar_bringup/share/origincar_bringup/local_setup.zsh
[0.581s] -- Up-to-date: /home/sunrise/dev_ws/install/origincar_bringup/share/origincar_bringup/local_setup.dsv
[0.582s] -- Installing: /home/sunrise/dev_ws/install/origincar_bringup/share/origincar_bringup/package.dsv
[0.582s] -- Up-to-date: /home/sunrise/dev_ws/install/origincar_bringup/share/ament_index/resource_index/packages/origincar_bringup
[0.583s] -- Up-to-date: /home/sunrise/dev_ws/install/origincar_bringup/share/origincar_bringup/cmake/origincar_bringupConfig.cmake
[0.583s] -- Up-to-date: /home/sunrise/dev_ws/install/origincar_bringup/share/origincar_bringup/cmake/origincar_bringupConfig-version.cmake
[0.584s] -- Up-to-date: /home/sunrise/dev_ws/install/origincar_bringup/share/origincar_bringup/package.xml
[0.590s] Invoked command in '/home/sunrise/dev_ws/build/origincar_bringup' returned '0': CMAKE_PREFIX_PATH=${CMAKE_PREFIX_PATH}:/home/sunrise/dev_ws/install/racing_stage2:/home/sunrise/dev_ws/install/racing_stage1:/home/sunrise/dev_ws/install/qr_scanner:/home/sunrise/dev_ws/install/bno055:/opt/tros/humble:/opt/ros/humble /usr/bin/cmake --install /home/sunrise/dev_ws/build/origincar_bringup
