running egg_info
writing ../../../build/qr_scanner/qr_scanner.egg-info/PKG-INFO
writing dependency_links to ../../../build/qr_scanner/qr_scanner.egg-info/dependency_links.txt
writing entry points to ../../../build/qr_scanner/qr_scanner.egg-info/entry_points.txt
writing requirements to ../../../build/qr_scanner/qr_scanner.egg-info/requires.txt
writing top-level names to ../../../build/qr_scanner/qr_scanner.egg-info/top_level.txt
reading manifest file '../../../build/qr_scanner/qr_scanner.egg-info/SOURCES.txt'
writing manifest file '../../../build/qr_scanner/qr_scanner.egg-info/SOURCES.txt'
running build
running build_py
copying qr_scanner/stage2_inertial_navigator.py -> /home/sunrise/dev_ws/build/qr_scanner/build/lib/qr_scanner
copying qr_scanner/person_detection_node.py -> /home/sunrise/dev_ws/build/qr_scanner/build/lib/qr_scanner
copying qr_scanner/image_caption_node.py -> /home/sunrise/dev_ws/build/qr_scanner/build/lib/qr_scanner
running install
running install_lib
copying /home/sunrise/dev_ws/build/qr_scanner/build/lib/qr_scanner/stage2_inertial_navigator.py -> /home/sunrise/dev_ws/install/qr_scanner/lib/python3.10/site-packages/qr_scanner
copying /home/sunrise/dev_ws/build/qr_scanner/build/lib/qr_scanner/person_detection_node.py -> /home/sunrise/dev_ws/install/qr_scanner/lib/python3.10/site-packages/qr_scanner
copying /home/sunrise/dev_ws/build/qr_scanner/build/lib/qr_scanner/image_caption_node.py -> /home/sunrise/dev_ws/install/qr_scanner/lib/python3.10/site-packages/qr_scanner
byte-compiling /home/sunrise/dev_ws/install/qr_scanner/lib/python3.10/site-packages/qr_scanner/stage2_inertial_navigator.py to stage2_inertial_navigator.cpython-310.pyc
byte-compiling /home/sunrise/dev_ws/install/qr_scanner/lib/python3.10/site-packages/qr_scanner/person_detection_node.py to person_detection_node.cpython-310.pyc
byte-compiling /home/sunrise/dev_ws/install/qr_scanner/lib/python3.10/site-packages/qr_scanner/image_caption_node.py to image_caption_node.cpython-310.pyc
running install_data
copying package.xml -> /home/sunrise/dev_ws/install/qr_scanner/share/qr_scanner
copying launch/competition_inertial.launch.py -> /home/sunrise/dev_ws/install/qr_scanner/share/qr_scanner/launch
copying config/inertial_stage2.yaml -> /home/sunrise/dev_ws/install/qr_scanner/share/qr_scanner/config
copying config/person_detection.yaml -> /home/sunrise/dev_ws/install/qr_scanner/share/qr_scanner/config
copying config/image_caption.yaml -> /home/sunrise/dev_ws/install/qr_scanner/share/qr_scanner/config
running install_egg_info
removing '/home/sunrise/dev_ws/install/qr_scanner/lib/python3.10/site-packages/qr_scanner-0.0.1-py3.10.egg-info' (and everything under it)
Copying ../../../build/qr_scanner/qr_scanner.egg-info to /home/sunrise/dev_ws/install/qr_scanner/lib/python3.10/site-packages/qr_scanner-0.0.1-py3.10.egg-info
running install_scripts
Installing competition_controller script to /home/sunrise/dev_ws/install/qr_scanner/lib/qr_scanner
Installing image_caption_node script to /home/sunrise/dev_ws/install/qr_scanner/lib/qr_scanner
Installing person_detection_node script to /home/sunrise/dev_ws/install/qr_scanner/lib/qr_scanner
Installing qr_scanner script to /home/sunrise/dev_ws/install/qr_scanner/lib/qr_scanner
Installing stage2_inertial_navigator script to /home/sunrise/dev_ws/install/qr_scanner/lib/qr_scanner
writing list of installed files to '/home/sunrise/dev_ws/build/qr_scanner/install.log'
